
query_data: NO0; vertex_id: 7063
query_data: NO1; vertex_id: 1161
query_data: NO2; vertex_id: 2369
query_data: NO3; vertex_id: 921
query_data: NO4; vertex_id: 2046
query_data: NO5; vertex_id: 7456
query_data: NO6; vertex_id: 1154
query_data: NO7; vertex_id: 3302
query_data: NO8; vertex_id: 128
query_data: NO9; vertex_id: 1453
query_data: NO10; vertex_id: 962
query_data: NO11; vertex_id: 650
query_data: NO12; vertex_id: 1117
query_data: NO13; vertex_id: 2121
query_data: NO14; vertex_id: 712
query_data: NO15; vertex_id: 3222
query_data: NO16; vertex_id: 1788
query_data: NO17; vertex_id: 1058
query_data: NO18; vertex_id: 1566
query_data: NO19; vertex_id: 7539
query_data: NO20; vertex_id: 1985
query_data: NO21; vertex_id: 2128
query_data: NO22; vertex_id: 105
query_data: NO23; vertex_id: 518
query_data: NO24; vertex_id: 7450
query_data: NO25; vertex_id: 2782
query_data: NO26; vertex_id: 7552
query_data: NO27; vertex_id: 2823
query_data: NO28; vertex_id: 797
query_data: NO29; vertex_id: 79
query_data: NO30; vertex_id: 1415
query_data: NO31; vertex_id: 2260
query_data: NO32; vertex_id: 32
===================Deleting diameter ==================
===remove unbalanced==

quicl delete fail
cannot delete 
===================Deleting diameter ==================
===remove unbalanced==

quicl delete fail
cannot delete 
===================Deleting diameter ==================
===remove unbalanced==

quicl delete fail
cannot delete 
===================Deleting diameter ==================
===remove unbalanced==

quicl delete fail
cannot delete 
===================Deleting diameter ==================
===remove unbalanced==

quicl delete fail
cannot delete 
---calculation fail! 

query_data: NO33; vertex_id: 283
query_data: NO34; vertex_id: 2450
query_data: NO35; vertex_id: 2938
query_data: NO36; vertex_id: 189
query_data: NO37; vertex_id: 2290
query_data: NO38; vertex_id: 7589
query_data: NO39; vertex_id: 7488
query_data: NO40; vertex_id: 7491
query_data: NO41; vertex_id: 2644
query_data: NO42; vertex_id: 2341
query_data: NO43; vertex_id: 2464
query_data: NO44; vertex_id: 1409
query_data: NO45; vertex_id: 352
query_data: NO46; vertex_id: 3443
query_data: NO47; vertex_id: 2940
query_data: NO48; vertex_id: 574
query_data: NO49; vertex_id: 1695
query_data: NO50; vertex_id: 3377
query_data: NO51; vertex_id: 94
query_data: NO52; vertex_id: 2021
query_data: NO53; vertex_id: 917
query_data: NO54; vertex_id: 960
query_data: NO55; vertex_id: 168
query_data: NO56; vertex_id: 1000
query_data: NO57; vertex_id: 2050
query_data: NO58; vertex_id: 2875
query_data: NO59; vertex_id: 1397
query_data: NO60; vertex_id: 7355
query_data: NO61; vertex_id: 674
query_data: NO62; vertex_id: 587
query_data: NO63; vertex_id: 7563
query_data: NO64; vertex_id: 668
query_data: NO65; vertex_id: 1010
query_data: NO66; vertex_id: 422
query_data: NO67; vertex_id: 994
query_data: NO68; vertex_id: 1
query_data: NO69; vertex_id: 1196
query_data: NO70; vertex_id: 2525
query_data: NO71; vertex_id: 2056
query_data: NO72; vertex_id: 7410
query_data: NO73; vertex_id: 3184
query_data: NO74; vertex_id: 1256
query_data: NO75; vertex_id: 766
query_data: NO76; vertex_id: 166
query_data: NO77; vertex_id: 1017
query_data: NO78; vertex_id: 3045
query_data: NO79; vertex_id: 1126
query_data: NO80; vertex_id: 2895
query_data: NO81; vertex_id: 951
query_data: NO82; vertex_id: 1557
query_data: NO83; vertex_id: 2199
query_data: NO84; vertex_id: 3120
query_data: NO85; vertex_id: 131
query_data: NO86; vertex_id: 2519
query_data: NO87; vertex_id: 714
query_data: NO88; vertex_id: 1178
query_data: NO89; vertex_id: 45
query_data: NO90; vertex_id: 1803
query_data: NO91; vertex_id: 3389
query_data: NO92; vertex_id: 332
query_data: NO93; vertex_id: 865
query_data: NO94; vertex_id: 589
query_data: NO95; vertex_id: 1221
query_data: NO96; vertex_id: 2085
query_data: NO97; vertex_id: 306
query_data: NO98; vertex_id: 2513
query_data: NO99; vertex_id: 2958
