
query_data: NO0; vertex_id: 1024
===================Deleting diameter ==================
candidate:3
===remove unbalanced==

candidate:3
===remove unbalanced==

candidate:3
===remove unbalanced==

candidate:3
calculation success!
query_data: NO1; vertex_id: 75424
===================Deleting diameter ==================
candidate:2
calculation success!
query_data: NO2; vertex_id: 58224
===================Deleting diameter ==================
candidate:3
calculation success!
query_data: NO3; vertex_id: 22855
===================Deleting diameter ==================
candidate:4
calculation success!
query_data: NO4; vertex_id: 27564
===================Deleting diameter ==================
candidate:2
calculation success!
query_data: NO5; vertex_id: 33161
===================Deleting diameter ==================
candidate:1
calculation success!
query_data: NO6; vertex_id: 54002
===================Deleting diameter ==================
candidate:3
calculation success!
query_data: NO7; vertex_id: 107801
===================Deleting diameter ==================
candidate:3
calculation success!
query_data: NO8; vertex_id: 30459
===================Deleting diameter ==================
candidate:3
calculation success!
query_data: NO9; vertex_id: 94412
===================Deleting diameter ==================
candidate:2
calculation success!
query_data: NO10; vertex_id: 15908
===================Deleting diameter ==================
candidate:1
calculation success!
query_data: NO11; vertex_id: 107529
===================Deleting diameter ==================
candidate:3
===remove unbalanced==

candidate:3
===remove unbalanced==

candidate:3
===remove unbalanced==

candidate:3
calculation success!
query_data: NO12; vertex_id: 18215
===================Deleting diameter ==================
candidate:4
calculation success!
query_data: NO13; vertex_id: 15130
===================Deleting diameter ==================
candidate:3
===remove unbalanced==

candidate:3
calculation success!
query_data: NO14; vertex_id: 27181
===================Deleting diameter ==================
candidate:3
===remove unbalanced==

candidate:3
===remove unbalanced==

candidate:3
===remove unbalanced==

candidate:3
calculation success!
query_data: NO15; vertex_id: 107661
===================Deleting diameter ==================
candidate:2
calculation success!
query_data: NO16; vertex_id: 31847
===================Deleting diameter ==================
candidate:2
calculation success!
query_data: NO17; vertex_id: 16020
===================Deleting diameter ==================
candidate:2
calculation success!
query_data: NO18; vertex_id: 117353
===================Deleting diameter ==================
candidate:2
calculation success!
query_data: NO19; vertex_id: 8832
===================Deleting diameter ==================
candidate:2
calculation success!
query_data: NO20; vertex_id: 1294
===================Deleting diameter ==================
candidate:2
calculation success!
query_data: NO21; vertex_id: 1287
===================Deleting diameter ==================
candidate:2
===remove unbalanced==

candidate:2
===remove unbalanced==

candidate:2
calculation success!
query_data: NO22; vertex_id: 57054
===================Deleting diameter ==================
candidate:2
calculation success!
query_data: NO23; vertex_id: 105627
===================Deleting diameter ==================
candidate:1
calculation success!
query_data: NO24; vertex_id: 43105
===================Deleting diameter ==================
candidate:2
calculation success!
query_data: NO25; vertex_id: 5522
===================Deleting diameter ==================
candidate:3
===remove unbalanced==

candidate:3
calculation success!
query_data: NO26; vertex_id: 65969
===================Deleting diameter ==================
candidate:3
calculation success!
query_data: NO27; vertex_id: 55024
===================Deleting diameter ==================
candidate:1
calculation success!
query_data: NO28; vertex_id: 1869
===================Deleting diameter ==================
candidate:2
calculation success!
query_data: NO29; vertex_id: 8384
===================Deleting diameter ==================
candidate:2
calculation success!
query_data: NO30; vertex_id: 2621
===================Deleting diameter ==================
candidate:2
calculation success!
query_data: NO31; vertex_id: 71981
===================Deleting diameter ==================
candidate:2
calculation success!
query_data: NO32; vertex_id: 62132
===================Deleting diameter ==================
candidate:2
calculation success!
query_data: NO33; vertex_id: 94898
query_data: NO34; vertex_id: 42108
===================Deleting diameter ==================
candidate:3
calculation success!
query_data: NO35; vertex_id: 2395
===================Deleting diameter ==================
candidate:3
===remove unbalanced==

candidate:3
calculation success!
query_data: NO36; vertex_id: 67439
===================Deleting diameter ==================
candidate:3
calculation success!
query_data: NO37; vertex_id: 6655
===================Deleting diameter ==================
candidate:5
calculation success!
query_data: NO38; vertex_id: 24501
===================Deleting diameter ==================
candidate:2
===remove unbalanced==

candidate:2
calculation success!
query_data: NO39; vertex_id: 43266
===================Deleting diameter ==================
candidate:3
calculation success!
query_data: NO40; vertex_id: 872
===================Deleting diameter ==================
candidate:3
===remove unbalanced==

candidate:3
calculation success!
query_data: NO41; vertex_id: 18919
===================Deleting diameter ==================
candidate:1
calculation success!
query_data: NO42; vertex_id: 122047
===================Deleting diameter ==================
candidate:2
===remove unbalanced==

candidate:2
===remove unbalanced==

candidate:2
calculation success!
query_data: NO43; vertex_id: 44232
===================Deleting diameter ==================
candidate:3
===remove unbalanced==

candidate:3
calculation success!
query_data: NO44; vertex_id: 63647
===================Deleting diameter ==================
candidate:2
calculation success!
query_data: NO45; vertex_id: 4098
===================Deleting diameter ==================
candidate:3
calculation success!
query_data: NO46; vertex_id: 12063
===================Deleting diameter ==================
candidate:5
calculation success!
query_data: NO47; vertex_id: 34497
===================Deleting diameter ==================
candidate:4
calculation success!
query_data: NO48; vertex_id: 30004
===================Deleting diameter ==================
candidate:4
===remove unbalanced==

candidate:4
calculation success!
query_data: NO49; vertex_id: 42532
===================Deleting diameter ==================
candidate:3
calculation success!
query_data: NO50; vertex_id: 30190
===================Deleting diameter ==================
candidate:3
calculation success!
query_data: NO51; vertex_id: 102735
===================Deleting diameter ==================
candidate:3
calculation success!
query_data: NO52; vertex_id: 27397
query_data: NO53; vertex_id: 1450
===================Deleting diameter ==================
candidate:2
calculation success!
query_data: NO54; vertex_id: 50680
===================Deleting diameter ==================
candidate:2
calculation success!
query_data: NO55; vertex_id: 2294
===================Deleting diameter ==================
candidate:3
===remove unbalanced==

candidate:3
calculation success!
query_data: NO56; vertex_id: 53892
===================Deleting diameter ==================
candidate:2
calculation success!
query_data: NO57; vertex_id: 57414
===================Deleting diameter ==================
candidate:3
calculation success!
query_data: NO58; vertex_id: 79482
===================Deleting diameter ==================
candidate:3
calculation success!
query_data: NO59; vertex_id: 7973
===================Deleting diameter ==================
candidate:2
calculation success!
query_data: NO60; vertex_id: 41915
===================Deleting diameter ==================
candidate:2
calculation success!
query_data: NO61; vertex_id: 56143
===================Deleting diameter ==================
candidate:3
calculation success!
query_data: NO62; vertex_id: 79045
===================Deleting diameter ==================
candidate:3
calculation success!
query_data: NO63; vertex_id: 1676
===================Deleting diameter ==================
candidate:2
calculation success!
query_data: NO64; vertex_id: 7796
===================Deleting diameter ==================
candidate:2
calculation success!
query_data: NO65; vertex_id: 94958
===================Deleting diameter ==================
candidate:3
calculation success!
query_data: NO66; vertex_id: 72307
===================Deleting diameter ==================
candidate:3
calculation success!
query_data: NO67; vertex_id: 37770
===================Deleting diameter ==================
candidate:2
calculation success!
query_data: NO68; vertex_id: 112424
===================Deleting diameter ==================
candidate:3
calculation success!
query_data: NO69; vertex_id: 1244
===================Deleting diameter ==================
candidate:3
calculation success!
query_data: NO70; vertex_id: 30193
===================Deleting diameter ==================
candidate:2
calculation success!
query_data: NO71; vertex_id: 109706
===================Deleting diameter ==================
candidate:3
calculation success!
query_data: NO72; vertex_id: 123620
===================Deleting diameter ==================
candidate:2
calculation success!
query_data: NO73; vertex_id: 39921
===================Deleting diameter ==================
candidate:2
===remove unbalanced==

candidate:2
===remove unbalanced==

candidate:2
calculation success!
query_data: NO74; vertex_id: 18559
===================Deleting diameter ==================
candidate:2
calculation success!
query_data: NO75; vertex_id: 1533
===================Deleting diameter ==================
candidate:4
calculation success!
query_data: NO76; vertex_id: 33489
===================Deleting diameter ==================
candidate:3
calculation success!
query_data: NO77; vertex_id: 63961
===================Deleting diameter ==================
candidate:2
===remove unbalanced==

candidate:2
calculation success!
query_data: NO78; vertex_id: 49341
===================Deleting diameter ==================
candidate:2
calculation success!
query_data: NO79; vertex_id: 57096
===================Deleting diameter ==================
candidate:2
calculation success!
query_data: NO80; vertex_id: 65501
===================Deleting diameter ==================
candidate:2
calculation success!
query_data: NO81; vertex_id: 27221
===================Deleting diameter ==================
candidate:2
calculation success!
query_data: NO82; vertex_id: 11249
===================Deleting diameter ==================
candidate:2
calculation success!
query_data: NO83; vertex_id: 13539
===================Deleting diameter ==================
candidate:2
===remove unbalanced==

candidate:2
===remove unbalanced==

candidate:2
calculation success!
query_data: NO84; vertex_id: 15532
===================Deleting diameter ==================
candidate:3
calculation success!
query_data: NO85; vertex_id: 22137
===================Deleting diameter ==================
candidate:3
calculation success!
query_data: NO86; vertex_id: 18000
===================Deleting diameter ==================
candidate:3
calculation success!
query_data: NO87; vertex_id: 1953
===================Deleting diameter ==================
candidate:4
===remove unbalanced==

candidate:4
===remove unbalanced==

candidate:4
===remove unbalanced==

candidate:4
===remove unbalanced==

candidate:4
calculation success!
query_data: NO88; vertex_id: 2606
===================Deleting diameter ==================
candidate:2
calculation success!
query_data: NO89; vertex_id: 114302
===================Deleting diameter ==================
candidate:2
===remove unbalanced==

candidate:2
===remove unbalanced==

candidate:2
calculation success!
query_data: NO90; vertex_id: 1653
===================Deleting diameter ==================
candidate:3
calculation success!
query_data: NO91; vertex_id: 108710
===================Deleting diameter ==================
candidate:3
calculation success!
query_data: NO92; vertex_id: 18929
===================Deleting diameter ==================
candidate:2
calculation success!
query_data: NO93; vertex_id: 11519
===================Deleting diameter ==================
candidate:3
calculation success!
query_data: NO94; vertex_id: 51632
===================Deleting diameter ==================
candidate:2
===remove unbalanced==

candidate:2
===remove unbalanced==

candidate:2
calculation success!
query_data: NO95; vertex_id: 21658
===================Deleting diameter ==================
candidate:2
calculation success!
query_data: NO96; vertex_id: 66530
===================Deleting diameter ==================
candidate:6
calculation success!
query_data: NO97; vertex_id: 70767
query_data: NO98; vertex_id: 6759
===================Deleting diameter ==================
candidate:1
calculation success!
query_data: NO99; vertex_id: 3928
===================Deleting diameter ==================
candidate:2
calculation success!
