
query_data: NO0; vertex_id: 253
query_data: NO1; vertex_id: 104009
query_data: NO2; vertex_id: 63746
===================Deleting diameter ==================
candidate:1
calculation success!
query_data: NO3; vertex_id: 72086
===================Deleting diameter ==================
candidate:1
calculation success!
query_data: NO4; vertex_id: 98610
===================Deleting diameter ==================
candidate:1
calculation success!
query_data: NO5; vertex_id: 20421
query_data: NO6; vertex_id: 25859
===================Deleting diameter ==================
candidate:3
calculation success!
query_data: NO7; vertex_id: 46625
query_data: NO8; vertex_id: 59
===================Deleting diameter ==================
candidate:3
calculation success!
query_data: NO9; vertex_id: 52019
===================Deleting diameter ==================
candidate:2
calculation success!
query_data: NO10; vertex_id: 2892
===================Deleting diameter ==================
candidate:2
calculation success!
query_data: NO11; vertex_id: 14884
query_data: NO12; vertex_id: 57290
query_data: NO13; vertex_id: 86994
===================Deleting diameter ==================
candidate:1
calculation success!
query_data: NO14; vertex_id: 5192
===================Deleting diameter ==================
candidate:2
calculation success!
query_data: NO15; vertex_id: 116861
===================Deleting diameter ==================
candidate:2
calculation success!
query_data: NO16; vertex_id: 17170
===================Deleting diameter ==================
candidate:2
calculation success!
query_data: NO17; vertex_id: 53349
query_data: NO18; vertex_id: 65119
===================Deleting diameter ==================
candidate:3
calculation success!
query_data: NO19; vertex_id: 89704
query_data: NO20; vertex_id: 32326
query_data: NO21; vertex_id: 8373
===================Deleting diameter ==================
candidate:1
calculation success!
query_data: NO22; vertex_id: 49087
===================Deleting diameter ==================
candidate:2
calculation success!
query_data: NO23; vertex_id: 99917
===================Deleting diameter ==================
candidate:1
calculation success!
query_data: NO24; vertex_id: 103637
===================Deleting diameter ==================
candidate:1
calculation success!
query_data: NO25; vertex_id: 49068
===================Deleting diameter ==================
candidate:4
calculation success!
query_data: NO26; vertex_id: 72040
===================Deleting diameter ==================
candidate:2
calculation success!
query_data: NO27; vertex_id: 20901
query_data: NO28; vertex_id: 18479
===================Deleting diameter ==================
candidate:1
calculation success!
query_data: NO29; vertex_id: 42793
query_data: NO30; vertex_id: 88188
===================Deleting diameter ==================
candidate:1
calculation success!
query_data: NO31; vertex_id: 112551
===================Deleting diameter ==================
candidate:2
calculation success!
query_data: NO32; vertex_id: 95647
query_data: NO33; vertex_id: 2874
===================Deleting diameter ==================
candidate:3
calculation success!
query_data: NO34; vertex_id: 55716
query_data: NO35; vertex_id: 76080
===================Deleting diameter ==================
candidate:2
calculation success!
query_data: NO36; vertex_id: 74131
===================Deleting diameter ==================
candidate:2
calculation success!
query_data: NO37; vertex_id: 66467
===================Deleting diameter ==================
candidate:5
===remove unbalanced==

candidate:5
===remove unbalanced==

candidate:5
===remove unbalanced==

candidate:5
calculation success!
query_data: NO38; vertex_id: 45027
query_data: NO39; vertex_id: 129571
===================Deleting diameter ==================
candidate:2
calculation success!
query_data: NO40; vertex_id: 4897
===================Deleting diameter ==================
candidate:2
calculation success!
query_data: NO41; vertex_id: 11136
===================Deleting diameter ==================
candidate:2
calculation success!
query_data: NO42; vertex_id: 11239
===================Deleting diameter ==================
candidate:3
===remove unbalanced==

candidate:3
calculation success!
query_data: NO43; vertex_id: 63028
query_data: NO44; vertex_id: 30528
===================Deleting diameter ==================
candidate:3
calculation success!
query_data: NO45; vertex_id: 38117
===================Deleting diameter ==================
candidate:1
calculation success!
query_data: NO46; vertex_id: 57777
query_data: NO47; vertex_id: 43830
query_data: NO48; vertex_id: 48188
===================Deleting diameter ==================
candidate:1
calculation success!
query_data: NO49; vertex_id: 62923
===================Deleting diameter ==================
candidate:3
calculation success!
query_data: NO50; vertex_id: 43213
===================Deleting diameter ==================
candidate:1
calculation success!
query_data: NO51; vertex_id: 68612
===================Deleting diameter ==================
candidate:2
calculation success!
query_data: NO52; vertex_id: 106921
===================Deleting diameter ==================
candidate:2
calculation success!
query_data: NO53; vertex_id: 22252
===================Deleting diameter ==================
candidate:2
calculation success!
query_data: NO54; vertex_id: 6380
===================Deleting diameter ==================
candidate:2
calculation success!
query_data: NO55; vertex_id: 68534
===================Deleting diameter ==================
candidate:3
calculation success!
query_data: NO56; vertex_id: 101003
===================Deleting diameter ==================
candidate:3
===remove unbalanced==

candidate:3
calculation success!
query_data: NO57; vertex_id: 45510
===================Deleting diameter ==================
candidate:3
===remove unbalanced==

candidate:3
calculation success!
query_data: NO58; vertex_id: 111790
===================Deleting diameter ==================
candidate:2
calculation success!
query_data: NO59; vertex_id: 22357
===================Deleting diameter ==================
candidate:2
calculation success!
query_data: NO60; vertex_id: 21661
===================Deleting diameter ==================
candidate:5
calculation success!
query_data: NO61; vertex_id: 8073
===================Deleting diameter ==================
candidate:3
calculation success!
query_data: NO62; vertex_id: 67506
===================Deleting diameter ==================
candidate:1
calculation success!
query_data: NO63; vertex_id: 12196
===================Deleting diameter ==================
candidate:1
calculation success!
query_data: NO64; vertex_id: 14726
query_data: NO65; vertex_id: 39539
===================Deleting diameter ==================
candidate:2
calculation success!
query_data: NO66; vertex_id: 27365
query_data: NO67; vertex_id: 69829
===================Deleting diameter ==================
candidate:2
calculation success!
query_data: NO68; vertex_id: 17414
===================Deleting diameter ==================
candidate:2
===remove unbalanced==

candidate:2
===remove unbalanced==

candidate:2
calculation success!
query_data: NO69; vertex_id: 111255
===================Deleting diameter ==================
candidate:2
===remove unbalanced==

candidate:2
calculation success!
query_data: NO70; vertex_id: 131265
===================Deleting diameter ==================
candidate:1
calculation success!
query_data: NO71; vertex_id: 36737
===================Deleting diameter ==================
candidate:2
calculation success!
query_data: NO72; vertex_id: 75055
query_data: NO73; vertex_id: 67076
===================Deleting diameter ==================
candidate:3
===remove unbalanced==

candidate:3
calculation success!
query_data: NO74; vertex_id: 64138
===================Deleting diameter ==================
candidate:2
calculation success!
query_data: NO75; vertex_id: 45039
===================Deleting diameter ==================
candidate:4
calculation success!
query_data: NO76; vertex_id: 63780
===================Deleting diameter ==================
candidate:2
calculation success!
query_data: NO77; vertex_id: 54065
===================Deleting diameter ==================
candidate:3
calculation success!
query_data: NO78; vertex_id: 66941
===================Deleting diameter ==================
candidate:3
calculation success!
query_data: NO79; vertex_id: 82085
query_data: NO80; vertex_id: 47385
===================Deleting diameter ==================
candidate:1
calculation success!
query_data: NO81; vertex_id: 86395
query_data: NO82; vertex_id: 55359
===================Deleting diameter ==================
candidate:1
calculation success!
query_data: NO83; vertex_id: 51867
===================Deleting diameter ==================
candidate:2
calculation success!
query_data: NO84; vertex_id: 91703
===================Deleting diameter ==================
candidate:1
calculation success!
query_data: NO85; vertex_id: 122967
===================Deleting diameter ==================
candidate:3
calculation success!
query_data: NO86; vertex_id: 20964
===================Deleting diameter ==================
candidate:1
calculation success!
query_data: NO87; vertex_id: 121284
query_data: NO88; vertex_id: 16754
===================Deleting diameter ==================
candidate:3
calculation success!
query_data: NO89; vertex_id: 56743
query_data: NO90; vertex_id: 17499
===================Deleting diameter ==================
candidate:4
===remove unbalanced==

candidate:4
calculation success!
query_data: NO91; vertex_id: 71300
===================Deleting diameter ==================
candidate:1
calculation success!
query_data: NO92; vertex_id: 66253
===================Deleting diameter ==================
candidate:2
calculation success!
query_data: NO93; vertex_id: 16809
===================Deleting diameter ==================
candidate:2
calculation success!
query_data: NO94; vertex_id: 70154
===================Deleting diameter ==================
candidate:2
calculation success!
query_data: NO95; vertex_id: 8694
===================Deleting diameter ==================
candidate:2
calculation success!
query_data: NO96; vertex_id: 63417
query_data: NO97; vertex_id: 53158
===================Deleting diameter ==================
candidate:2
calculation success!
query_data: NO98; vertex_id: 11440
query_data: NO99; vertex_id: 52362
