
query_data: NO0; vertex_id: 74869
Triangle in total: 4910076
size of KTruss407230
truss unb num:66585
not inside
diameter: 0
total_size_of_truss: 0
query_data: NO1; vertex_id: 50027
Triangle in total: 4910076
size of KTruss407230
truss unb num:66585
not inside
diameter: 0
total_size_of_truss: 0
query_data: NO2; vertex_id: 119597
Triangle in total: 4910076
size of KTruss407230
truss unb num:66585
not inside
diameter: 0
total_size_of_truss: 0
query_data: NO3; vertex_id: 13674
Triangle in total: 4910076
size of KTruss407230
truss unb num:66585
not inside
diameter: 0
total_size_of_truss: 0
query_data: NO4; vertex_id: 18539
Triangle in total: 4910076
size of KTruss407230
truss unb num:66585
max hop is 7
--------when hop is 1
size of KTruss1173
truss unb num:66584
query_data: NO5; vertex_id: 36345
Triangle in total: 4910076
size of KTruss407230
truss unb num:66585
not inside
diameter: 0
total_size_of_truss: 0
query_data: NO6; vertex_id: 103883
Triangle in total: 4910076
size of KTruss407230
truss unb num:66585
not inside
diameter: 0
total_size_of_truss: 0
query_data: NO7; vertex_id: 106572
Triangle in total: 4910076
size of KTruss407230
truss unb num:66585
not inside
diameter: 0
total_size_of_truss: 0
query_data: NO8; vertex_id: 85105
Triangle in total: 4910076
size of KTruss407230
truss unb num:66585
max hop is 7
--------when hop is 1
size of KTruss920
truss unb num:66584
query_data: NO9; vertex_id: 83892
Triangle in total: 4910076
size of KTruss407230
truss unb num:66585
not inside
diameter: 0
total_size_of_truss: 0
query_data: NO10; vertex_id: 53012
Triangle in total: 4910076
size of KTruss407230
truss unb num:66585
not inside
diameter: 0
total_size_of_truss: 0
query_data: NO11; vertex_id: 48074
Triangle in total: 4910076
size of KTruss407230
truss unb num:66585
not inside
diameter: 0
total_size_of_truss: 0
query_data: NO12; vertex_id: 72989
Triangle in total: 4910076
size of KTruss407230
truss unb num:66585
max hop is 7
--------when hop is 1
size of KTruss951
truss unb num:66584
query_data: NO13; vertex_id: 61963
Triangle in total: 4910076
size of KTruss407230
truss unb num:66585
not inside
diameter: 0
total_size_of_truss: 0
query_data: NO14; vertex_id: 50667
Triangle in total: 4910076
size of KTruss407230
truss unb num:66585
not inside
diameter: 0
total_size_of_truss: 0
query_data: NO15; vertex_id: 42036
Triangle in total: 4910076
size of KTruss407230
truss unb num:66585
not inside
diameter: 0
total_size_of_truss: 0
query_data: NO16; vertex_id: 65435
Triangle in total: 4910076
size of KTruss407230
truss unb num:66585
not inside
diameter: 0
total_size_of_truss: 0
query_data: NO17; vertex_id: 82415
Triangle in total: 4910076
size of KTruss407230
truss unb num:66585
not inside
diameter: 0
total_size_of_truss: 0
query_data: NO18; vertex_id: 43671
Triangle in total: 4910076
size of KTruss407230
truss unb num:66585
not inside
diameter: 0
total_size_of_truss: 0
query_data: NO19; vertex_id: 3904
Triangle in total: 4910076
size of KTruss407230
truss unb num:66585
max hop is 6
--------when hop is 1
size of KTruss8210
truss unb num:66584
query_data: NO20; vertex_id: 92044
Triangle in total: 4910076
size of KTruss407230
truss unb num:66585
not inside
diameter: 0
total_size_of_truss: 0
query_data: NO21; vertex_id: 22586
Triangle in total: 4910076
size of KTruss407230
truss unb num:66585
not inside
diameter: 0
total_size_of_truss: 0
query_data: NO22; vertex_id: 20399
Triangle in total: 4910076
size of KTruss407230
truss unb num:66585
not inside
diameter: 0
total_size_of_truss: 0
query_data: NO23; vertex_id: 90620
Triangle in total: 4910076
size of KTruss407230
truss unb num:66585
not inside
diameter: 0
total_size_of_truss: 0
query_data: NO24; vertex_id: 9526
Triangle in total: 4910076
size of KTruss407230
truss unb num:66585
not inside
diameter: 0
total_size_of_truss: 0
query_data: NO25; vertex_id: 63052
Triangle in total: 4910076
size of KTruss407230
truss unb num:66585
not inside
diameter: 0
total_size_of_truss: 0
query_data: NO26; vertex_id: 41243
Triangle in total: 4910076
size of KTruss407230
truss unb num:66585
not inside
diameter: 0
total_size_of_truss: 0
query_data: NO27; vertex_id: 16994
Triangle in total: 4910076
size of KTruss407230
truss unb num:66585
max hop is 6
--------when hop is 1
size of KTruss6906
truss unb num:66584
query_data: NO28; vertex_id: 108561
Triangle in total: 4910076
size of KTruss407230
truss unb num:66585
not inside
diameter: 0
total_size_of_truss: 0
query_data: NO29; vertex_id: 52410
Triangle in total: 4910076
size of KTruss407230
truss unb num:66585
not inside
diameter: 0
total_size_of_truss: 0
query_data: NO30; vertex_id: 28374
Triangle in total: 4910076
size of KTruss407230
truss unb num:66585
max hop is 7
--------when hop is 1
size of KTruss957
truss unb num:66584
query_data: NO31; vertex_id: 8175
Triangle in total: 4910076
size of KTruss407230
truss unb num:66585
max hop is 7
--------when hop is 1
size of KTruss1111
truss unb num:66584
query_data: NO32; vertex_id: 73418
Triangle in total: 4910076
size of KTruss407230
truss unb num:66585
max hop is 7
--------when hop is 1
size of KTruss920
truss unb num:66584
query_data: NO33; vertex_id: 70115
Triangle in total: 4910076
size of KTruss407230
truss unb num:66585
not inside
diameter: 0
total_size_of_truss: 0
query_data: NO34; vertex_id: 50638
Triangle in total: 4910076
size of KTruss407230
truss unb num:66585
not inside
diameter: 0
total_size_of_truss: 0
query_data: NO35; vertex_id: 120348
Triangle in total: 4910076
size of KTruss407230
truss unb num:66585
not inside
diameter: 0
total_size_of_truss: 0
query_data: NO36; vertex_id: 114334
Triangle in total: 4910076
size of KTruss407230
truss unb num:66585
max hop is 7
--------when hop is 1
size of KTruss924
truss unb num:66584
query_data: NO37; vertex_id: 14965
Triangle in total: 4910076
size of KTruss407230
truss unb num:66585
not inside
diameter: 0
total_size_of_truss: 0
query_data: NO38; vertex_id: 37574
Triangle in total: 4910076
size of KTruss407230
truss unb num:66585
not inside
diameter: 0
total_size_of_truss: 0
query_data: NO39; vertex_id: 22402
Triangle in total: 4910076
size of KTruss407230
truss unb num:66585
max hop is 7
--------when hop is 1
size of KTruss920
truss unb num:66584
query_data: NO40; vertex_id: 31894
Triangle in total: 4910076
size of KTruss407230
truss unb num:66585
not inside
diameter: 0
total_size_of_truss: 0
query_data: NO41; vertex_id: 1197
Triangle in total: 4910076
size of KTruss407230
truss unb num:66585
not inside
diameter: 0
total_size_of_truss: 0
query_data: NO42; vertex_id: 119544
Triangle in total: 4910076
size of KTruss407230
truss unb num:66585
not inside
diameter: 0
total_size_of_truss: 0
query_data: NO43; vertex_id: 127423
Triangle in total: 4910076
size of KTruss407230
truss unb num:66585
not inside
diameter: 0
total_size_of_truss: 0
query_data: NO44; vertex_id: 53299
Triangle in total: 4910076
size of KTruss407230
truss unb num:66585
not inside
diameter: 0
total_size_of_truss: 0
query_data: NO45; vertex_id: 104427
Triangle in total: 4910076
size of KTruss407230
truss unb num:66585
not inside
diameter: 0
total_size_of_truss: 0
query_data: NO46; vertex_id: 53281
Triangle in total: 4910076
size of KTruss407230
truss unb num:66585
not inside
diameter: 0
total_size_of_truss: 0
query_data: NO47; vertex_id: 121797
Triangle in total: 4910076
size of KTruss407230
truss unb num:66585
not inside
diameter: 0
total_size_of_truss: 0
query_data: NO48; vertex_id: 28482
Triangle in total: 4910076
size of KTruss407230
truss unb num:66585
not inside
diameter: 0
total_size_of_truss: 0
query_data: NO49; vertex_id: 49762
Triangle in total: 4910076
size of KTruss407230
truss unb num:66585
not inside
diameter: 0
total_size_of_truss: 0
query_data: NO50; vertex_id: 51598
Triangle in total: 4910076
size of KTruss407230
truss unb num:66585
not inside
diameter: 0
total_size_of_truss: 0
query_data: NO51; vertex_id: 1248
Triangle in total: 4910076
size of KTruss407230
truss unb num:66585
not inside
diameter: 0
total_size_of_truss: 0
query_data: NO52; vertex_id: 74288
Triangle in total: 4910076
size of KTruss407230
truss unb num:66585
not inside
diameter: 0
total_size_of_truss: 0
query_data: NO53; vertex_id: 48550
Triangle in total: 4910076
size of KTruss407230
truss unb num:66585
not inside
diameter: 0
total_size_of_truss: 0
query_data: NO54; vertex_id: 67769
Triangle in total: 4910076
size of KTruss407230
truss unb num:66585
not inside
diameter: 0
total_size_of_truss: 0
query_data: NO55; vertex_id: 22720
Triangle in total: 4910076
size of KTruss407230
truss unb num:66585
not inside
diameter: 0
total_size_of_truss: 0
query_data: NO56; vertex_id: 2121
Triangle in total: 4910076
size of KTruss407230
truss unb num:66585
not inside
diameter: 0
total_size_of_truss: 0
query_data: NO57; vertex_id: 106536
Triangle in total: 4910076
size of KTruss407230
truss unb num:66585
not inside
diameter: 0
total_size_of_truss: 0
query_data: NO58; vertex_id: 34590
Triangle in total: 4910076
size of KTruss407230
truss unb num:66585
not inside
diameter: 0
total_size_of_truss: 0
query_data: NO59; vertex_id: 85230
Triangle in total: 4910076
size of KTruss407230
truss unb num:66585
not inside
diameter: 0
total_size_of_truss: 0
query_data: NO60; vertex_id: 53022
Triangle in total: 4910076
size of KTruss407230
truss unb num:66585
not inside
diameter: 0
total_size_of_truss: 0
query_data: NO61; vertex_id: 103480
Triangle in total: 4910076
size of KTruss407230
truss unb num:66585
not inside
diameter: 0
total_size_of_truss: 0
query_data: NO62; vertex_id: 26184
Triangle in total: 4910076
size of KTruss407230
truss unb num:66585
not inside
diameter: 0
total_size_of_truss: 0
query_data: NO63; vertex_id: 28881
Triangle in total: 4910076
size of KTruss407230
truss unb num:66585
not inside
diameter: 0
total_size_of_truss: 0
query_data: NO64; vertex_id: 9271
Triangle in total: 4910076
size of KTruss407230
truss unb num:66585
max hop is 7
--------when hop is 1
size of KTruss2761
truss unb num:66584
query_data: NO65; vertex_id: 60787
Triangle in total: 4910076
size of KTruss407230
truss unb num:66585
max hop is 7
--------when hop is 1
size of KTruss939
truss unb num:66584
query_data: NO66; vertex_id: 15122
Triangle in total: 4910076
size of KTruss407230
truss unb num:66585
not inside
diameter: 0
total_size_of_truss: 0
query_data: NO67; vertex_id: 11052
Triangle in total: 4910076
size of KTruss407230
truss unb num:66585
not inside
diameter: 0
total_size_of_truss: 0
query_data: NO68; vertex_id: 54574
Triangle in total: 4910076
size of KTruss407230
truss unb num:66585
not inside
diameter: 0
total_size_of_truss: 0
query_data: NO69; vertex_id: 47462
Triangle in total: 4910076
size of KTruss407230
truss unb num:66585
not inside
diameter: 0
total_size_of_truss: 0
query_data: NO70; vertex_id: 48854
Triangle in total: 4910076
size of KTruss407230
truss unb num:66585
max hop is 8
--------when hop is 1
size of KTruss920
truss unb num:66584
query_data: NO71; vertex_id: 16131
Triangle in total: 4910076
size of KTruss407230
truss unb num:66585
max hop is 6
--------when hop is 1
size of KTruss938
truss unb num:66584
query_data: NO72; vertex_id: 43751
Triangle in total: 4910076
size of KTruss407230
truss unb num:66585
not inside
diameter: 0
total_size_of_truss: 0
query_data: NO73; vertex_id: 100562
Triangle in total: 4910076
size of KTruss407230
truss unb num:66585
not inside
diameter: 0
total_size_of_truss: 0
query_data: NO74; vertex_id: 94985
Triangle in total: 4910076
size of KTruss407230
truss unb num:66585
not inside
diameter: 0
total_size_of_truss: 0
query_data: NO75; vertex_id: 51418
Triangle in total: 4910076
size of KTruss407230
truss unb num:66585
not inside
diameter: 0
total_size_of_truss: 0
query_data: NO76; vertex_id: 119328
Triangle in total: 4910076
size of KTruss407230
truss unb num:66585
not inside
diameter: 0
total_size_of_truss: 0
query_data: NO77; vertex_id: 44230
Triangle in total: 4910076
size of KTruss407230
truss unb num:66585
not inside
diameter: 0
total_size_of_truss: 0
query_data: NO78; vertex_id: 72991
Triangle in total: 4910076
size of KTruss407230
truss unb num:66585
not inside
diameter: 0
total_size_of_truss: 0
query_data: NO79; vertex_id: 74115
Triangle in total: 4910076
size of KTruss407230
truss unb num:66585
not inside
diameter: 0
total_size_of_truss: 0
query_data: NO80; vertex_id: 117552
Triangle in total: 4910076
size of KTruss407230
truss unb num:66585
not inside
diameter: 0
total_size_of_truss: 0
query_data: NO81; vertex_id: 50566
Triangle in total: 4910076
size of KTruss407230
truss unb num:66585
not inside
diameter: 0
total_size_of_truss: 0
query_data: NO82; vertex_id: 58485
Triangle in total: 4910076
size of KTruss407230
truss unb num:66585
max hop is 7
--------when hop is 1
size of KTruss924
truss unb num:66584
query_data: NO83; vertex_id: 106985
Triangle in total: 4910076
size of KTruss407230
truss unb num:66585
not inside
diameter: 0
total_size_of_truss: 0
query_data: NO84; vertex_id: 101043
Triangle in total: 4910076
size of KTruss407230
truss unb num:66585
not inside
diameter: 0
total_size_of_truss: 0
query_data: NO85; vertex_id: 82680
Triangle in total: 4910076
size of KTruss407230
truss unb num:66585
not inside
diameter: 0
total_size_of_truss: 0
query_data: NO86; vertex_id: 71955
Triangle in total: 4910076
size of KTruss407230
truss unb num:66585
max hop is 7
--------when hop is 1
size of KTruss929
truss unb num:66584
query_data: NO87; vertex_id: 110543
Triangle in total: 4910076
size of KTruss407230
truss unb num:66585
not inside
diameter: 0
total_size_of_truss: 0
query_data: NO88; vertex_id: 11498
Triangle in total: 4910076
size of KTruss407230
truss unb num:66585
max hop is 6
--------when hop is 1
size of KTruss3594
truss unb num:66584
query_data: NO89; vertex_id: 127182
Triangle in total: 4910076
size of KTruss407230
truss unb num:66585
not inside
diameter: 0
total_size_of_truss: 0
query_data: NO90; vertex_id: 131527
Triangle in total: 4910076
size of KTruss407230
truss unb num:66585
not inside
diameter: 0
total_size_of_truss: 0
query_data: NO91; vertex_id: 109590
Triangle in total: 4910076
size of KTruss407230
truss unb num:66585
not inside
diameter: 0
total_size_of_truss: 0
query_data: NO92; vertex_id: 95804
Triangle in total: 4910076
size of KTruss407230
truss unb num:66585
not inside
diameter: 0
total_size_of_truss: 0
query_data: NO93; vertex_id: 107650
Triangle in total: 4910076
size of KTruss407230
truss unb num:66585
not inside
diameter: 0
total_size_of_truss: 0
query_data: NO94; vertex_id: 3367
Triangle in total: 4910076
size of KTruss407230
truss unb num:66585
max hop is 8
--------when hop is 1
size of KTruss976
truss unb num:66584
