
query_data: NO0; vertex_id: 74869
Cannot obtain any result 
query_data: NO1; vertex_id: 50027
Cannot obtain any result 
query_data: NO2; vertex_id: 119597
Cannot obtain any result 
query_data: NO3; vertex_id: 13674
Cannot obtain any result 
query_data: NO4; vertex_id: 18539
max hop is 10
--------when hop is 1
size of KTruss: 250
truss unb num: 0
===================Deleting NegativeTriangle ==================
calculation success!
query_data: NO5; vertex_id: 36345
Cannot obtain any result 
query_data: NO6; vertex_id: 103883
Cannot obtain any result 
query_data: NO7; vertex_id: 106572
Cannot obtain any result 
query_data: NO8; vertex_id: 85105
Cannot obtain any result 
query_data: NO9; vertex_id: 83892
Cannot obtain any result 
query_data: NO10; vertex_id: 53012
Cannot obtain any result 
query_data: NO11; vertex_id: 48074
Cannot obtain any result 
query_data: NO12; vertex_id: 72989
Cannot obtain any result 
query_data: NO13; vertex_id: 61963
Cannot obtain any result 
query_data: NO14; vertex_id: 50667
Cannot obtain any result 
query_data: NO15; vertex_id: 42036
Cannot obtain any result 
query_data: NO16; vertex_id: 65435
Cannot obtain any result 
query_data: NO17; vertex_id: 82415
Cannot obtain any result 
query_data: NO18; vertex_id: 43671
Cannot obtain any result 
query_data: NO19; vertex_id: 3904
max hop is 9
--------when hop is 1
size of KTruss: 5702
truss unb num: 524
===================Deleting NegativeTriangle ==================
calculation success!
query_data: NO20; vertex_id: 92044
Cannot obtain any result 
query_data: NO21; vertex_id: 22586
Cannot obtain any result 
query_data: NO22; vertex_id: 20399
Cannot obtain any result 
query_data: NO23; vertex_id: 90620
Cannot obtain any result 
query_data: NO24; vertex_id: 9526
Cannot obtain any result 
query_data: NO25; vertex_id: 63052
Cannot obtain any result 
query_data: NO26; vertex_id: 41243
Cannot obtain any result 
query_data: NO27; vertex_id: 16994
max hop is 9
--------when hop is 1
size of KTruss: 5727
truss unb num: 968
===================Deleting NegativeTriangle ==================
calculation success!
query_data: NO28; vertex_id: 108561
Cannot obtain any result 
query_data: NO29; vertex_id: 52410
Cannot obtain any result 
query_data: NO30; vertex_id: 28374
Cannot obtain any result 
query_data: NO31; vertex_id: 8175
Cannot obtain any result 
query_data: NO32; vertex_id: 73418
Cannot obtain any result 
query_data: NO33; vertex_id: 70115
Cannot obtain any result 
query_data: NO34; vertex_id: 50638
Cannot obtain any result 
query_data: NO35; vertex_id: 120348
Cannot obtain any result 
query_data: NO36; vertex_id: 114334
Cannot obtain any result 
query_data: NO37; vertex_id: 14965
Cannot obtain any result 
query_data: NO38; vertex_id: 37574
Cannot obtain any result 
query_data: NO39; vertex_id: 22402
Cannot obtain any result 
query_data: NO40; vertex_id: 31894
Cannot obtain any result 
query_data: NO41; vertex_id: 1197
Cannot obtain any result 
query_data: NO42; vertex_id: 119544
Cannot obtain any result 
query_data: NO43; vertex_id: 127423
Cannot obtain any result 
query_data: NO44; vertex_id: 53299
Cannot obtain any result 
query_data: NO45; vertex_id: 104427
Cannot obtain any result 
query_data: NO46; vertex_id: 53281
Cannot obtain any result 
query_data: NO47; vertex_id: 121797
Cannot obtain any result 
query_data: NO48; vertex_id: 28482
Cannot obtain any result 
query_data: NO49; vertex_id: 49762
Cannot obtain any result 
query_data: NO50; vertex_id: 51598
Cannot obtain any result 
query_data: NO51; vertex_id: 1248
Cannot obtain any result 
query_data: NO52; vertex_id: 74288
Cannot obtain any result 
query_data: NO53; vertex_id: 48550
Cannot obtain any result 
query_data: NO54; vertex_id: 67769
Cannot obtain any result 
query_data: NO55; vertex_id: 22720
Cannot obtain any result 
query_data: NO56; vertex_id: 2121
Cannot obtain any result 
query_data: NO57; vertex_id: 106536
Cannot obtain any result 
query_data: NO58; vertex_id: 34590
Cannot obtain any result 
query_data: NO59; vertex_id: 85230
Cannot obtain any result 
query_data: NO60; vertex_id: 53022
Cannot obtain any result 
query_data: NO61; vertex_id: 103480
Cannot obtain any result 
query_data: NO62; vertex_id: 26184
Cannot obtain any result 
query_data: NO63; vertex_id: 28881
Cannot obtain any result 
query_data: NO64; vertex_id: 9271
max hop is 10
--------when hop is 1
size of KTruss: 1270
truss unb num: 97
===================Deleting NegativeTriangle ==================
calculation success!
query_data: NO65; vertex_id: 60787
Cannot obtain any result 
query_data: NO66; vertex_id: 15122
Cannot obtain any result 
query_data: NO67; vertex_id: 11052
Cannot obtain any result 
query_data: NO68; vertex_id: 54574
Cannot obtain any result 
query_data: NO69; vertex_id: 47462
Cannot obtain any result 
query_data: NO70; vertex_id: 48854
Cannot obtain any result 
query_data: NO71; vertex_id: 16131
Cannot obtain any result 
query_data: NO72; vertex_id: 43751
Cannot obtain any result 
query_data: NO73; vertex_id: 100562
Cannot obtain any result 
query_data: NO74; vertex_id: 94985
Cannot obtain any result 
query_data: NO75; vertex_id: 51418
Cannot obtain any result 
query_data: NO76; vertex_id: 119328
Cannot obtain any result 
query_data: NO77; vertex_id: 44230
Cannot obtain any result 
query_data: NO78; vertex_id: 72991
Cannot obtain any result 
query_data: NO79; vertex_id: 74115
Cannot obtain any result 
query_data: NO80; vertex_id: 117552
Cannot obtain any result 
query_data: NO81; vertex_id: 50566
Cannot obtain any result 
query_data: NO82; vertex_id: 58485
Cannot obtain any result 
query_data: NO83; vertex_id: 106985
Cannot obtain any result 
query_data: NO84; vertex_id: 101043
Cannot obtain any result 
query_data: NO85; vertex_id: 82680
Cannot obtain any result 
query_data: NO86; vertex_id: 71955
Cannot obtain any result 
query_data: NO87; vertex_id: 110543
Cannot obtain any result 
query_data: NO88; vertex_id: 11498
max hop is 10
--------when hop is 1
size of KTruss: 1717
truss unb num: 168
===================Deleting NegativeTriangle ==================
calculation success!
query_data: NO89; vertex_id: 127182
Cannot obtain any result 
query_data: NO90; vertex_id: 131527
Cannot obtain any result 
query_data: NO91; vertex_id: 109590
Cannot obtain any result 
query_data: NO92; vertex_id: 95804
Cannot obtain any result 
query_data: NO93; vertex_id: 107650
Cannot obtain any result 
query_data: NO94; vertex_id: 3367
Cannot obtain any result 
query_data: NO95; vertex_id: 28582
Cannot obtain any result 
query_data: NO96; vertex_id: 92834
Cannot obtain any result 
query_data: NO97; vertex_id: 27416
Cannot obtain any result 
query_data: NO98; vertex_id: 50227
Cannot obtain any result 
query_data: NO99; vertex_id: 19144
Cannot obtain any result 
