
query_data: NO0; vertex_id: 52725
Cannot obtain any result 
query_data: NO1; vertex_id: 106306
Cannot obtain any result 
query_data: NO2; vertex_id: 106717
Cannot obtain any result 
query_data: NO3; vertex_id: 115715
Cannot obtain any result 
query_data: NO4; vertex_id: 568
Cannot obtain any result 
query_data: NO5; vertex_id: 59464
Cannot obtain any result 
query_data: NO6; vertex_id: 51145
Cannot obtain any result 
query_data: NO7; vertex_id: 106899
Cannot obtain any result 
query_data: NO8; vertex_id: 63240
Cannot obtain any result 
query_data: NO9; vertex_id: 113221
Cannot obtain any result 
query_data: NO10; vertex_id: 1087
Cannot obtain any result 
query_data: NO11; vertex_id: 19383
Cannot obtain any result 
query_data: NO12; vertex_id: 67229
Cannot obtain any result 
query_data: NO13; vertex_id: 55949
Cannot obtain any result 
query_data: NO14; vertex_id: 68074
Cannot obtain any result 
query_data: NO15; vertex_id: 3365
max hop is 10
--------when hop is 1
size of KTruss: 73
truss unb num: 0
===================Deleting NegativeTriangle ==================
calculation success!
query_data: NO16; vertex_id: 14585
max hop is 10
--------when hop is 1
size of KTruss: 634
truss unb num: 20
===================Deleting NegativeTriangle ==================
calculation success!
query_data: NO17; vertex_id: 24490
max hop is 10
--------when hop is 1
size of KTruss: 45
truss unb num: 0
===================Deleting NegativeTriangle ==================
calculation success!
query_data: NO18; vertex_id: 76101
Cannot obtain any result 
query_data: NO19; vertex_id: 14205
Cannot obtain any result 
query_data: NO20; vertex_id: 5688
Cannot obtain any result 
query_data: NO21; vertex_id: 106849
Cannot obtain any result 
query_data: NO22; vertex_id: 57761
max hop is 11
--------when hop is 1
size of KTruss: 0
truss unb num: 0
--------when hop is 2
size of KTruss: 333
truss unb num: 0
===================Deleting NegativeTriangle ==================
calculation success!
query_data: NO23; vertex_id: 16747
Cannot obtain any result 
query_data: NO24; vertex_id: 41246
Cannot obtain any result 
query_data: NO25; vertex_id: 9549
Cannot obtain any result 
query_data: NO26; vertex_id: 12673
Cannot obtain any result 
query_data: NO27; vertex_id: 63345
Cannot obtain any result 
query_data: NO28; vertex_id: 12759
Cannot obtain any result 
query_data: NO29; vertex_id: 40912
Cannot obtain any result 
query_data: NO30; vertex_id: 40240
Cannot obtain any result 
query_data: NO31; vertex_id: 117174
Cannot obtain any result 
query_data: NO32; vertex_id: 7376
Cannot obtain any result 
query_data: NO33; vertex_id: 122533
Cannot obtain any result 
query_data: NO34; vertex_id: 27478
Cannot obtain any result 
query_data: NO35; vertex_id: 69134
Cannot obtain any result 
query_data: NO36; vertex_id: 113987
Cannot obtain any result 
query_data: NO37; vertex_id: 68770
Cannot obtain any result 
query_data: NO38; vertex_id: 37817
Cannot obtain any result 
query_data: NO39; vertex_id: 3623
max hop is 9
--------when hop is 1
size of KTruss: 0
truss unb num: 0
--------when hop is 2
size of KTruss: 165630
truss unb num: 42358
===================Deleting NegativeTriangle ==================
calculation success!
query_data: NO40; vertex_id: 60800
Cannot obtain any result 
query_data: NO41; vertex_id: 8933
Cannot obtain any result 
query_data: NO42; vertex_id: 7019
Cannot obtain any result 
query_data: NO43; vertex_id: 58233
Cannot obtain any result 
query_data: NO44; vertex_id: 28731
Cannot obtain any result 
query_data: NO45; vertex_id: 28195
Cannot obtain any result 
query_data: NO46; vertex_id: 129540
Cannot obtain any result 
query_data: NO47; vertex_id: 86718
Cannot obtain any result 
query_data: NO48; vertex_id: 12940
Cannot obtain any result 
query_data: NO49; vertex_id: 72295
Cannot obtain any result 
query_data: NO50; vertex_id: 66405
Cannot obtain any result 
query_data: NO51; vertex_id: 24274
max hop is 10
--------when hop is 1
size of KTruss: 901
truss unb num: 17
===================Deleting NegativeTriangle ==================
calculation success!
query_data: NO52; vertex_id: 9980
max hop is 9
--------when hop is 1
size of KTruss: 2960
truss unb num: 326
===================Deleting NegativeTriangle ==================
calculation success!
query_data: NO53; vertex_id: 14370
Cannot obtain any result 
query_data: NO54; vertex_id: 61392
Cannot obtain any result 
query_data: NO55; vertex_id: 63548
Cannot obtain any result 
query_data: NO56; vertex_id: 70331
Cannot obtain any result 
query_data: NO57; vertex_id: 71886
Cannot obtain any result 
query_data: NO58; vertex_id: 125485
Cannot obtain any result 
query_data: NO59; vertex_id: 13812
Cannot obtain any result 
query_data: NO60; vertex_id: 62358
Cannot obtain any result 
query_data: NO61; vertex_id: 20546
Cannot obtain any result 
query_data: NO62; vertex_id: 60
Cannot obtain any result 
query_data: NO63; vertex_id: 118984
Cannot obtain any result 
query_data: NO64; vertex_id: 40959
Cannot obtain any result 
query_data: NO65; vertex_id: 9021
Cannot obtain any result 
query_data: NO66; vertex_id: 114595
Cannot obtain any result 
query_data: NO67; vertex_id: 131340
Cannot obtain any result 
query_data: NO68; vertex_id: 8628
Cannot obtain any result 
query_data: NO69; vertex_id: 26110
Cannot obtain any result 
query_data: NO70; vertex_id: 5589
Cannot obtain any result 
query_data: NO71; vertex_id: 88748
Cannot obtain any result 
query_data: NO72; vertex_id: 1684
max hop is 10
--------when hop is 1
size of KTruss: 0
truss unb num: 0
--------when hop is 2
size of KTruss: 134544
truss unb num: 37353
===================Deleting NegativeTriangle ==================
calculation success!
query_data: NO73; vertex_id: 57575
Cannot obtain any result 
query_data: NO74; vertex_id: 67272
Cannot obtain any result 
query_data: NO75; vertex_id: 20231
max hop is 9
--------when hop is 1
size of KTruss: 0
truss unb num: 0
--------when hop is 2
size of KTruss: 202592
truss unb num: 44848
===================Deleting NegativeTriangle ==================
calculation success!
query_data: NO76; vertex_id: 88412
Cannot obtain any result 
query_data: NO77; vertex_id: 59944
Cannot obtain any result 
query_data: NO78; vertex_id: 29940
Cannot obtain any result 
query_data: NO79; vertex_id: 44053
Cannot obtain any result 
query_data: NO80; vertex_id: 80473
Cannot obtain any result 
query_data: NO81; vertex_id: 107181
Cannot obtain any result 
query_data: NO82; vertex_id: 14279
Cannot obtain any result 
query_data: NO83; vertex_id: 45591
Cannot obtain any result 
query_data: NO84; vertex_id: 23355
Cannot obtain any result 
query_data: NO85; vertex_id: 92848
max hop is 10
--------when hop is 1
size of KTruss: 639
truss unb num: 27
===================Deleting NegativeTriangle ==================
calculation success!
query_data: NO86; vertex_id: 78298
Cannot obtain any result 
query_data: NO87; vertex_id: 41700
Cannot obtain any result 
query_data: NO88; vertex_id: 80878
Cannot obtain any result 
query_data: NO89; vertex_id: 118777
Cannot obtain any result 
query_data: NO90; vertex_id: 51332
Cannot obtain any result 
query_data: NO91; vertex_id: 52467
Cannot obtain any result 
query_data: NO92; vertex_id: 27341
Cannot obtain any result 
query_data: NO93; vertex_id: 44509
Cannot obtain any result 
query_data: NO94; vertex_id: 56950
Cannot obtain any result 
query_data: NO95; vertex_id: 7414
Cannot obtain any result 
query_data: NO96; vertex_id: 35619
Cannot obtain any result 
query_data: NO97; vertex_id: 69624
Cannot obtain any result 
query_data: NO98; vertex_id: 107714
Cannot obtain any result 
query_data: NO99; vertex_id: 112315
Cannot obtain any result 
