
query_data: NO0; vertex_id: 109602
Cannot obtain any result 
query_data: NO1; vertex_id: 105856
Cannot obtain any result 
query_data: NO2; vertex_id: 108241
Cannot obtain any result 
query_data: NO3; vertex_id: 62085
Cannot obtain any result 
query_data: NO4; vertex_id: 38847
Cannot obtain any result 
query_data: NO5; vertex_id: 54842
Cannot obtain any result 
query_data: NO6; vertex_id: 4853
Cannot obtain any result 
query_data: NO7; vertex_id: 24015
Cannot obtain any result 
query_data: NO8; vertex_id: 87549
Cannot obtain any result 
query_data: NO9; vertex_id: 60316
Cannot obtain any result 
query_data: NO10; vertex_id: 32937
Cannot obtain any result 
query_data: NO11; vertex_id: 14658
Cannot obtain any result 
query_data: NO12; vertex_id: 94045
Cannot obtain any result 
query_data: NO13; vertex_id: 85020
Cannot obtain any result 
query_data: NO14; vertex_id: 25525
Cannot obtain any result 
query_data: NO15; vertex_id: 94022
Cannot obtain any result 
query_data: NO16; vertex_id: 7904
Cannot obtain any result 
query_data: NO17; vertex_id: 35543
Cannot obtain any result 
query_data: NO18; vertex_id: 17612
Cannot obtain any result 
query_data: NO19; vertex_id: 61294
max hop is 10
--------when hop is 1
size of KTruss: 0
truss unb num: 0
--------when hop is 2
size of KTruss: 28218
truss unb num: 3683
===================Deleting NegativeTriangle ==================
calculation success!
query_data: NO20; vertex_id: 111647
Cannot obtain any result 
query_data: NO21; vertex_id: 69383
Cannot obtain any result 
query_data: NO22; vertex_id: 131626
Cannot obtain any result 
query_data: NO23; vertex_id: 58292
Cannot obtain any result 
query_data: NO24; vertex_id: 49497
Cannot obtain any result 
query_data: NO25; vertex_id: 56126
Cannot obtain any result 
query_data: NO26; vertex_id: 44833
max hop is 10
--------when hop is 1
size of KTruss: 16266
truss unb num: 284
===================Deleting NegativeTriangle ==================
calculation success!
query_data: NO27; vertex_id: 69409
Cannot obtain any result 
query_data: NO28; vertex_id: 58027
Cannot obtain any result 
query_data: NO29; vertex_id: 111648
Cannot obtain any result 
query_data: NO30; vertex_id: 63914
Cannot obtain any result 
query_data: NO31; vertex_id: 17556
Cannot obtain any result 
query_data: NO32; vertex_id: 89690
Cannot obtain any result 
query_data: NO33; vertex_id: 45881
Cannot obtain any result 
query_data: NO34; vertex_id: 56821
Cannot obtain any result 
query_data: NO35; vertex_id: 41861
Cannot obtain any result 
query_data: NO36; vertex_id: 76564
Cannot obtain any result 
query_data: NO37; vertex_id: 92424
Cannot obtain any result 
query_data: NO38; vertex_id: 15846
Cannot obtain any result 
query_data: NO39; vertex_id: 8658
Cannot obtain any result 
query_data: NO40; vertex_id: 9555
Cannot obtain any result 
query_data: NO41; vertex_id: 39526
Cannot obtain any result 
query_data: NO42; vertex_id: 27037
Cannot obtain any result 
query_data: NO43; vertex_id: 116330
max hop is 10
--------when hop is 1
size of KTruss: 0
truss unb num: 0
--------when hop is 2
size of KTruss: 108909
truss unb num: 32418
===================Deleting NegativeTriangle ==================
calculation success!
query_data: NO44; vertex_id: 68390
Cannot obtain any result 
query_data: NO45; vertex_id: 47985
Cannot obtain any result 
query_data: NO46; vertex_id: 60383
Cannot obtain any result 
query_data: NO47; vertex_id: 40137
Cannot obtain any result 
query_data: NO48; vertex_id: 67474
Cannot obtain any result 
query_data: NO49; vertex_id: 73325
Cannot obtain any result 
query_data: NO50; vertex_id: 26206
Cannot obtain any result 
query_data: NO51; vertex_id: 30894
max hop is 10
--------when hop is 1
size of KTruss: 14814
truss unb num: 174
===================Deleting NegativeTriangle ==================
calculation success!
query_data: NO52; vertex_id: 85191
Cannot obtain any result 
query_data: NO53; vertex_id: 1901
Cannot obtain any result 
query_data: NO54; vertex_id: 50887
Cannot obtain any result 
query_data: NO55; vertex_id: 87712
Cannot obtain any result 
query_data: NO56; vertex_id: 52409
Cannot obtain any result 
query_data: NO57; vertex_id: 13026
Cannot obtain any result 
query_data: NO58; vertex_id: 38401
Cannot obtain any result 
query_data: NO59; vertex_id: 91614
Cannot obtain any result 
query_data: NO60; vertex_id: 20743
Cannot obtain any result 
query_data: NO61; vertex_id: 59427
Cannot obtain any result 
query_data: NO62; vertex_id: 115269
Cannot obtain any result 
query_data: NO63; vertex_id: 75865
Cannot obtain any result 
query_data: NO64; vertex_id: 24171
Cannot obtain any result 
query_data: NO65; vertex_id: 34974
Cannot obtain any result 
query_data: NO66; vertex_id: 12094
Cannot obtain any result 
query_data: NO67; vertex_id: 125310
Cannot obtain any result 
query_data: NO68; vertex_id: 77703
Cannot obtain any result 
query_data: NO69; vertex_id: 41231
Cannot obtain any result 
query_data: NO70; vertex_id: 50762
Cannot obtain any result 
query_data: NO71; vertex_id: 81348
Cannot obtain any result 
query_data: NO72; vertex_id: 21606
Cannot obtain any result 
query_data: NO73; vertex_id: 52015
Cannot obtain any result 
query_data: NO74; vertex_id: 622
Cannot obtain any result 
query_data: NO75; vertex_id: 74573
Cannot obtain any result 
query_data: NO76; vertex_id: 95643
Cannot obtain any result 
query_data: NO77; vertex_id: 126927
Cannot obtain any result 
query_data: NO78; vertex_id: 124854
Cannot obtain any result 
query_data: NO79; vertex_id: 46786
Cannot obtain any result 
query_data: NO80; vertex_id: 7037
Cannot obtain any result 
query_data: NO81; vertex_id: 114348
Cannot obtain any result 
query_data: NO82; vertex_id: 120029
Cannot obtain any result 
query_data: NO83; vertex_id: 112341
Cannot obtain any result 
query_data: NO84; vertex_id: 34666
Cannot obtain any result 
query_data: NO85; vertex_id: 58501
Cannot obtain any result 
query_data: NO86; vertex_id: 20086
Cannot obtain any result 
query_data: NO87; vertex_id: 300
Cannot obtain any result 
query_data: NO88; vertex_id: 25636
Cannot obtain any result 
query_data: NO89; vertex_id: 94279
Cannot obtain any result 
query_data: NO90; vertex_id: 54685
Cannot obtain any result 
query_data: NO91; vertex_id: 131682
Cannot obtain any result 
query_data: NO92; vertex_id: 35686
Cannot obtain any result 
query_data: NO93; vertex_id: 1257
Cannot obtain any result 
query_data: NO94; vertex_id: 56351
Cannot obtain any result 
query_data: NO95; vertex_id: 127321
Cannot obtain any result 
query_data: NO96; vertex_id: 50052
Cannot obtain any result 
query_data: NO97; vertex_id: 67207
Cannot obtain any result 
query_data: NO98; vertex_id: 32701
Cannot obtain any result 
query_data: NO99; vertex_id: 126465
Cannot obtain any result 
