
query_data: NO0; vertex_id: 130104
query_data: NO1; vertex_id: 73220
===================Deleting NegativeTriangle ==================
---start to delete node 

calculation success!
query_data: NO2; vertex_id: 20140
===================Deleting NegativeTriangle ==================
---start to delete node 

calculation success!
query_data: NO3; vertex_id: 7546
query_data: NO4; vertex_id: 63933
query_data: NO5; vertex_id: 71514
query_data: NO6; vertex_id: 113184
===================Deleting NegativeTriangle ==================
---start to delete node 

calculation success!
query_data: NO7; vertex_id: 7125
===================Deleting NegativeTriangle ==================
---start to delete node 

calculation success!
query_data: NO8; vertex_id: 40146
===================Deleting NegativeTriangle ==================
---start to delete node 

calculation success!
query_data: NO9; vertex_id: 7571
===================Deleting NegativeTriangle ==================
---start to delete node 

calculation success!
query_data: NO10; vertex_id: 43025
===================Deleting NegativeTriangle ==================
===================Deleting NegativeTriangle ==================
===================Deleting NegativeTriangle ==================
===================Deleting NegativeTriangle ==================
===================Deleting NegativeTriangle ==================
===================Deleting NegativeTriangle ==================
===================Deleting NegativeTriangle ==================
===================Deleting NegativeTriangle ==================
===================Deleting NegativeTriangle ==================
---calculation fail! 

query_data: NO11; vertex_id: 17332
===================Deleting NegativeTriangle ==================
---start to delete node 

calculation success!
query_data: NO12; vertex_id: 38280
===================Deleting NegativeTriangle ==================
---start to delete node 

calculation success!
query_data: NO13; vertex_id: 92535
query_data: NO14; vertex_id: 41381
query_data: NO15; vertex_id: 80085
query_data: NO16; vertex_id: 47222
query_data: NO17; vertex_id: 30332
===================Deleting NegativeTriangle ==================
---start to delete node 

calculation success!
query_data: NO18; vertex_id: 8734
query_data: NO19; vertex_id: 19213
===================Deleting NegativeTriangle ==================
---start to delete node 

calculation success!
query_data: NO20; vertex_id: 20117
query_data: NO21; vertex_id: 30599
===================Deleting NegativeTriangle ==================
---start to delete node 

calculation success!
query_data: NO22; vertex_id: 66865
===================Deleting NegativeTriangle ==================
---start to delete node 

calculation success!
query_data: NO23; vertex_id: 119966
===================Deleting NegativeTriangle ==================
---start to delete node 

calculation success!
query_data: NO24; vertex_id: 12987
query_data: NO25; vertex_id: 78725
query_data: NO26; vertex_id: 98707
query_data: NO27; vertex_id: 65482
===================Deleting NegativeTriangle ==================
---start to delete node 

calculation success!
query_data: NO28; vertex_id: 98408
query_data: NO29; vertex_id: 33318
query_data: NO30; vertex_id: 35925
query_data: NO31; vertex_id: 125107
===================Deleting NegativeTriangle ==================
---start to delete node 

calculation success!
query_data: NO32; vertex_id: 50126
===================Deleting NegativeTriangle ==================
---start to delete node 

calculation success!
query_data: NO33; vertex_id: 74019
===================Deleting NegativeTriangle ==================
---start to delete node 

calculation success!
query_data: NO34; vertex_id: 68232
===================Deleting NegativeTriangle ==================
---start to delete node 

calculation success!
query_data: NO35; vertex_id: 103670
query_data: NO36; vertex_id: 88029
query_data: NO37; vertex_id: 20292
===================Deleting NegativeTriangle ==================
---start to delete node 

calculation success!
query_data: NO38; vertex_id: 43740
===================Deleting NegativeTriangle ==================
---start to delete node 

calculation success!
query_data: NO39; vertex_id: 12784
query_data: NO40; vertex_id: 57305
===================Deleting NegativeTriangle ==================
---start to delete node 

calculation success!
query_data: NO41; vertex_id: 36223
===================Deleting NegativeTriangle ==================
---start to delete node 

calculation success!
query_data: NO42; vertex_id: 121527
query_data: NO43; vertex_id: 51126
query_data: NO44; vertex_id: 16962
===================Deleting NegativeTriangle ==================
---start to delete node 

calculation success!
query_data: NO45; vertex_id: 34226
===================Deleting NegativeTriangle ==================
---start to delete node 

calculation success!
query_data: NO46; vertex_id: 112898
query_data: NO47; vertex_id: 74744
===================Deleting NegativeTriangle ==================
---start to delete node 

calculation success!
query_data: NO48; vertex_id: 125578
query_data: NO49; vertex_id: 23260
===================Deleting NegativeTriangle ==================
---start to delete node 

calculation success!
query_data: NO50; vertex_id: 59748
===================Deleting NegativeTriangle ==================
---start to delete node 

calculation success!
query_data: NO51; vertex_id: 6612
===================Deleting NegativeTriangle ==================
---start to delete node 

calculation success!
query_data: NO52; vertex_id: 13353
query_data: NO53; vertex_id: 43316
query_data: NO54; vertex_id: 7179
===================Deleting NegativeTriangle ==================
---start to delete node 

calculation success!
query_data: NO55; vertex_id: 103793
query_data: NO56; vertex_id: 75112
query_data: NO57; vertex_id: 18949
===================Deleting NegativeTriangle ==================
---start to delete node 

calculation success!
query_data: NO58; vertex_id: 125484
===================Deleting NegativeTriangle ==================
---start to delete node 

calculation success!
query_data: NO59; vertex_id: 131662
===================Deleting NegativeTriangle ==================
---start to delete node 

calculation success!
query_data: NO60; vertex_id: 77694
query_data: NO61; vertex_id: 16211
===================Deleting NegativeTriangle ==================
---start to delete node 

calculation success!
query_data: NO62; vertex_id: 68338
query_data: NO63; vertex_id: 87583
query_data: NO64; vertex_id: 42551
query_data: NO65; vertex_id: 129500
===================Deleting NegativeTriangle ==================
---start to delete node 

calculation success!
query_data: NO66; vertex_id: 25442
query_data: NO67; vertex_id: 101260
query_data: NO68; vertex_id: 88546
===================Deleting NegativeTriangle ==================
---start to delete node 

calculation success!
query_data: NO69; vertex_id: 114970
query_data: NO70; vertex_id: 25711
query_data: NO71; vertex_id: 36156
query_data: NO72; vertex_id: 63235
query_data: NO73; vertex_id: 26520
===================Deleting NegativeTriangle ==================
---start to delete node 

calculation success!
query_data: NO74; vertex_id: 2438
query_data: NO75; vertex_id: 2265
===================Deleting NegativeTriangle ==================
---start to delete node 

calculation success!
query_data: NO76; vertex_id: 1216
query_data: NO77; vertex_id: 122602
query_data: NO78; vertex_id: 71559
===================Deleting NegativeTriangle ==================
---start to delete node 

calculation success!
query_data: NO79; vertex_id: 71892
===================Deleting NegativeTriangle ==================
---start to delete node 

calculation success!
query_data: NO80; vertex_id: 8692
query_data: NO81; vertex_id: 80688
===================Deleting NegativeTriangle ==================
---start to delete node 

calculation success!
query_data: NO82; vertex_id: 96400
query_data: NO83; vertex_id: 31937
===================Deleting NegativeTriangle ==================
---start to delete node 

calculation success!
query_data: NO84; vertex_id: 85831
query_data: NO85; vertex_id: 82821
===================Deleting NegativeTriangle ==================
---start to delete node 

calculation success!
query_data: NO86; vertex_id: 67652
===================Deleting NegativeTriangle ==================
---start to delete node 

calculation success!
query_data: NO87; vertex_id: 73237
query_data: NO88; vertex_id: 4842
query_data: NO89; vertex_id: 84952
query_data: NO90; vertex_id: 48237
===================Deleting NegativeTriangle ==================
---start to delete node 

calculation success!
query_data: NO91; vertex_id: 3142
===================Deleting NegativeTriangle ==================
---start to delete node 

calculation success!
query_data: NO92; vertex_id: 111853
===================Deleting NegativeTriangle ==================
---start to delete node 

calculation success!
query_data: NO93; vertex_id: 69855
===================Deleting NegativeTriangle ==================
---start to delete node 

calculation success!
query_data: NO94; vertex_id: 108967
===================Deleting NegativeTriangle ==================
---start to delete node 

calculation success!
query_data: NO95; vertex_id: 27966
===================Deleting NegativeTriangle ==================
---start to delete node 

calculation success!
query_data: NO96; vertex_id: 30714
===================Deleting NegativeTriangle ==================
---start to delete node 

calculation success!
query_data: NO97; vertex_id: 38043
===================Deleting NegativeTriangle ==================
---start to delete node 

calculation success!
query_data: NO98; vertex_id: 127000
===================Deleting NegativeTriangle ==================
---start to delete node 

calculation success!
query_data: NO99; vertex_id: 23576
===================Deleting NegativeTriangle ==================
---start to delete node 

calculation success!
