
query_data: NO0; vertex_id: 43103
max hop is 10
--------when hop is 1
size of KTruss: 34
truss unb num: 0
===================Deleting NegativeTriangle ==================
calculation success!
query_data: NO1; vertex_id: 102175
Cannot obtain any result 
query_data: NO2; vertex_id: 99872
Cannot obtain any result 
query_data: NO3; vertex_id: 57447
Cannot obtain any result 
query_data: NO4; vertex_id: 90598
Cannot obtain any result 
query_data: NO5; vertex_id: 54722
max hop is 9
--------when hop is 1
size of KTruss: 34
truss unb num: 0
===================Deleting NegativeTriangle ==================
calculation success!
query_data: NO6; vertex_id: 28278
max hop is 9
--------when hop is 1
size of KTruss: 10
truss unb num: 0
===================Deleting NegativeTriangle ==================
calculation success!
query_data: NO7; vertex_id: 9442
max hop is 10
--------when hop is 1
size of KTruss: 425
truss unb num: 6
===================Deleting NegativeTriangle ==================
calculation success!
query_data: NO8; vertex_id: 63187
Cannot obtain any result 
query_data: NO9; vertex_id: 59388
max hop is 10
--------when hop is 1
size of KTruss: 1772
truss unb num: 23
===================Deleting NegativeTriangle ==================
calculation success!
query_data: NO10; vertex_id: 64707
max hop is 10
--------when hop is 1
size of KTruss: 54
truss unb num: 0
===================Deleting NegativeTriangle ==================
calculation success!
query_data: NO11; vertex_id: 98533
max hop is 9
--------when hop is 1
size of KTruss: 144
truss unb num: 10
===================Deleting NegativeTriangle ==================
calculation success!
query_data: NO12; vertex_id: 30898
max hop is 10
--------when hop is 1
size of KTruss: 15634
truss unb num: 95
===================Deleting NegativeTriangle ==================
calculation success!
query_data: NO13; vertex_id: 40106
Cannot obtain any result 
query_data: NO14; vertex_id: 103175
Cannot obtain any result 
query_data: NO15; vertex_id: 68458
max hop is 11
--------when hop is 1
size of KTruss: 24
truss unb num: 0
===================Deleting NegativeTriangle ==================
calculation success!
query_data: NO16; vertex_id: 62968
max hop is 10
--------when hop is 1
size of KTruss: 39
truss unb num: 2
===================Deleting NegativeTriangle ==================
calculation success!
query_data: NO17; vertex_id: 108502
max hop is 10
--------when hop is 1
size of KTruss: 14
truss unb num: 0
===================Deleting NegativeTriangle ==================
calculation success!
query_data: NO18; vertex_id: 52286
max hop is 10
--------when hop is 1
size of KTruss: 81
truss unb num: 0
===================Deleting NegativeTriangle ==================
calculation success!
query_data: NO19; vertex_id: 5277
Cannot obtain any result 
query_data: NO20; vertex_id: 10291
Cannot obtain any result 
query_data: NO21; vertex_id: 115121
Cannot obtain any result 
query_data: NO22; vertex_id: 16276
max hop is 10
--------when hop is 1
size of KTruss: 414
truss unb num: 38
===================Deleting NegativeTriangle ==================
calculation success!
query_data: NO23; vertex_id: 40559
max hop is 10
--------when hop is 1
size of KTruss: 24
truss unb num: 2
===================Deleting NegativeTriangle ==================
calculation success!
query_data: NO24; vertex_id: 49796
Cannot obtain any result 
query_data: NO25; vertex_id: 14140
Cannot obtain any result 
query_data: NO26; vertex_id: 10326
max hop is 10
--------when hop is 1
size of KTruss: 230
truss unb num: 0
===================Deleting NegativeTriangle ==================
calculation success!
query_data: NO27; vertex_id: 24601
max hop is 10
--------when hop is 1
size of KTruss: 754
truss unb num: 0
===================Deleting NegativeTriangle ==================
calculation success!
query_data: NO28; vertex_id: 41753
max hop is 10
--------when hop is 1
size of KTruss: 0
truss unb num: 0
--------when hop is 2
size of KTruss: 64132
truss unb num: 14110
===================Deleting NegativeTriangle ==================
calculation success!
query_data: NO29; vertex_id: 21708
Cannot obtain any result 
query_data: NO30; vertex_id: 118251
max hop is 10
--------when hop is 1
size of KTruss: 0
truss unb num: 0
--------when hop is 2
size of KTruss: 82907
truss unb num: 20720
===================Deleting NegativeTriangle ==================
calculation success!
query_data: NO31; vertex_id: 11725
max hop is 10
--------when hop is 1
size of KTruss: 29685
truss unb num: 539
===================Deleting NegativeTriangle ==================
calculation success!
query_data: NO32; vertex_id: 48336
Cannot obtain any result 
query_data: NO33; vertex_id: 86124
Cannot obtain any result 
query_data: NO34; vertex_id: 9508
max hop is 10
--------when hop is 1
size of KTruss: 143
truss unb num: 3
===================Deleting NegativeTriangle ==================
calculation success!
query_data: NO35; vertex_id: 17909
Cannot obtain any result 
query_data: NO36; vertex_id: 49698
max hop is 10
--------when hop is 1
size of KTruss: 0
truss unb num: 0
--------when hop is 2
size of KTruss: 122683
truss unb num: 29924
===================Deleting NegativeTriangle ==================
calculation success!
query_data: NO37; vertex_id: 65660
max hop is 11
--------when hop is 1
size of KTruss: 66
truss unb num: 0
===================Deleting NegativeTriangle ==================
calculation success!
query_data: NO38; vertex_id: 67599
max hop is 11
--------when hop is 1
size of KTruss: 61
truss unb num: 0
===================Deleting NegativeTriangle ==================
calculation success!
query_data: NO39; vertex_id: 66667
max hop is 10
--------when hop is 1
size of KTruss: 15
truss unb num: 0
===================Deleting NegativeTriangle ==================
calculation success!
query_data: NO40; vertex_id: 7972
max hop is 10
--------when hop is 1
size of KTruss: 427
truss unb num: 19
===================Deleting NegativeTriangle ==================
calculation success!
query_data: NO41; vertex_id: 24592
Cannot obtain any result 
query_data: NO42; vertex_id: 96484
Cannot obtain any result 
query_data: NO43; vertex_id: 116489
max hop is 9
--------when hop is 1
size of KTruss: 0
truss unb num: 0
--------when hop is 2
size of KTruss: 119068
truss unb num: 35334
===================Deleting NegativeTriangle ==================
calculation success!
query_data: NO44; vertex_id: 24274
max hop is 10
--------when hop is 1
size of KTruss: 1770
truss unb num: 56
===================Deleting NegativeTriangle ==================
calculation success!
query_data: NO45; vertex_id: 25946
Cannot obtain any result 
query_data: NO46; vertex_id: 79378
max hop is 9
--------when hop is 1
size of KTruss: 135
truss unb num: 6
===================Deleting NegativeTriangle ==================
calculation success!
query_data: NO47; vertex_id: 32799
max hop is 10
--------when hop is 1
size of KTruss: 188
truss unb num: 0
===================Deleting NegativeTriangle ==================
calculation success!
query_data: NO48; vertex_id: 10855
Cannot obtain any result 
query_data: NO49; vertex_id: 917
max hop is 10
--------when hop is 1
size of KTruss: 0
truss unb num: 0
--------when hop is 2
size of KTruss: 57540
truss unb num: 15694
===================Deleting NegativeTriangle ==================
removeNegativeTriangle error

--------when hop is 3
size of KTruss: 369671
truss unb num: 66032
===================Deleting NegativeTriangle ==================
removeNegativeTriangle error

--------when hop is 4
size of KTruss: 405747
truss unb num: 66585
===================Deleting NegativeTriangle ==================
removeNegativeTriangle error

--------when hop is 5
size of KTruss: 406297
truss unb num: 66585
===================Deleting NegativeTriangle ==================
removeNegativeTriangle error

--------when hop is 6
size of KTruss: 406316
truss unb num: 66585
===================Deleting NegativeTriangle ==================
removeNegativeTriangle error

--------when hop is 7
size of KTruss: 406320
truss unb num: 66585
===================Deleting NegativeTriangle ==================
removeNegativeTriangle error

--------when hop is 8
size of KTruss: 406320
truss unb num: 66585
===================Deleting NegativeTriangle ==================
removeNegativeTriangle error

--------when hop is 9
size of KTruss: 406320
truss unb num: 66585
===================Deleting NegativeTriangle ==================
removeNegativeTriangle error

--------when hop is 10
size of KTruss: 406320
truss unb num: 66585
===================Deleting NegativeTriangle ==================
removeNegativeTriangle error

---calculation fail! 

query_data: NO50; vertex_id: 119181
max hop is 9
--------when hop is 1
size of KTruss: 10
truss unb num: 0
===================Deleting NegativeTriangle ==================
calculation success!
query_data: NO51; vertex_id: 39438
max hop is 10
--------when hop is 1
size of KTruss: 20
truss unb num: 0
===================Deleting NegativeTriangle ==================
calculation success!
query_data: NO52; vertex_id: 767
max hop is 9
--------when hop is 1
size of KTruss: 30
truss unb num: 1
===================Deleting NegativeTriangle ==================
calculation success!
query_data: NO53; vertex_id: 6541
max hop is 10
--------when hop is 1
size of KTruss: 106
truss unb num: 0
===================Deleting NegativeTriangle ==================
calculation success!
query_data: NO54; vertex_id: 41017
Cannot obtain any result 
query_data: NO55; vertex_id: 37981
max hop is 10
--------when hop is 1
size of KTruss: 54
truss unb num: 0
===================Deleting NegativeTriangle ==================
calculation success!
query_data: NO56; vertex_id: 110004
Cannot obtain any result 
query_data: NO57; vertex_id: 119960
Cannot obtain any result 
query_data: NO58; vertex_id: 73890
max hop is 11
--------when hop is 1
size of KTruss: 14
truss unb num: 0
===================Deleting NegativeTriangle ==================
calculation success!
query_data: NO59; vertex_id: 102150
max hop is 9
--------when hop is 1
size of KTruss: 796
truss unb num: 73
===================Deleting NegativeTriangle ==================
calculation success!
query_data: NO60; vertex_id: 120242
max hop is 10
--------when hop is 1
size of KTruss: 10
truss unb num: 0
===================Deleting NegativeTriangle ==================
calculation success!
query_data: NO61; vertex_id: 52717
max hop is 11
--------when hop is 1
size of KTruss: 19
truss unb num: 0
===================Deleting NegativeTriangle ==================
calculation success!
query_data: NO62; vertex_id: 60210
max hop is 10
--------when hop is 1
size of KTruss: 24
truss unb num: 0
===================Deleting NegativeTriangle ==================
calculation success!
query_data: NO63; vertex_id: 50127
max hop is 10
--------when hop is 1
size of KTruss: 14
truss unb num: 0
===================Deleting NegativeTriangle ==================
calculation success!
query_data: NO64; vertex_id: 52007
Cannot obtain any result 
query_data: NO65; vertex_id: 74335
max hop is 11
--------when hop is 1
size of KTruss: 18
truss unb num: 0
===================Deleting NegativeTriangle ==================
calculation success!
query_data: NO66; vertex_id: 121095
max hop is 10
--------when hop is 1
size of KTruss: 14
truss unb num: 0
===================Deleting NegativeTriangle ==================
calculation success!
query_data: NO67; vertex_id: 2965
max hop is 10
--------when hop is 1
size of KTruss: 34
truss unb num: 0
===================Deleting NegativeTriangle ==================
calculation success!
query_data: NO68; vertex_id: 60893
max hop is 10
--------when hop is 1
size of KTruss: 17
truss unb num: 0
===================Deleting NegativeTriangle ==================
calculation success!
query_data: NO69; vertex_id: 23115
Cannot obtain any result 
query_data: NO70; vertex_id: 16016
max hop is 10
--------when hop is 1
size of KTruss: 10
truss unb num: 0
===================Deleting NegativeTriangle ==================
calculation success!
query_data: NO71; vertex_id: 24366
Cannot obtain any result 
query_data: NO72; vertex_id: 8928
max hop is 9
--------when hop is 1
size of KTruss: 100
truss unb num: 1
===================Deleting NegativeTriangle ==================
calculation success!
query_data: NO73; vertex_id: 68815
max hop is 11
--------when hop is 1
size of KTruss: 58
truss unb num: 0
===================Deleting NegativeTriangle ==================
calculation success!
query_data: NO74; vertex_id: 24
max hop is 9
--------when hop is 1
size of KTruss: 5501
truss unb num: 1152
===================Deleting NegativeTriangle ==================
calculation success!
query_data: NO75; vertex_id: 62559
max hop is 11
--------when hop is 1
size of KTruss: 55
truss unb num: 0
===================Deleting NegativeTriangle ==================
calculation success!
query_data: NO76; vertex_id: 44487
max hop is 10
--------when hop is 1
size of KTruss: 10
truss unb num: 0
===================Deleting NegativeTriangle ==================
calculation success!
query_data: NO77; vertex_id: 1675
max hop is 10
--------when hop is 1
size of KTruss: 146
truss unb num: 7
===================Deleting NegativeTriangle ==================
calculation success!
query_data: NO78; vertex_id: 23980
max hop is 10
--------when hop is 1
size of KTruss: 93
truss unb num: 0
===================Deleting NegativeTriangle ==================
calculation success!
query_data: NO79; vertex_id: 14935
max hop is 10
--------when hop is 1
size of KTruss: 42
truss unb num: 0
===================Deleting NegativeTriangle ==================
calculation success!
query_data: NO80; vertex_id: 28858
Cannot obtain any result 
query_data: NO81; vertex_id: 20830
max hop is 9
--------when hop is 1
size of KTruss: 123
truss unb num: 12
===================Deleting NegativeTriangle ==================
calculation success!
query_data: NO82; vertex_id: 31749
Cannot obtain any result 
query_data: NO83; vertex_id: 10466
Cannot obtain any result 
query_data: NO84; vertex_id: 37358
Cannot obtain any result 
query_data: NO85; vertex_id: 9975
max hop is 10
--------when hop is 1
size of KTruss: 5849
truss unb num: 632
===================Deleting NegativeTriangle ==================
calculation success!
query_data: NO86; vertex_id: 83531
max hop is 10
--------when hop is 1
size of KTruss: 30
truss unb num: 0
===================Deleting NegativeTriangle ==================
calculation success!
query_data: NO87; vertex_id: 7283
max hop is 9
--------when hop is 1
size of KTruss: 443
truss unb num: 3
===================Deleting NegativeTriangle ==================
calculation success!
query_data: NO88; vertex_id: 59145
max hop is 11
--------when hop is 1
size of KTruss: 2403
truss unb num: 30
===================Deleting NegativeTriangle ==================
calculation success!
query_data: NO89; vertex_id: 48682
Cannot obtain any result 
query_data: NO90; vertex_id: 56911
max hop is 10
--------when hop is 1
size of KTruss: 20
truss unb num: 0
===================Deleting NegativeTriangle ==================
calculation success!
query_data: NO91; vertex_id: 63695
max hop is 9
--------when hop is 1
size of KTruss: 11858
truss unb num: 2411
===================Deleting NegativeTriangle ==================
calculation success!
query_data: NO92; vertex_id: 34480
Cannot obtain any result 
query_data: NO93; vertex_id: 109606
max hop is 10
--------when hop is 1
size of KTruss: 14
truss unb num: 0
===================Deleting NegativeTriangle ==================
calculation success!
query_data: NO94; vertex_id: 24491
max hop is 10
--------when hop is 1
size of KTruss: 137
truss unb num: 0
===================Deleting NegativeTriangle ==================
calculation success!
query_data: NO95; vertex_id: 58996
Cannot obtain any result 
query_data: NO96; vertex_id: 5080
max hop is 9
--------when hop is 1
size of KTruss: 8162
truss unb num: 1235
===================Deleting NegativeTriangle ==================
calculation success!
query_data: NO97; vertex_id: 68938
max hop is 11
--------when hop is 1
size of KTruss: 15
truss unb num: 0
===================Deleting NegativeTriangle ==================
calculation success!
query_data: NO98; vertex_id: 31848
Cannot obtain any result 
query_data: NO99; vertex_id: 21256
max hop is 9
--------when hop is 1
size of KTruss: 9370
truss unb num: 1585
===================Deleting NegativeTriangle ==================
calculation success!
