
query_data: NO0; vertex_id: 247
size of KTruss: 34
truss unb num: 0
===================Deleting NegativeTriangle ==================
check1
check2
---start to delete node 

check3
calculation success!
query_data: NO1; vertex_id: 564
query_data: NO2; vertex_id: 669
query_data: NO3; vertex_id: 7565
size of KTruss: 219
truss unb num: 23
===================Deleting NegativeTriangle ==================
check1
===remove unbalanced==

size1:6
q-in size: 32549
queue out: 1
check2
---start to delete node 

check3
calculation success!
query_data: NO4; vertex_id: 57
size of KTruss: 28
truss unb num: 0
===================Deleting NegativeTriangle ==================
check1
check2
---start to delete node 

check3
calculation success!
query_data: NO5; vertex_id: 430
query_data: NO6; vertex_id: 358
query_data: NO7; vertex_id: 85
size of KTruss: 677
truss unb num: 63
===================Deleting NegativeTriangle ==================
check1
===remove unbalanced==

size1:1
4.1
q-in size: 32661
queue out: 1
check2
---start to delete node 

check3
calculation success!
query_data: NO8; vertex_id: 386
query_data: NO9; vertex_id: 725
query_data: NO10; vertex_id: 278
size of KTruss: 24
truss unb num: 3
===================Deleting NegativeTriangle ==================
check1
===remove unbalanced==

size1:2
q-in size: 32757
queue out: 1
check2
---start to delete node 

check3
calculation success!
query_data: NO11; vertex_id: 643
size of KTruss: 0
truss unb num: 0
size of KTruss: 2382
truss unb num: 255
===================Deleting NegativeTriangle ==================
check1
===remove unbalanced==

size1:2
q-in size: 32761
queue out: 1
check2
---start to delete node 

check3
calculation success!
query_data: NO12; vertex_id: 253
size of KTruss: 0
truss unb num: 0
size of KTruss: 3664
truss unb num: 329
===================Deleting NegativeTriangle ==================
check1
===remove unbalanced==

size1:1
4.1
q-in size: 32735
queue out: 1
check2
---start to delete node 

check3
calculation success!
query_data: NO13; vertex_id: 7570
query_data: NO14; vertex_id: 136
size of KTruss: 131
truss unb num: 7
===================Deleting NegativeTriangle ==================
check1
===remove unbalanced==

size1:1
4.1
q-in size: 32529
queue out: 1
check2
---start to delete node 

check3
calculation success!
query_data: NO15; vertex_id: 437
query_data: NO16; vertex_id: 906
size of KTruss: 74
truss unb num: 3
===================Deleting NegativeTriangle ==================
check1
===remove unbalanced==

size1:1
4.1
q-in size: 32546
queue out: 1
check2
---start to delete node 

check3
calculation success!
query_data: NO17; vertex_id: 480
query_data: NO18; vertex_id: 517
query_data: NO19; vertex_id: 214
size of KTruss: 14
truss unb num: 1
===================Deleting NegativeTriangle ==================
check1
===remove unbalanced==

quicl delete fail
cannot delete 
size of KTruss: 3814
truss unb num: 335
===================Deleting NegativeTriangle ==================
check1
===remove unbalanced==

size1:1
4.1
q-in size: 32549
queue out: 1
check2
---start to delete node 

check3
calculation success!
query_data: NO20; vertex_id: 296
size of KTruss: 35
truss unb num: 0
===================Deleting NegativeTriangle ==================
check1
check2
---start to delete node 

check3
calculation success!
query_data: NO21; vertex_id: 617
query_data: NO22; vertex_id: 1
size of KTruss: 424
truss unb num: 6
===================Deleting NegativeTriangle ==================
check1
===remove unbalanced==

size1:5
q-in size: 32711
queue out: 1
check2
---start to delete node 

check3
calculation success!
query_data: NO23; vertex_id: 354
query_data: NO24; vertex_id: 419
query_data: NO25; vertex_id: 129
query_data: NO26; vertex_id: 7588
size of KTruss: 67
truss unb num: 9
===================Deleting NegativeTriangle ==================
check1
===remove unbalanced==

size1:1
4.1
q-in size: 32565
queue out: 1
check2
---start to delete node 

check3
calculation success!
query_data: NO27; vertex_id: 146
size of KTruss: 44
truss unb num: 0
===================Deleting NegativeTriangle ==================
check1
check2
---start to delete node 

check3
calculation success!
query_data: NO28; vertex_id: 2417
size of KTruss: 34
truss unb num: 0
===================Deleting NegativeTriangle ==================
check1
check2
---start to delete node 

check3
calculation success!
query_data: NO29; vertex_id: 257
query_data: NO30; vertex_id: 303
query_data: NO31; vertex_id: 240
query_data: NO32; vertex_id: 7551
query_data: NO33; vertex_id: 40
size of KTruss: 275
truss unb num: 4
===================Deleting NegativeTriangle ==================
check1
===remove unbalanced==

size1:1
4.1
q-in size: 32586
queue out: 1
check2
---start to delete node 

check3
calculation success!
query_data: NO34; vertex_id: 813
size of KTruss: 20
truss unb num: 2
===================Deleting NegativeTriangle ==================
check1
===remove unbalanced==

size1:1
4.1
q-in size: 32673
queue out: 1
check2
---start to delete node 

check3
calculation success!
query_data: NO35; vertex_id: 3
size of KTruss: 1233
truss unb num: 92
===================Deleting NegativeTriangle ==================
check1
===remove unbalanced==

size1:1
4.1
q-in size: 32647
queue out: 1
check2
---start to delete node 

check3
calculation success!
query_data: NO36; vertex_id: 7602
size of KTruss: 157
truss unb num: 28
===================Deleting NegativeTriangle ==================
check1
===remove unbalanced==

size1:1
4.1
q-in size: 32632
queue out: 1
check2
---start to delete node 

check3
calculation success!
query_data: NO37; vertex_id: 324
query_data: NO38; vertex_id: 337
size of KTruss: 83
truss unb num: 4
===================Deleting NegativeTriangle ==================
check1
===remove unbalanced==

size1:1
4.1
q-in size: 32637
queue out: 1
check2
---start to delete node 

check3
calculation success!
query_data: NO39; vertex_id: 7577
size of KTruss: 19
truss unb num: 1
===================Deleting NegativeTriangle ==================
check1
===remove unbalanced==

size1:4
q-in size: 32693
queue out: 1
check2
---start to delete node 

check3
calculation success!
query_data: NO40; vertex_id: 97
size of KTruss: 121
truss unb num: 0
===================Deleting NegativeTriangle ==================
check1
check2
---start to delete node 

check3
calculation success!
query_data: NO41; vertex_id: 283
query_data: NO42; vertex_id: 702
query_data: NO43; vertex_id: 596
size of KTruss: 15
truss unb num: 1
===================Deleting NegativeTriangle ==================
check1
===remove unbalanced==

size1:1
4.1
q-in size: 32558
queue out: 1
check2
---start to delete node 

check3
calculation success!
query_data: NO44; vertex_id: 483
query_data: NO45; vertex_id: 476
query_data: NO46; vertex_id: 412
size of KTruss: 51
truss unb num: 0
===================Deleting NegativeTriangle ==================
check1
check2
---start to delete node 

check3
calculation success!
query_data: NO47; vertex_id: 7594
query_data: NO48; vertex_id: 86
size of KTruss: 260
truss unb num: 5
===================Deleting NegativeTriangle ==================
check1
===remove unbalanced==

size1:1
4.1
q-in size: 32736
queue out: 1
check2
---start to delete node 

check3
calculation success!
query_data: NO49; vertex_id: 362
size of KTruss: 27
truss unb num: 0
===================Deleting NegativeTriangle ==================
check1
check2
---start to delete node 

check3
calculation success!
query_data: NO50; vertex_id: 231
size of KTruss: 0
truss unb num: 0
size of KTruss: 2991
truss unb num: 225
===================Deleting NegativeTriangle ==================
check1
===remove unbalanced==

size1:1
4.1
q-in size: 32667
queue out: 1
check2
---start to delete node 

check3
calculation success!
query_data: NO51; vertex_id: 12
size of KTruss: 464
truss unb num: 8
===================Deleting NegativeTriangle ==================
check1
===remove unbalanced==

size1:2
q-in size: 32713
queue out: 1
check2
---start to delete node 

check3
calculation success!
query_data: NO52; vertex_id: 92
size of KTruss: 186
truss unb num: 4
===================Deleting NegativeTriangle ==================
check1
===remove unbalanced==

size1:1
4.1
q-in size: 32565
queue out: 1
check2
---start to delete node 

check3
calculation success!
query_data: NO53; vertex_id: 7585
size of KTruss: 24
truss unb num: 0
===================Deleting NegativeTriangle ==================
check1
check2
---start to delete node 

check3
calculation success!
query_data: NO54; vertex_id: 680
size of KTruss: 0
truss unb num: 0
size of KTruss: 2822
truss unb num: 243
===================Deleting NegativeTriangle ==================
check1
===remove unbalanced==

size1:1
4.1
q-in size: 32509
queue out: 1
check2
---start to delete node 

check3
calculation success!
query_data: NO55; vertex_id: 397
query_data: NO56; vertex_id: 27
size of KTruss: 326
truss unb num: 5
===================Deleting NegativeTriangle ==================
check1
===remove unbalanced==

size1:1
4.1
q-in size: 32746
queue out: 1
check2
---start to delete node 

check3
calculation success!
query_data: NO57; vertex_id: 7509
query_data: NO58; vertex_id: 7583
size of KTruss: 18
truss unb num: 1
===================Deleting NegativeTriangle ==================
check1
===remove unbalanced==

size1:5
q-in size: 32714
queue out: 1
check2
---start to delete node 

check3
calculation success!
query_data: NO59; vertex_id: 7518
size of KTruss: 20
truss unb num: 2
===================Deleting NegativeTriangle ==================
check1
===remove unbalanced==

size1:1
4.1
q-in size: 32621
queue out: 1
check2
---start to delete node 

check3
calculation success!
query_data: NO60; vertex_id: 882
size of KTruss: 28
truss unb num: 2
===================Deleting NegativeTriangle ==================
check1
===remove unbalanced==

size1:1
4.1
q-in size: 32519
queue out: 1
check2
---start to delete node 

check3
calculation success!
query_data: NO61; vertex_id: 201
size of KTruss: 14
truss unb num: 0
===================Deleting NegativeTriangle ==================
check1
check2
---start to delete node 

check3
calculation success!
query_data: NO62; vertex_id: 32
size of KTruss: 461
truss unb num: 21
===================Deleting NegativeTriangle ==================
check1
===remove unbalanced==

size1:1
4.1
q-in size: 32662
queue out: 1
check2
---start to delete node 

check3
calculation success!
query_data: NO63; vertex_id: 251
query_data: NO64; vertex_id: 180
size of KTruss: 44
truss unb num: 5
===================Deleting NegativeTriangle ==================
check1
===remove unbalanced==

size1:1
4.1
q-in size: 32525
queue out: 1
check2
---start to delete node 

check3
calculation success!
query_data: NO65; vertex_id: 801
size of KTruss: 47
truss unb num: 0
===================Deleting NegativeTriangle ==================
check1
check2
---start to delete node 

check3
calculation success!
query_data: NO66; vertex_id: 189
size of KTruss: 27
truss unb num: 0
===================Deleting NegativeTriangle ==================
check1
check2
---start to delete node 

check3
calculation success!
query_data: NO67; vertex_id: 530
query_data: NO68; vertex_id: 30
size of KTruss: 727
truss unb num: 70
===================Deleting NegativeTriangle ==================
check1
===remove unbalanced==

size1:1
4.1
q-in size: 32514
queue out: 1
check2
---start to delete node 

check3
calculation success!
query_data: NO69; vertex_id: 433
query_data: NO70; vertex_id: 552
query_data: NO71; vertex_id: 211
size of KTruss: 162
truss unb num: 9
===================Deleting NegativeTriangle ==================
check1
===remove unbalanced==

size1:1
4.1
q-in size: 32611
queue out: 1
check2
---start to delete node 

check3
calculation success!
query_data: NO72; vertex_id: 375
size of KTruss: 143
truss unb num: 1
===================Deleting NegativeTriangle ==================
check1
===remove unbalanced==

size1:1
4.1
q-in size: 32605
queue out: 1
check2
---start to delete node 

check3
calculation success!
query_data: NO73; vertex_id: 487
size of KTruss: 77
truss unb num: 0
===================Deleting NegativeTriangle ==================
check1
check2
---start to delete node 

check3
calculation success!
query_data: NO74; vertex_id: 144
query_data: NO75; vertex_id: 651
size of KTruss: 15
truss unb num: 0
===================Deleting NegativeTriangle ==================
check1
check2
---start to delete node 

check3
calculation success!
query_data: NO76; vertex_id: 266
size of KTruss: 88
truss unb num: 2
===================Deleting NegativeTriangle ==================
check1
===remove unbalanced==

size1:2
q-in size: 32624
queue out: 1
check2
---start to delete node 

check3
calculation success!
query_data: NO77; vertex_id: 622
query_data: NO78; vertex_id: 16
size of KTruss: 154
truss unb num: 1
===================Deleting NegativeTriangle ==================
check1
===remove unbalanced==

size1:1
4.1
q-in size: 32639
queue out: 1
check2
---start to delete node 

check3
calculation success!
query_data: NO79; vertex_id: 7334
size of KTruss: 39
truss unb num: 0
===================Deleting NegativeTriangle ==================
check1
check2
---start to delete node 

check3
calculation success!
query_data: NO80; vertex_id: 150
size of KTruss: 79
truss unb num: 0
===================Deleting NegativeTriangle ==================
check1
check2
---start to delete node 

check3
calculation success!
query_data: NO81; vertex_id: 368
query_data: NO82; vertex_id: 235
query_data: NO83; vertex_id: 854
query_data: NO84; vertex_id: 100
size of KTruss: 106
truss unb num: 8
===================Deleting NegativeTriangle ==================
check1
===remove unbalanced==

size1:2
q-in size: 32617
queue out: 1
check2
---start to delete node 

check3
calculation success!
query_data: NO85; vertex_id: 236
query_data: NO86; vertex_id: 348
size of KTruss: 40
truss unb num: 0
===================Deleting NegativeTriangle ==================
check1
check2
---start to delete node 

check3
calculation success!
query_data: NO87; vertex_id: 39
size of KTruss: 179
truss unb num: 5
===================Deleting NegativeTriangle ==================
check1
===remove unbalanced==

size1:9
q-in size: 32651
queue out: 1
check2
---start to delete node 

check3
calculation success!
query_data: NO88; vertex_id: 79
size of KTruss: 43
truss unb num: 0
===================Deleting NegativeTriangle ==================
check1
check2
---start to delete node 

check3
calculation success!
query_data: NO89; vertex_id: 361
query_data: NO90; vertex_id: 792
query_data: NO91; vertex_id: 120
size of KTruss: 83
truss unb num: 0
===================Deleting NegativeTriangle ==================
check1
check2
---start to delete node 

check3
calculation success!
query_data: NO92; vertex_id: 7403
size of KTruss: 10
truss unb num: 0
===================Deleting NegativeTriangle ==================
check1
check2
---start to delete node 

check3
calculation success!
query_data: NO93; vertex_id: 493
query_data: NO94; vertex_id: 89
size of KTruss: 27
truss unb num: 0
===================Deleting NegativeTriangle ==================
check1
check2
---start to delete node 

check3
calculation success!
query_data: NO95; vertex_id: 478
query_data: NO96; vertex_id: 504
query_data: NO97; vertex_id: 588
size of KTruss: 18
truss unb num: 0
===================Deleting NegativeTriangle ==================
check1
check2
---start to delete node 

check3
calculation success!
query_data: NO98; vertex_id: 43
size of KTruss: 610
truss unb num: 46
===================Deleting NegativeTriangle ==================
check1
===remove unbalanced==

size1:1
4.1
q-in size: 32564
queue out: 1
check2
---start to delete node 

check3
calculation success!
query_data: NO99; vertex_id: 406
