
query_data: NO0; vertex_id: 247
size of KTruss: 30
truss unb num: 0
===================Deleting NegativeTriangle ==================
check1
check2
---start to delete node 

check3
calculation success!
query_data: NO1; vertex_id: 564
query_data: NO2; vertex_id: 669
query_data: NO3; vertex_id: 7565
size of KTruss: 194
truss unb num: 21
===================Deleting NegativeTriangle ==================
check1
===remove unbalanced==

size1:10
q-in size: 32665
queue out: 1
check2
---start to delete node 

check3
calculation success!
query_data: NO4; vertex_id: 57
size of KTruss: 20
truss unb num: 0
===================Deleting NegativeTriangle ==================
check1
check2
---start to delete node 

check3
calculation success!
query_data: NO5; vertex_id: 430
query_data: NO6; vertex_id: 358
query_data: NO7; vertex_id: 85
size of KTruss: 598
truss unb num: 52
===================Deleting NegativeTriangle ==================
check1
===remove unbalanced==

size1:1
4.1
q-in size: 32598
queue out: 1
check2
---start to delete node 

check3
calculation success!
query_data: NO8; vertex_id: 386
query_data: NO9; vertex_id: 725
query_data: NO10; vertex_id: 278
query_data: NO11; vertex_id: 643
query_data: NO12; vertex_id: 253
query_data: NO13; vertex_id: 7570
query_data: NO14; vertex_id: 136
size of KTruss: 96
truss unb num: 4
===================Deleting NegativeTriangle ==================
check1
===remove unbalanced==

size1:1
4.1
q-in size: 32680
queue out: 1
check2
---start to delete node 

check3
calculation success!
query_data: NO15; vertex_id: 437
query_data: NO16; vertex_id: 906
size of KTruss: 74
truss unb num: 3
===================Deleting NegativeTriangle ==================
check1
===remove unbalanced==

size1:1
4.1
q-in size: 32575
queue out: 1
check2
---start to delete node 

check3
calculation success!
query_data: NO17; vertex_id: 480
query_data: NO18; vertex_id: 517
query_data: NO19; vertex_id: 214
query_data: NO20; vertex_id: 296
size of KTruss: 27
truss unb num: 0
===================Deleting NegativeTriangle ==================
check1
check2
---start to delete node 

check3
calculation success!
query_data: NO21; vertex_id: 617
query_data: NO22; vertex_id: 1
size of KTruss: 288
truss unb num: 5
===================Deleting NegativeTriangle ==================
check1
===remove unbalanced==

size1:1
4.1
q-in size: 32728
queue out: 1
check2
---start to delete node 

check3
calculation success!
query_data: NO23; vertex_id: 354
query_data: NO24; vertex_id: 419
query_data: NO25; vertex_id: 129
query_data: NO26; vertex_id: 7588
size of KTruss: 50
truss unb num: 4
===================Deleting NegativeTriangle ==================
check1
===remove unbalanced==

size1:6
q-in size: 32631
queue out: 1
check2
---start to delete node 

check3
calculation success!
query_data: NO27; vertex_id: 146
size of KTruss: 0
truss unb num: 0
size of KTruss: 3215
truss unb num: 281
===================Deleting NegativeTriangle ==================
check1
===remove unbalanced==

size1:11
q-in size: 32582
queue out: 1
check2
---start to delete node 

check3
calculation success!
query_data: NO28; vertex_id: 2417
size of KTruss: 34
truss unb num: 0
===================Deleting NegativeTriangle ==================
check1
check2
---start to delete node 

check3
calculation success!
query_data: NO29; vertex_id: 257
query_data: NO30; vertex_id: 303
query_data: NO31; vertex_id: 240
query_data: NO32; vertex_id: 7551
query_data: NO33; vertex_id: 40
size of KTruss: 214
truss unb num: 3
===================Deleting NegativeTriangle ==================
check1
===remove unbalanced==

size1:1
4.1
q-in size: 32595
queue out: 1
check2
---start to delete node 

check3
calculation success!
query_data: NO34; vertex_id: 813
size of KTruss: 0
truss unb num: 0
size of KTruss: 2217
truss unb num: 222
===================Deleting NegativeTriangle ==================
check1
===remove unbalanced==

size1:2
q-in size: 32540
queue out: 1
check2
---start to delete node 

check3
calculation success!
query_data: NO35; vertex_id: 3
size of KTruss: 1053
truss unb num: 80
===================Deleting NegativeTriangle ==================
check1
===remove unbalanced==

size1:1
4.1
q-in size: 32681
queue out: 1
check2
---start to delete node 

check3
calculation success!
query_data: NO36; vertex_id: 7602
size of KTruss: 147
truss unb num: 7
===================Deleting NegativeTriangle ==================
check1
===remove unbalanced==

size1:1
4.1
q-in size: 32654
queue out: 1
check2
---start to delete node 

check3
calculation success!
query_data: NO37; vertex_id: 324
query_data: NO38; vertex_id: 337
size of KTruss: 76
truss unb num: 2
===================Deleting NegativeTriangle ==================
check1
===remove unbalanced==

size1:1
4.1
q-in size: 32641
queue out: 1
check2
---start to delete node 

check3
calculation success!
query_data: NO39; vertex_id: 7577
size of KTruss: 0
truss unb num: 0
size of KTruss: 2927
truss unb num: 212
===================Deleting NegativeTriangle ==================
check1
===remove unbalanced==

quicl delete fail
cannot delete 
size of KTruss: 3600
truss unb num: 298
===================Deleting NegativeTriangle ==================
check1
===remove unbalanced==

quicl delete fail
cannot delete 
size of KTruss: 3600
truss unb num: 298
===================Deleting NegativeTriangle ==================
check1
===remove unbalanced==

quicl delete fail
cannot delete 
size of KTruss: 3600
truss unb num: 298
===================Deleting NegativeTriangle ==================
check1
===remove unbalanced==

quicl delete fail
cannot delete 
size of KTruss: 3600
truss unb num: 298
===================Deleting NegativeTriangle ==================
check1
===remove unbalanced==

quicl delete fail
cannot delete 
---calculation fail! 

query_data: NO40; vertex_id: 97
size of KTruss: 91
truss unb num: 0
===================Deleting NegativeTriangle ==================
check1
check2
---start to delete node 

check3
calculation success!
query_data: NO41; vertex_id: 283
query_data: NO42; vertex_id: 702
query_data: NO43; vertex_id: 596
query_data: NO44; vertex_id: 483
query_data: NO45; vertex_id: 476
query_data: NO46; vertex_id: 412
size of KTruss: 38
truss unb num: 0
===================Deleting NegativeTriangle ==================
check1
check2
---start to delete node 

check3
calculation success!
query_data: NO47; vertex_id: 7594
query_data: NO48; vertex_id: 86
size of KTruss: 251
truss unb num: 5
===================Deleting NegativeTriangle ==================
check1
===remove unbalanced==

size1:1
4.1
q-in size: 32760
queue out: 1
check2
---start to delete node 

check3
calculation success!
query_data: NO49; vertex_id: 362
query_data: NO50; vertex_id: 231
query_data: NO51; vertex_id: 12
size of KTruss: 368
truss unb num: 6
===================Deleting NegativeTriangle ==================
check1
===remove unbalanced==

size1:1
4.1
q-in size: 32642
queue out: 1
check2
---start to delete node 

check3
calculation success!
query_data: NO52; vertex_id: 92
size of KTruss: 159
truss unb num: 4
===================Deleting NegativeTriangle ==================
check1
===remove unbalanced==

size1:1
4.1
q-in size: 32525
queue out: 1
check2
---start to delete node 

check3
calculation success!
query_data: NO53; vertex_id: 7585
size of KTruss: 20
truss unb num: 0
===================Deleting NegativeTriangle ==================
check1
check2
---start to delete node 

check3
calculation success!
query_data: NO54; vertex_id: 680
query_data: NO55; vertex_id: 397
query_data: NO56; vertex_id: 27
size of KTruss: 277
truss unb num: 5
===================Deleting NegativeTriangle ==================
check1
===remove unbalanced==

size1:1
4.1
q-in size: 32643
queue out: 1
check2
---start to delete node 

check3
calculation success!
query_data: NO57; vertex_id: 7509
query_data: NO58; vertex_id: 7583
query_data: NO59; vertex_id: 7518
query_data: NO60; vertex_id: 882
size of KTruss: 0
truss unb num: 0
size of KTruss: 2796
truss unb num: 266
===================Deleting NegativeTriangle ==================
check1
===remove unbalanced==

quicl delete fail
cannot delete 
size of KTruss: 3600
truss unb num: 298
===================Deleting NegativeTriangle ==================
check1
===remove unbalanced==

quicl delete fail
cannot delete 
size of KTruss: 3600
truss unb num: 298
===================Deleting NegativeTriangle ==================
check1
===remove unbalanced==

quicl delete fail
cannot delete 
size of KTruss: 3600
truss unb num: 298
===================Deleting NegativeTriangle ==================
check1
===remove unbalanced==

quicl delete fail
cannot delete 
size of KTruss: 3600
truss unb num: 298
===================Deleting NegativeTriangle ==================
check1
===remove unbalanced==

quicl delete fail
cannot delete 
---calculation fail! 

query_data: NO61; vertex_id: 201
query_data: NO62; vertex_id: 32
size of KTruss: 430
truss unb num: 17
===================Deleting NegativeTriangle ==================
check1
===remove unbalanced==

size1:1
4.1
q-in size: 32761
queue out: 1
check2
---start to delete node 

check3
calculation success!
query_data: NO63; vertex_id: 251
query_data: NO64; vertex_id: 180
size of KTruss: 44
truss unb num: 5
===================Deleting NegativeTriangle ==================
check1
===remove unbalanced==

size1:7
q-in size: 32552
queue out: 1
check2
---start to delete node 

check3
calculation success!
query_data: NO65; vertex_id: 801
size of KTruss: 35
truss unb num: 0
===================Deleting NegativeTriangle ==================
check1
check2
---start to delete node 

check3
calculation success!
query_data: NO66; vertex_id: 189
size of KTruss: 0
truss unb num: 0
size of KTruss: 2593
truss unb num: 241
===================Deleting NegativeTriangle ==================
check1
===remove unbalanced==

size1:5
q-in size: 32664
queue out: 1
check2
---start to delete node 

check3
calculation success!
query_data: NO67; vertex_id: 530
query_data: NO68; vertex_id: 30
size of KTruss: 644
truss unb num: 56
===================Deleting NegativeTriangle ==================
check1
===remove unbalanced==

size1:1
4.1
q-in size: 32544
queue out: 1
check2
---start to delete node 

check3
calculation success!
query_data: NO69; vertex_id: 433
query_data: NO70; vertex_id: 552
query_data: NO71; vertex_id: 211
size of KTruss: 153
truss unb num: 9
===================Deleting NegativeTriangle ==================
check1
===remove unbalanced==

size1:1
4.1
q-in size: 32528
queue out: 1
check2
---start to delete node 

check3
calculation success!
query_data: NO72; vertex_id: 375
size of KTruss: 129
truss unb num: 1
===================Deleting NegativeTriangle ==================
check1
===remove unbalanced==

size1:1
4.1
q-in size: 32720
queue out: 1
check2
---start to delete node 

check3
calculation success!
query_data: NO73; vertex_id: 487
size of KTruss: 56
truss unb num: 0
===================Deleting NegativeTriangle ==================
check1
check2
---start to delete node 

check3
calculation success!
query_data: NO74; vertex_id: 144
query_data: NO75; vertex_id: 651
size of KTruss: 15
truss unb num: 0
===================Deleting NegativeTriangle ==================
check1
check2
---start to delete node 

check3
calculation success!
query_data: NO76; vertex_id: 266
size of KTruss: 83
truss unb num: 2
===================Deleting NegativeTriangle ==================
check1
===remove unbalanced==

size1:1
4.1
q-in size: 32660
queue out: 1
check2
---start to delete node 

check3
calculation success!
query_data: NO77; vertex_id: 622
query_data: NO78; vertex_id: 16
size of KTruss: 89
truss unb num: 1
===================Deleting NegativeTriangle ==================
check1
===remove unbalanced==

size1:6
q-in size: 32596
queue out: 1
check2
---start to delete node 

check3
calculation success!
query_data: NO79; vertex_id: 7334
size of KTruss: 39
truss unb num: 0
===================Deleting NegativeTriangle ==================
check1
check2
---start to delete node 

check3
calculation success!
query_data: NO80; vertex_id: 150
size of KTruss: 74
truss unb num: 0
===================Deleting NegativeTriangle ==================
check1
check2
---start to delete node 

check3
calculation success!
query_data: NO81; vertex_id: 368
query_data: NO82; vertex_id: 235
query_data: NO83; vertex_id: 854
query_data: NO84; vertex_id: 100
size of KTruss: 79
truss unb num: 2
===================Deleting NegativeTriangle ==================
check1
===remove unbalanced==

size1:13
q-in size: 32591
queue out: 1
check2
---start to delete node 

check3
calculation success!
query_data: NO85; vertex_id: 236
query_data: NO86; vertex_id: 348
size of KTruss: 32
truss unb num: 0
===================Deleting NegativeTriangle ==================
check1
check2
---start to delete node 

check3
calculation success!
query_data: NO87; vertex_id: 39
size of KTruss: 150
truss unb num: 3
===================Deleting NegativeTriangle ==================
check1
===remove unbalanced==

size1:1
4.1
q-in size: 32715
queue out: 1
check2
---start to delete node 

check3
calculation success!
query_data: NO88; vertex_id: 79
size of KTruss: 26
truss unb num: 0
===================Deleting NegativeTriangle ==================
check1
check2
---start to delete node 

check3
calculation success!
query_data: NO89; vertex_id: 361
query_data: NO90; vertex_id: 792
query_data: NO91; vertex_id: 120
size of KTruss: 49
truss unb num: 0
===================Deleting NegativeTriangle ==================
check1
check2
---start to delete node 

check3
calculation success!
query_data: NO92; vertex_id: 7403
query_data: NO93; vertex_id: 493
query_data: NO94; vertex_id: 89
size of KTruss: 0
truss unb num: 0
size of KTruss: 2979
truss unb num: 259
===================Deleting NegativeTriangle ==================
check1
===remove unbalanced==

size1:11
q-in size: 32737
queue out: 1
check2
---start to delete node 

check3
calculation success!
query_data: NO95; vertex_id: 478
query_data: NO96; vertex_id: 504
query_data: NO97; vertex_id: 588
query_data: NO98; vertex_id: 43
size of KTruss: 522
truss unb num: 39
===================Deleting NegativeTriangle ==================
check1
===remove unbalanced==

size1:1
4.1
q-in size: 32628
queue out: 1
check2
---start to delete node 

check3
calculation success!
query_data: NO99; vertex_id: 406
