
query_data: NO0; vertex_id: 704
query_data: NO1; vertex_id: 1886
query_data: NO2; vertex_id: 386
query_data: NO3; vertex_id: 772
query_data: NO4; vertex_id: 7530
query_data: NO5; vertex_id: 360
===================Deleting NegativeTriangle ==================
quicl delete fail
===================Deleting NegativeTriangle ==================
quicl delete fail
===================Deleting NegativeTriangle ==================
quicl delete fail
===================Deleting NegativeTriangle ==================
quicl delete fail
===================Deleting NegativeTriangle ==================
quicl delete fail
---calculation fail! 

query_data: NO6; vertex_id: 436
query_data: NO7; vertex_id: 126
===================Deleting NegativeTriangle ==================
calculation success!
query_data: NO8; vertex_id: 505
query_data: NO9; vertex_id: 369
query_data: NO10; vertex_id: 1148
query_data: NO11; vertex_id: 914
query_data: NO12; vertex_id: 31
===================Deleting NegativeTriangle ==================
---start to delete diameter 

calculation success!
query_data: NO13; vertex_id: 1365
query_data: NO14; vertex_id: 1051
query_data: NO15; vertex_id: 1368
query_data: NO16; vertex_id: 453
query_data: NO17; vertex_id: 429
query_data: NO18; vertex_id: 1286
query_data: NO19; vertex_id: 1280
query_data: NO20; vertex_id: 749
query_data: NO21; vertex_id: 208
query_data: NO22; vertex_id: 524
query_data: NO23; vertex_id: 599
query_data: NO24; vertex_id: 645
query_data: NO25; vertex_id: 147
query_data: NO26; vertex_id: 7573
query_data: NO27; vertex_id: 68
===================Deleting NegativeTriangle ==================
calculation success!
query_data: NO28; vertex_id: 443
query_data: NO29; vertex_id: 62
===================Deleting NegativeTriangle ==================
calculation success!
query_data: NO30; vertex_id: 139
query_data: NO31; vertex_id: 26
===================Deleting NegativeTriangle ==================
---start to delete diameter 

calculation success!
query_data: NO32; vertex_id: 602
query_data: NO33; vertex_id: 511
query_data: NO34; vertex_id: 1425
query_data: NO35; vertex_id: 1138
query_data: NO36; vertex_id: 711
query_data: NO37; vertex_id: 59
===================Deleting NegativeTriangle ==================
calculation success!
query_data: NO38; vertex_id: 635
query_data: NO39; vertex_id: 240
query_data: NO40; vertex_id: 642
query_data: NO41; vertex_id: 525
query_data: NO42; vertex_id: 1351
query_data: NO43; vertex_id: 517
query_data: NO44; vertex_id: 1459
query_data: NO45; vertex_id: 846
query_data: NO46; vertex_id: 1224
query_data: NO47; vertex_id: 1505
query_data: NO48; vertex_id: 2179
query_data: NO49; vertex_id: 890
query_data: NO50; vertex_id: 353
query_data: NO51; vertex_id: 7498
query_data: NO52; vertex_id: 768
query_data: NO53; vertex_id: 1353
query_data: NO54; vertex_id: 7565
===================Deleting NegativeTriangle ==================
---start to delete diameter 

calculation success!
query_data: NO55; vertex_id: 352
===================Deleting NegativeTriangle ==================
calculation success!
query_data: NO56; vertex_id: 437
query_data: NO57; vertex_id: 448
query_data: NO58; vertex_id: 298
query_data: NO59; vertex_id: 198
===================Deleting NegativeTriangle ==================
quicl delete fail
===================Deleting NegativeTriangle ==================
quicl delete fail
===================Deleting NegativeTriangle ==================
quicl delete fail
===================Deleting NegativeTriangle ==================
quicl delete fail
===================Deleting NegativeTriangle ==================
quicl delete fail
---calculation fail! 

query_data: NO60; vertex_id: 499
query_data: NO61; vertex_id: 632
query_data: NO62; vertex_id: 7584
query_data: NO63; vertex_id: 566
query_data: NO64; vertex_id: 912
query_data: NO65; vertex_id: 696
query_data: NO66; vertex_id: 1740
query_data: NO67; vertex_id: 1404
query_data: NO68; vertex_id: 2261
query_data: NO69; vertex_id: 330
===================Deleting NegativeTriangle ==================
---start to delete diameter 

calculation success!
query_data: NO70; vertex_id: 871
===================Deleting NegativeTriangle ==================
calculation success!
query_data: NO71; vertex_id: 336
query_data: NO72; vertex_id: 199
query_data: NO73; vertex_id: 7574
query_data: NO74; vertex_id: 7544
query_data: NO75; vertex_id: 1055
query_data: NO76; vertex_id: 239
query_data: NO77; vertex_id: 402
query_data: NO78; vertex_id: 1573
query_data: NO79; vertex_id: 27
===================Deleting NegativeTriangle ==================
calculation success!
query_data: NO80; vertex_id: 1187
query_data: NO81; vertex_id: 7373
query_data: NO82; vertex_id: 586
query_data: NO83; vertex_id: 7419
query_data: NO84; vertex_id: 1257
query_data: NO85; vertex_id: 961
query_data: NO86; vertex_id: 486
query_data: NO87; vertex_id: 1430
query_data: NO88; vertex_id: 7596
query_data: NO89; vertex_id: 416
query_data: NO90; vertex_id: 513
query_data: NO91; vertex_id: 223
query_data: NO92; vertex_id: 251
query_data: NO93; vertex_id: 966
query_data: NO94; vertex_id: 498
===================Deleting NegativeTriangle ==================
calculation success!
query_data: NO95; vertex_id: 419
query_data: NO96; vertex_id: 189
===================Deleting NegativeTriangle ==================
---start to delete diameter 

calculation success!
query_data: NO97; vertex_id: 118
===================Deleting NegativeTriangle ==================
calculation success!
query_data: NO98; vertex_id: 801
===================Deleting NegativeTriangle ==================
calculation success!
query_data: NO99; vertex_id: 1010
