
query_data: NO0; vertex_id: 7341
query_data: NO1; vertex_id: 946
===================Deleting NegativeTriangle ==================
check1
check2
---start to delete node 

check3
calculation success!
query_data: NO2; vertex_id: 693
query_data: NO3; vertex_id: 236
query_data: NO4; vertex_id: 660
query_data: NO5; vertex_id: 596
query_data: NO6; vertex_id: 474
query_data: NO7; vertex_id: 490
query_data: NO8; vertex_id: 356
query_data: NO9; vertex_id: 707
query_data: NO10; vertex_id: 627
query_data: NO11; vertex_id: 165
===================Deleting NegativeTriangle ==================
check1
===remove unbalanced==

check2
---start to delete node 

check3
calculation success!
query_data: NO12; vertex_id: 70
===================Deleting NegativeTriangle ==================
check1
===remove unbalanced==

check2
---start to delete node 

check3
calculation success!
query_data: NO13; vertex_id: 284
===================Deleting NegativeTriangle ==================
check1
check2
---start to delete node 

check3
calculation success!
query_data: NO14; vertex_id: 7604
===================Deleting NegativeTriangle ==================
check1
===remove unbalanced==

check2
---start to delete node 

check3
calculation success!
query_data: NO15; vertex_id: 365
query_data: NO16; vertex_id: 335
===================Deleting NegativeTriangle ==================
check1
check2
---start to delete node 

check3
calculation success!
query_data: NO17; vertex_id: 423
query_data: NO18; vertex_id: 111
===================Deleting NegativeTriangle ==================
check1
===remove unbalanced==

check2
---start to delete node 

check3
calculation success!
query_data: NO19; vertex_id: 747
query_data: NO20; vertex_id: 375
===================Deleting NegativeTriangle ==================
check1
===remove unbalanced==

check2
---start to delete node 

check3
calculation success!
query_data: NO21; vertex_id: 175
===================Deleting NegativeTriangle ==================
check1
check2
---start to delete node 

check3
calculation success!
query_data: NO22; vertex_id: 1386
===================Deleting NegativeTriangle ==================
check1
check2
---start to delete node 

check3
calculation success!
query_data: NO23; vertex_id: 373
query_data: NO24; vertex_id: 706
query_data: NO25; vertex_id: 883
query_data: NO26; vertex_id: 769
query_data: NO27; vertex_id: 720
query_data: NO28; vertex_id: 683
query_data: NO29; vertex_id: 257
query_data: NO30; vertex_id: 542
query_data: NO31; vertex_id: 346
===================Deleting NegativeTriangle ==================
check1
check2
---start to delete node 

check3
calculation success!
query_data: NO32; vertex_id: 361
query_data: NO33; vertex_id: 822
query_data: NO34; vertex_id: 43
===================Deleting NegativeTriangle ==================
check1
===remove unbalanced==

check2
---start to delete node 

check3
calculation success!
query_data: NO35; vertex_id: 299
query_data: NO36; vertex_id: 371
query_data: NO37; vertex_id: 168
===================Deleting NegativeTriangle ==================
check1
check2
---start to delete node 

check3
calculation success!
query_data: NO38; vertex_id: 193
===================Deleting NegativeTriangle ==================
check1
check2
---start to delete node 

check3
calculation success!
query_data: NO39; vertex_id: 7403
query_data: NO40; vertex_id: 1134
query_data: NO41; vertex_id: 22
===================Deleting NegativeTriangle ==================
check1
===remove unbalanced==

check2
---start to delete node 

check3
calculation success!
query_data: NO42; vertex_id: 91
query_data: NO43; vertex_id: 1458
query_data: NO44; vertex_id: 282
query_data: NO45; vertex_id: 185
===================Deleting NegativeTriangle ==================
check1
===remove unbalanced==

check2
---start to delete node 

check3
calculation success!
query_data: NO46; vertex_id: 12
===================Deleting NegativeTriangle ==================
check1
===remove unbalanced==

check2
---start to delete node 

check3
calculation success!
query_data: NO47; vertex_id: 572
query_data: NO48; vertex_id: 442
query_data: NO49; vertex_id: 467
query_data: NO50; vertex_id: 281
===================Deleting NegativeTriangle ==================
check1
===remove unbalanced==

check2
---start to delete node 

check3
calculation success!
query_data: NO51; vertex_id: 403
query_data: NO52; vertex_id: 876
query_data: NO53; vertex_id: 7386
===================Deleting NegativeTriangle ==================
check1
===remove unbalanced==

check2
---start to delete node 

check3
calculation success!
query_data: NO54; vertex_id: 432
query_data: NO55; vertex_id: 951
query_data: NO56; vertex_id: 11
===================Deleting NegativeTriangle ==================
check1
===remove unbalanced==

check2
---start to delete node 

check3
calculation success!
query_data: NO57; vertex_id: 48
===================Deleting NegativeTriangle ==================
check1
===remove unbalanced==

check2
---start to delete node 

check3
calculation success!
query_data: NO58; vertex_id: 220
query_data: NO59; vertex_id: 433
query_data: NO60; vertex_id: 651
===================Deleting NegativeTriangle ==================
check1
check2
---start to delete node 

check3
calculation success!
query_data: NO61; vertex_id: 1322
query_data: NO62; vertex_id: 512
query_data: NO63; vertex_id: 263
query_data: NO64; vertex_id: 488
query_data: NO65; vertex_id: 904
query_data: NO66; vertex_id: 30
===================Deleting NegativeTriangle ==================
check1
===remove unbalanced==

check2
---start to delete node 

check3
calculation success!
query_data: NO67; vertex_id: 491
===================Deleting NegativeTriangle ==================
check1
===remove unbalanced==

check2
---start to delete node 

check3
calculation success!
query_data: NO68; vertex_id: 526
query_data: NO69; vertex_id: 796
query_data: NO70; vertex_id: 28
query_data: NO71; vertex_id: 20
===================Deleting NegativeTriangle ==================
check1
===remove unbalanced==

check2
---start to delete node 

check3
calculation success!
query_data: NO72; vertex_id: 472
query_data: NO73; vertex_id: 194
query_data: NO74; vertex_id: 7571
query_data: NO75; vertex_id: 224
query_data: NO76; vertex_id: 6369
query_data: NO77; vertex_id: 625
query_data: NO78; vertex_id: 350
query_data: NO79; vertex_id: 39
===================Deleting NegativeTriangle ==================
check1
===remove unbalanced==

check2
---start to delete node 

check3
calculation success!
query_data: NO80; vertex_id: 181
query_data: NO81; vertex_id: 7580
===================Deleting NegativeTriangle ==================
check1
===remove unbalanced==

check2
---start to delete node 

check3
calculation success!
query_data: NO82; vertex_id: 42
===================Deleting NegativeTriangle ==================
check1
===remove unbalanced==

check2
---start to delete node 

check3
calculation success!
query_data: NO83; vertex_id: 57
===================Deleting NegativeTriangle ==================
check1
check2
---start to delete node 

check3
calculation success!
query_data: NO84; vertex_id: 3516
query_data: NO85; vertex_id: 273
query_data: NO86; vertex_id: 1401
query_data: NO87; vertex_id: 612
query_data: NO88; vertex_id: 661
query_data: NO89; vertex_id: 106
===================Deleting NegativeTriangle ==================
check1
check2
---start to delete node 

check3
calculation success!
query_data: NO90; vertex_id: 367
query_data: NO91; vertex_id: 958
query_data: NO92; vertex_id: 69
===================Deleting NegativeTriangle ==================
check1
===remove unbalanced==

check2
---start to delete node 

check3
calculation success!
query_data: NO93; vertex_id: 362
query_data: NO94; vertex_id: 603
query_data: NO95; vertex_id: 177
===================Deleting NegativeTriangle ==================
check1
===remove unbalanced==

check2
---start to delete node 

check3
calculation success!
query_data: NO96; vertex_id: 417
query_data: NO97; vertex_id: 516
query_data: NO98; vertex_id: 7594
query_data: NO99; vertex_id: 681
===================Deleting NegativeTriangle ==================
check1
===remove unbalanced==

check2
---start to delete node 

check3
calculation success!
