
query_data: NO0; vertex_id: 74869
query_data: NO1; vertex_id: 50027
query_data: NO2; vertex_id: 119597
query_data: NO3; vertex_id: 13674
query_data: NO4; vertex_id: 18539
--------when hop is 1
size of KTruss: 250
truss unb num: 0
===================Deleting NegativeTriangle ==================
check1
test1
check2
---start to delete node 

check3
calculation success!
query_data: NO5; vertex_id: 36345
query_data: NO6; vertex_id: 103883
query_data: NO7; vertex_id: 106572
query_data: NO8; vertex_id: 85105
query_data: NO9; vertex_id: 83892
query_data: NO10; vertex_id: 53012
query_data: NO11; vertex_id: 48074
query_data: NO12; vertex_id: 72989
query_data: NO13; vertex_id: 61963
query_data: NO14; vertex_id: 50667
query_data: NO15; vertex_id: 42036
query_data: NO16; vertex_id: 65435
query_data: NO17; vertex_id: 82415
query_data: NO18; vertex_id: 43671
query_data: NO19; vertex_id: 3904
--------when hop is 1
size of KTruss: 5702
truss unb num: 524
===================Deleting NegativeTriangle ==================
check1
test1
===remove unbalanced==

Execution of program ade with k=10 and query_set_size=100 timed out.
query_data: NO20; vertex_id: 92044
query_data: NO21; vertex_id: 22586
query_data: NO22; vertex_id: 20399
query_data: NO23; vertex_id: 90620
query_data: NO24; vertex_id: 9526
query_data: NO25; vertex_id: 63052
query_data: NO26; vertex_id: 41243
query_data: NO27; vertex_id: 16994
--------when hop is 1
size of KTruss: 5727
truss unb num: 968
===================Deleting NegativeTriangle ==================
check1
test1
===remove unbalanced==

Execution of program ade with k=10 and query_set_size=100 timed out.
query_data: NO28; vertex_id: 108561
query_data: NO29; vertex_id: 52410
query_data: NO30; vertex_id: 28374
query_data: NO31; vertex_id: 8175
query_data: NO32; vertex_id: 73418
query_data: NO33; vertex_id: 70115
query_data: NO34; vertex_id: 50638
query_data: NO35; vertex_id: 120348
query_data: NO36; vertex_id: 114334
query_data: NO37; vertex_id: 14965
query_data: NO38; vertex_id: 37574
query_data: NO39; vertex_id: 22402
query_data: NO40; vertex_id: 31894
query_data: NO41; vertex_id: 1197
query_data: NO42; vertex_id: 119544
query_data: NO43; vertex_id: 127423
query_data: NO44; vertex_id: 53299
query_data: NO45; vertex_id: 104427
query_data: NO46; vertex_id: 53281
query_data: NO47; vertex_id: 121797
query_data: NO48; vertex_id: 28482
query_data: NO49; vertex_id: 49762
query_data: NO50; vertex_id: 51598
query_data: NO51; vertex_id: 1248
query_data: NO52; vertex_id: 74288
query_data: NO53; vertex_id: 48550
query_data: NO54; vertex_id: 67769
query_data: NO55; vertex_id: 22720
query_data: NO56; vertex_id: 2121
query_data: NO57; vertex_id: 106536
query_data: NO58; vertex_id: 34590
query_data: NO59; vertex_id: 85230
query_data: NO60; vertex_id: 53022
query_data: NO61; vertex_id: 103480
query_data: NO62; vertex_id: 26184
query_data: NO63; vertex_id: 28881
query_data: NO64; vertex_id: 9271
--------when hop is 1
size of KTruss: 1270
truss unb num: 97
===================Deleting NegativeTriangle ==================
check1
test1
===remove unbalanced==

Execution of program ade with k=10 and query_set_size=100 timed out.
query_data: NO65; vertex_id: 60787
query_data: NO66; vertex_id: 15122
query_data: NO67; vertex_id: 11052
query_data: NO68; vertex_id: 54574
query_data: NO69; vertex_id: 47462
query_data: NO70; vertex_id: 48854
query_data: NO71; vertex_id: 16131
query_data: NO72; vertex_id: 43751
query_data: NO73; vertex_id: 100562
query_data: NO74; vertex_id: 94985
query_data: NO75; vertex_id: 51418
query_data: NO76; vertex_id: 119328
query_data: NO77; vertex_id: 44230
query_data: NO78; vertex_id: 72991
query_data: NO79; vertex_id: 74115
query_data: NO80; vertex_id: 117552
query_data: NO81; vertex_id: 50566
query_data: NO82; vertex_id: 58485
query_data: NO83; vertex_id: 106985
query_data: NO84; vertex_id: 101043
query_data: NO85; vertex_id: 82680
query_data: NO86; vertex_id: 71955
query_data: NO87; vertex_id: 110543
query_data: NO88; vertex_id: 11498
--------when hop is 1
size of KTruss: 1717
truss unb num: 168
===================Deleting NegativeTriangle ==================
check1
test1
===remove unbalanced==

Execution of program ade with k=10 and query_set_size=100 timed out.
query_data: NO89; vertex_id: 127182
query_data: NO90; vertex_id: 131527
query_data: NO91; vertex_id: 109590
query_data: NO92; vertex_id: 95804
query_data: NO93; vertex_id: 107650
query_data: NO94; vertex_id: 3367
query_data: NO95; vertex_id: 28582
query_data: NO96; vertex_id: 92834
query_data: NO97; vertex_id: 27416
query_data: NO98; vertex_id: 50227
query_data: NO99; vertex_id: 19144
