
query_data: NO0; vertex_id: 52725
query_data: NO1; vertex_id: 106306
query_data: NO2; vertex_id: 106717
query_data: NO3; vertex_id: 115715
query_data: NO4; vertex_id: 568
query_data: NO5; vertex_id: 59464
query_data: NO6; vertex_id: 51145
query_data: NO7; vertex_id: 106899
query_data: NO8; vertex_id: 63240
query_data: NO9; vertex_id: 113221
query_data: NO10; vertex_id: 1087
query_data: NO11; vertex_id: 19383
query_data: NO12; vertex_id: 67229
query_data: NO13; vertex_id: 55949
query_data: NO14; vertex_id: 68074
query_data: NO15; vertex_id: 3365
--------when hop is 1
size of KTruss: 73
truss unb num: 0
===================Deleting NegativeTriangle ==================
check1
test1
check2
---start to delete node 

check3
calculation success!
query_data: NO16; vertex_id: 14585
--------when hop is 1
size of KTruss: 634
truss unb num: 20
===================Deleting NegativeTriangle ==================
check1
test1
===remove unbalanced==

q-in size: 33922
queue out: 1043
check2
---start to delete node 

check3
calculation success!
query_data: NO17; vertex_id: 24490
--------when hop is 1
size of KTruss: 45
truss unb num: 0
===================Deleting NegativeTriangle ==================
check1
test1
check2
---start to delete node 

check3
calculation success!
query_data: NO18; vertex_id: 76101
query_data: NO19; vertex_id: 14205
query_data: NO20; vertex_id: 5688
query_data: NO21; vertex_id: 106849
query_data: NO22; vertex_id: 57761
--------when hop is 1
size of KTruss: 0
truss unb num: 0
--------when hop is 2
size of KTruss: 333
truss unb num: 0
===================Deleting NegativeTriangle ==================
check1
test1
check2
---start to delete node 

check3
calculation success!
query_data: NO23; vertex_id: 16747
query_data: NO24; vertex_id: 41246
query_data: NO25; vertex_id: 9549
query_data: NO26; vertex_id: 12673
query_data: NO27; vertex_id: 63345
query_data: NO28; vertex_id: 12759
query_data: NO29; vertex_id: 40912
query_data: NO30; vertex_id: 40240
query_data: NO31; vertex_id: 117174
query_data: NO32; vertex_id: 7376
query_data: NO33; vertex_id: 122533
query_data: NO34; vertex_id: 27478
query_data: NO35; vertex_id: 69134
query_data: NO36; vertex_id: 113987
query_data: NO37; vertex_id: 68770
query_data: NO38; vertex_id: 37817
query_data: NO39; vertex_id: 3623
--------when hop is 1
size of KTruss: 0
truss unb num: 0
--------when hop is 2
size of KTruss: 165630
truss unb num: 42358
===================Deleting NegativeTriangle ==================
check1
test1
===remove unbalanced==

Execution of program ade with k=10 and query_set_size=40 timed out.
query_data: NO40; vertex_id: 60800
query_data: NO41; vertex_id: 8933
query_data: NO42; vertex_id: 7019
query_data: NO43; vertex_id: 58233
query_data: NO44; vertex_id: 28731
query_data: NO45; vertex_id: 28195
query_data: NO46; vertex_id: 129540
query_data: NO47; vertex_id: 86718
query_data: NO48; vertex_id: 12940
query_data: NO49; vertex_id: 72295
query_data: NO50; vertex_id: 66405
query_data: NO51; vertex_id: 24274
--------when hop is 1
size of KTruss: 901
truss unb num: 17
===================Deleting NegativeTriangle ==================
check1
test1
===remove unbalanced==

q-in size: 33621
queue out: 1113
check2
---start to delete node 

check3
calculation success!
query_data: NO52; vertex_id: 9980
--------when hop is 1
size of KTruss: 2960
truss unb num: 326
===================Deleting NegativeTriangle ==================
check1
test1
===remove unbalanced==

Execution of program ade with k=10 and query_set_size=40 timed out.
query_data: NO53; vertex_id: 14370
query_data: NO54; vertex_id: 61392
query_data: NO55; vertex_id: 63548
query_data: NO56; vertex_id: 70331
query_data: NO57; vertex_id: 71886
query_data: NO58; vertex_id: 125485
query_data: NO59; vertex_id: 13812
query_data: NO60; vertex_id: 62358
query_data: NO61; vertex_id: 20546
query_data: NO62; vertex_id: 60
query_data: NO63; vertex_id: 118984
query_data: NO64; vertex_id: 40959
query_data: NO65; vertex_id: 9021
query_data: NO66; vertex_id: 114595
query_data: NO67; vertex_id: 131340
query_data: NO68; vertex_id: 8628
query_data: NO69; vertex_id: 26110
query_data: NO70; vertex_id: 5589
query_data: NO71; vertex_id: 88748
query_data: NO72; vertex_id: 1684
--------when hop is 1
size of KTruss: 0
truss unb num: 0
--------when hop is 2
size of KTruss: 134544
truss unb num: 37353
===================Deleting NegativeTriangle ==================
check1
test1
===remove unbalanced==

Execution of program ade with k=10 and query_set_size=40 timed out.
query_data: NO73; vertex_id: 57575
query_data: NO74; vertex_id: 67272
query_data: NO75; vertex_id: 20231
--------when hop is 1
size of KTruss: 0
truss unb num: 0
--------when hop is 2
size of KTruss: 202592
truss unb num: 44848
===================Deleting NegativeTriangle ==================
check1
test1
===remove unbalanced==

Execution of program ade with k=10 and query_set_size=40 timed out.
query_data: NO76; vertex_id: 88412
query_data: NO77; vertex_id: 59944
query_data: NO78; vertex_id: 29940
query_data: NO79; vertex_id: 44053
query_data: NO80; vertex_id: 80473
query_data: NO81; vertex_id: 107181
query_data: NO82; vertex_id: 14279
query_data: NO83; vertex_id: 45591
query_data: NO84; vertex_id: 23355
query_data: NO85; vertex_id: 92848
--------when hop is 1
size of KTruss: 639
truss unb num: 27
===================Deleting NegativeTriangle ==================
check1
test1
===remove unbalanced==

q-in size: 37280
queue out: 4451
check2
---start to delete node 

check3
calculation success!
query_data: NO86; vertex_id: 78298
query_data: NO87; vertex_id: 41700
query_data: NO88; vertex_id: 80878
query_data: NO89; vertex_id: 118777
query_data: NO90; vertex_id: 51332
query_data: NO91; vertex_id: 52467
query_data: NO92; vertex_id: 27341
query_data: NO93; vertex_id: 44509
query_data: NO94; vertex_id: 56950
query_data: NO95; vertex_id: 7414
query_data: NO96; vertex_id: 35619
query_data: NO97; vertex_id: 69624
query_data: NO98; vertex_id: 107714
query_data: NO99; vertex_id: 112315
