
query_data: NO0; vertex_id: 43103
--------when hop is 1
size of KTruss: 34
truss unb num: 0
===================Deleting NegativeTriangle ==================
check1
test1
check2
---start to delete node 

check3
calculation success!
query_data: NO1; vertex_id: 102175
query_data: NO2; vertex_id: 99872
query_data: NO3; vertex_id: 57447
query_data: NO4; vertex_id: 90598
query_data: NO5; vertex_id: 54722
--------when hop is 1
size of KTruss: 34
truss unb num: 0
===================Deleting NegativeTriangle ==================
check1
test1
check2
---start to delete node 

check3
calculation success!
query_data: NO6; vertex_id: 28278
--------when hop is 1
size of KTruss: 10
truss unb num: 0
===================Deleting NegativeTriangle ==================
check1
test1
check2
---start to delete node 

check3
calculation success!
query_data: NO7; vertex_id: 9442
--------when hop is 1
size of KTruss: 425
truss unb num: 6
===================Deleting NegativeTriangle ==================
check1
test1
===remove unbalanced==

q-in size: 32610
queue out: 28
check2
---start to delete node 

check3
calculation success!
query_data: NO8; vertex_id: 63187
query_data: NO9; vertex_id: 59388
--------when hop is 1
size of KTruss: 1772
truss unb num: 23
===================Deleting NegativeTriangle ==================
check1
test1
===remove unbalanced==

q-in size: 32553
queue out: 9
check2
---start to delete node 

check3
calculation success!
query_data: NO10; vertex_id: 64707
--------when hop is 1
size of KTruss: 54
truss unb num: 0
===================Deleting NegativeTriangle ==================
check1
test1
check2
---start to delete node 

check3
calculation success!
query_data: NO11; vertex_id: 98533
--------when hop is 1
size of KTruss: 144
truss unb num: 10
===================Deleting NegativeTriangle ==================
check1
test1
===remove unbalanced==

q-in size: 32595
queue out: 7
check2
---start to delete node 

check3
calculation success!
query_data: NO12; vertex_id: 30898
--------when hop is 1
size of KTruss: 15634
truss unb num: 95
===================Deleting NegativeTriangle ==================
check1
test1
===remove unbalanced==

q-in size: 32601
queue out: 24
check2
---start to delete node 

check3
calculation success!
query_data: NO13; vertex_id: 40106
query_data: NO14; vertex_id: 103175
query_data: NO15; vertex_id: 68458
--------when hop is 1
size of KTruss: 24
truss unb num: 0
===================Deleting NegativeTriangle ==================
check1
test1
check2
---start to delete node 

check3
calculation success!
query_data: NO16; vertex_id: 62968
--------when hop is 1
size of KTruss: 39
truss unb num: 2
===================Deleting NegativeTriangle ==================
check1
test1
===remove unbalanced==

q-in size: 32674
queue out: 2
check2
---start to delete node 

check3
calculation success!
query_data: NO17; vertex_id: 108502
--------when hop is 1
size of KTruss: 14
truss unb num: 0
===================Deleting NegativeTriangle ==================
check1
test1
check2
---start to delete node 

check3
calculation success!
query_data: NO18; vertex_id: 52286
--------when hop is 1
size of KTruss: 81
truss unb num: 0
===================Deleting NegativeTriangle ==================
check1
test1
check2
---start to delete node 

check3
calculation success!
query_data: NO19; vertex_id: 5277
query_data: NO20; vertex_id: 10291
query_data: NO21; vertex_id: 115121
query_data: NO22; vertex_id: 16276
--------when hop is 1
size of KTruss: 414
truss unb num: 38
===================Deleting NegativeTriangle ==================
check1
test1
===remove unbalanced==

q-in size: 32675
queue out: 20
check2
---start to delete node 

check3
calculation success!
query_data: NO23; vertex_id: 40559
--------when hop is 1
size of KTruss: 24
truss unb num: 2
===================Deleting NegativeTriangle ==================
check1
test1
===remove unbalanced==

q-in size: 32614
queue out: 2
check2
---start to delete node 

check3
calculation success!
query_data: NO24; vertex_id: 49796
query_data: NO25; vertex_id: 14140
query_data: NO26; vertex_id: 10326
--------when hop is 1
size of KTruss: 230
truss unb num: 0
===================Deleting NegativeTriangle ==================
check1
test1
check2
---start to delete node 

check3
calculation success!
query_data: NO27; vertex_id: 24601
--------when hop is 1
size of KTruss: 754
truss unb num: 0
===================Deleting NegativeTriangle ==================
check1
test1
check2
---start to delete node 

check3
calculation success!
query_data: NO28; vertex_id: 41753
--------when hop is 1
size of KTruss: 0
truss unb num: 0
--------when hop is 2
size of KTruss: 64132
truss unb num: 14110
===================Deleting NegativeTriangle ==================
check1
test1
===remove unbalanced==

