
query_data: NO0; vertex_id: 1220
query_data: NO1; vertex_id: 2086
query_data: NO2; vertex_id: 810
query_data: NO3; vertex_id: 337
===================Deleting NegativeTriangle ==================
---start to delete node 

calculation success!
query_data: NO4; vertex_id: 875
query_data: NO5; vertex_id: 131
===================Deleting NegativeTriangle ==================
---start to delete node 

calculation success!
query_data: NO6; vertex_id: 1588
query_data: NO7; vertex_id: 322
query_data: NO8; vertex_id: 1526
query_data: NO9; vertex_id: 1038
query_data: NO10; vertex_id: 2041
query_data: NO11; vertex_id: 1490
query_data: NO12; vertex_id: 473
query_data: NO13; vertex_id: 444
query_data: NO14; vertex_id: 1163
query_data: NO15; vertex_id: 1283
query_data: NO16; vertex_id: 393
===================Deleting NegativeTriangle ==================
---start to delete node 

calculation success!
query_data: NO17; vertex_id: 328
query_data: NO18; vertex_id: 540
query_data: NO19; vertex_id: 944
query_data: NO20; vertex_id: 413
query_data: NO21; vertex_id: 1787
query_data: NO22; vertex_id: 7561
query_data: NO23; vertex_id: 3443
query_data: NO24; vertex_id: 2357
query_data: NO25; vertex_id: 96
===================Deleting NegativeTriangle ==================
---start to delete node 

calculation success!
query_data: NO26; vertex_id: 1339
query_data: NO27; vertex_id: 1129
query_data: NO28; vertex_id: 1536
query_data: NO29; vertex_id: 19
===================Deleting NegativeTriangle ==================
---start to delete node 

calculation success!
query_data: NO30; vertex_id: 1774
query_data: NO31; vertex_id: 340
query_data: NO32; vertex_id: 449
===================Deleting NegativeTriangle ==================
---start to delete node 

calculation success!
query_data: NO33; vertex_id: 1909
query_data: NO34; vertex_id: 1606
query_data: NO35; vertex_id: 62
===================Deleting NegativeTriangle ==================
---start to delete node 

calculation success!
query_data: NO36; vertex_id: 3178
query_data: NO37; vertex_id: 1551
query_data: NO38; vertex_id: 154
===================Deleting NegativeTriangle ==================
---start to delete node 

calculation success!
query_data: NO39; vertex_id: 2416
query_data: NO40; vertex_id: 7594
query_data: NO41; vertex_id: 1350
query_data: NO42; vertex_id: 2269
query_data: NO43; vertex_id: 891
query_data: NO44; vertex_id: 996
query_data: NO45; vertex_id: 662
query_data: NO46; vertex_id: 812
query_data: NO47; vertex_id: 1964
query_data: NO48; vertex_id: 515
query_data: NO49; vertex_id: 849
query_data: NO50; vertex_id: 450
query_data: NO51; vertex_id: 1342
query_data: NO52; vertex_id: 666
===================Deleting NegativeTriangle ==================
---start to delete node 

calculation success!
query_data: NO53; vertex_id: 594
query_data: NO54; vertex_id: 3179
query_data: NO55; vertex_id: 177
===================Deleting NegativeTriangle ==================
---start to delete node 

calculation success!
query_data: NO56; vertex_id: 1288
query_data: NO57; vertex_id: 305
===================Deleting NegativeTriangle ==================
===================Deleting NegativeTriangle ==================
===================Deleting NegativeTriangle ==================
===================Deleting NegativeTriangle ==================
===================Deleting NegativeTriangle ==================
---calculation fail! 

query_data: NO58; vertex_id: 7444
===================Deleting NegativeTriangle ==================
---start to delete node 

calculation success!
query_data: NO59; vertex_id: 2577
query_data: NO60; vertex_id: 7427
query_data: NO61; vertex_id: 1335
query_data: NO62; vertex_id: 56
===================Deleting NegativeTriangle ==================
---start to delete node 

calculation success!
query_data: NO63; vertex_id: 1621
query_data: NO64; vertex_id: 2371
query_data: NO65; vertex_id: 1959
query_data: NO66; vertex_id: 455
query_data: NO67; vertex_id: 528
query_data: NO68; vertex_id: 389
query_data: NO69; vertex_id: 689
query_data: NO70; vertex_id: 800
query_data: NO71; vertex_id: 604
query_data: NO72; vertex_id: 657
query_data: NO73; vertex_id: 635
query_data: NO74; vertex_id: 1030
query_data: NO75; vertex_id: 165
===================Deleting NegativeTriangle ==================
---start to delete node 

calculation success!
query_data: NO76; vertex_id: 7379
query_data: NO77; vertex_id: 2253
query_data: NO78; vertex_id: 1314
query_data: NO79; vertex_id: 1861
query_data: NO80; vertex_id: 603
query_data: NO81; vertex_id: 1803
query_data: NO82; vertex_id: 1688
query_data: NO83; vertex_id: 2079
query_data: NO84; vertex_id: 984
query_data: NO85; vertex_id: 798
===================Deleting NegativeTriangle ==================
---start to delete node 

calculation success!
query_data: NO86; vertex_id: 352
===================Deleting NegativeTriangle ==================
---start to delete node 

calculation success!
query_data: NO87; vertex_id: 638
===================Deleting NegativeTriangle ==================
===================Deleting NegativeTriangle ==================
===================Deleting NegativeTriangle ==================
===================Deleting NegativeTriangle ==================
===================Deleting NegativeTriangle ==================
---calculation fail! 

query_data: NO88; vertex_id: 459
query_data: NO89; vertex_id: 1614
query_data: NO90; vertex_id: 801
===================Deleting NegativeTriangle ==================
---start to delete node 

calculation success!
query_data: NO91; vertex_id: 7491
query_data: NO92; vertex_id: 1926
query_data: NO93; vertex_id: 1998
query_data: NO94; vertex_id: 816
query_data: NO95; vertex_id: 1489
query_data: NO96; vertex_id: 181
===================Deleting NegativeTriangle ==================
---start to delete node 

calculation success!
query_data: NO97; vertex_id: 1943
query_data: NO98; vertex_id: 706
query_data: NO99; vertex_id: 1128
