
query_data: NO0; vertex_id: 2510
Cannot obtain any result 
query_data: NO1; vertex_id: 598
Cannot obtain any result 
query_data: NO2; vertex_id: 2997
Cannot obtain any result 
query_data: NO3; vertex_id: 740
Cannot obtain any result 
query_data: NO4; vertex_id: 1179
Cannot obtain any result 
query_data: NO5; vertex_id: 1433
Cannot obtain any result 
query_data: NO6; vertex_id: 1164
Cannot obtain any result 
query_data: NO7; vertex_id: 2018
Cannot obtain any result 
query_data: NO8; vertex_id: 1438
Cannot obtain any result 
query_data: NO9; vertex_id: 3001
Cannot obtain any result 
query_data: NO10; vertex_id: 7535
Cannot obtain any result 
query_data: NO11; vertex_id: 148
Cannot obtain any result 
query_data: NO12; vertex_id: 2053
Cannot obtain any result 
query_data: NO13; vertex_id: 145
max hop is 6
--------when hop is 1
size of KTruss: 45
truss unb num: 0
===================Deleting NegativeTriangle ==================
calculation success!
query_data: NO14; vertex_id: 1574
Cannot obtain any result 
query_data: NO15; vertex_id: 532
Cannot obtain any result 
query_data: NO16; vertex_id: 665
Cannot obtain any result 
query_data: NO17; vertex_id: 2195
Cannot obtain any result 
query_data: NO18; vertex_id: 1190
Cannot obtain any result 
query_data: NO19; vertex_id: 1987
Cannot obtain any result 
query_data: NO20; vertex_id: 1933
Cannot obtain any result 
query_data: NO21; vertex_id: 2120
Cannot obtain any result 
query_data: NO22; vertex_id: 7489
Cannot obtain any result 
query_data: NO23; vertex_id: 2190
Cannot obtain any result 
query_data: NO24; vertex_id: 1251
Cannot obtain any result 
query_data: NO25; vertex_id: 1769
Cannot obtain any result 
query_data: NO26; vertex_id: 1352
Cannot obtain any result 
query_data: NO27; vertex_id: 304
Cannot obtain any result 
query_data: NO28; vertex_id: 7515
Cannot obtain any result 
query_data: NO29; vertex_id: 860
Cannot obtain any result 
query_data: NO30; vertex_id: 3316
Cannot obtain any result 
query_data: NO31; vertex_id: 341
Cannot obtain any result 
query_data: NO32; vertex_id: 1803
Cannot obtain any result 
query_data: NO33; vertex_id: 561
Cannot obtain any result 
query_data: NO34; vertex_id: 67
max hop is 6
--------when hop is 1
size of KTruss: 0
truss unb num: 0
--------when hop is 2
size of KTruss: 869
truss unb num: 40
===================Deleting NegativeTriangle ==================
calculation success!
query_data: NO35; vertex_id: 537
Cannot obtain any result 
query_data: NO36; vertex_id: 1173
Cannot obtain any result 
query_data: NO37; vertex_id: 1077
Cannot obtain any result 
query_data: NO38; vertex_id: 914
Cannot obtain any result 
query_data: NO39; vertex_id: 2046
Cannot obtain any result 
query_data: NO40; vertex_id: 3130
Cannot obtain any result 
query_data: NO41; vertex_id: 539
Cannot obtain any result 
query_data: NO42; vertex_id: 864
Cannot obtain any result 
query_data: NO43; vertex_id: 3053
Cannot obtain any result 
query_data: NO44; vertex_id: 127
Cannot obtain any result 
query_data: NO45; vertex_id: 442
Cannot obtain any result 
query_data: NO46; vertex_id: 228
Cannot obtain any result 
query_data: NO47; vertex_id: 2989
Cannot obtain any result 
query_data: NO48; vertex_id: 717
Cannot obtain any result 
query_data: NO49; vertex_id: 2121
Cannot obtain any result 
query_data: NO50; vertex_id: 7572
Cannot obtain any result 
query_data: NO51; vertex_id: 7381
Cannot obtain any result 
query_data: NO52; vertex_id: 1314
Cannot obtain any result 
query_data: NO53; vertex_id: 843
Cannot obtain any result 
query_data: NO54; vertex_id: 2251
Cannot obtain any result 
query_data: NO55; vertex_id: 3020
Cannot obtain any result 
query_data: NO56; vertex_id: 3275
Cannot obtain any result 
query_data: NO57; vertex_id: 2102
Cannot obtain any result 
query_data: NO58; vertex_id: 3428
Cannot obtain any result 
query_data: NO59; vertex_id: 89
Cannot obtain any result 
query_data: NO60; vertex_id: 1035
Cannot obtain any result 
query_data: NO61; vertex_id: 2632
Cannot obtain any result 
query_data: NO62; vertex_id: 7540
Cannot obtain any result 
query_data: NO63; vertex_id: 224
Cannot obtain any result 
query_data: NO64; vertex_id: 3088
Cannot obtain any result 
query_data: NO65; vertex_id: 2952
Cannot obtain any result 
query_data: NO66; vertex_id: 2324
Cannot obtain any result 
query_data: NO67; vertex_id: 1783
Cannot obtain any result 
query_data: NO68; vertex_id: 2781
Cannot obtain any result 
query_data: NO69; vertex_id: 1320
Cannot obtain any result 
query_data: NO70; vertex_id: 186
Cannot obtain any result 
query_data: NO71; vertex_id: 356
Cannot obtain any result 
query_data: NO72; vertex_id: 307
Cannot obtain any result 
query_data: NO73; vertex_id: 874
Cannot obtain any result 
query_data: NO74; vertex_id: 1111
Cannot obtain any result 
query_data: NO75; vertex_id: 1089
Cannot obtain any result 
query_data: NO76; vertex_id: 1738
Cannot obtain any result 
query_data: NO77; vertex_id: 589
Cannot obtain any result 
query_data: NO78; vertex_id: 2599
Cannot obtain any result 
query_data: NO79; vertex_id: 3328
Cannot obtain any result 
query_data: NO80; vertex_id: 3163
Cannot obtain any result 
query_data: NO81; vertex_id: 1147
Cannot obtain any result 
query_data: NO82; vertex_id: 2898
Cannot obtain any result 
query_data: NO83; vertex_id: 1895
Cannot obtain any result 
query_data: NO84; vertex_id: 1489
Cannot obtain any result 
query_data: NO85; vertex_id: 1573
Cannot obtain any result 
query_data: NO86; vertex_id: 757
Cannot obtain any result 
query_data: NO87; vertex_id: 2171
Cannot obtain any result 
query_data: NO88; vertex_id: 2656
Cannot obtain any result 
query_data: NO89; vertex_id: 3448
Cannot obtain any result 
query_data: NO90; vertex_id: 1601
Cannot obtain any result 
query_data: NO91; vertex_id: 2683
Cannot obtain any result 
query_data: NO92; vertex_id: 2160
Cannot obtain any result 
query_data: NO93; vertex_id: 290
Cannot obtain any result 
query_data: NO94; vertex_id: 1383
Cannot obtain any result 
query_data: NO95; vertex_id: 883
Cannot obtain any result 
query_data: NO96; vertex_id: 3354
Cannot obtain any result 
query_data: NO97; vertex_id: 1569
Cannot obtain any result 
query_data: NO98; vertex_id: 1782
Cannot obtain any result 
query_data: NO99; vertex_id: 346
Cannot obtain any result 
