
query_data: NO0; vertex_id: 1553
Cannot obtain any result 
query_data: NO1; vertex_id: 157
max hop is 6
--------when hop is 1
size of KTruss: 61
truss unb num: 5
===================Deleting NegativeTriangle ==================
calculation success!
query_data: NO2; vertex_id: 2417
max hop is 7
--------when hop is 1
size of KTruss: 34
truss unb num: 0
===================Deleting NegativeTriangle ==================
calculation success!
query_data: NO3; vertex_id: 934
Cannot obtain any result 
query_data: NO4; vertex_id: 1098
Cannot obtain any result 
query_data: NO5; vertex_id: 576
Cannot obtain any result 
query_data: NO6; vertex_id: 809
Cannot obtain any result 
query_data: NO7; vertex_id: 7506
max hop is 7
--------when hop is 1
size of KTruss: 14
truss unb num: 0
===================Deleting NegativeTriangle ==================
calculation success!
query_data: NO8; vertex_id: 252
max hop is 6
--------when hop is 1
size of KTruss: 6
truss unb num: 0
===================Deleting NegativeTriangle ==================
calculation success!
query_data: NO9; vertex_id: 1189
Cannot obtain any result 
query_data: NO10; vertex_id: 1796
Cannot obtain any result 
query_data: NO11; vertex_id: 58
max hop is 5
--------when hop is 1
size of KTruss: 877
truss unb num: 58
===================Deleting NegativeTriangle ==================
calculation success!
query_data: NO12; vertex_id: 141
max hop is 6
--------when hop is 1
size of KTruss: 107
truss unb num: 0
===================Deleting NegativeTriangle ==================
calculation success!
query_data: NO13; vertex_id: 938
Cannot obtain any result 
query_data: NO14; vertex_id: 7514
max hop is 6
--------when hop is 1
size of KTruss: 28
truss unb num: 2
===================Deleting NegativeTriangle ==================
calculation success!
query_data: NO15; vertex_id: 102
max hop is 6
--------when hop is 1
size of KTruss: 6
truss unb num: 0
===================Deleting NegativeTriangle ==================
calculation success!
query_data: NO16; vertex_id: 1840
Cannot obtain any result 
query_data: NO17; vertex_id: 42
max hop is 6
--------when hop is 1
size of KTruss: 492
truss unb num: 12
===================Deleting NegativeTriangle ==================
calculation success!
query_data: NO18; vertex_id: 213
max hop is 7
--------when hop is 1
size of KTruss: 6
truss unb num: 0
===================Deleting NegativeTriangle ==================
calculation success!
query_data: NO19; vertex_id: 1052
Cannot obtain any result 
query_data: NO20; vertex_id: 21
max hop is 6
--------when hop is 1
size of KTruss: 538
truss unb num: 13
===================Deleting NegativeTriangle ==================
calculation success!
query_data: NO21; vertex_id: 1762
Cannot obtain any result 
query_data: NO22; vertex_id: 256
max hop is 6
--------when hop is 1
size of KTruss: 71
truss unb num: 0
===================Deleting NegativeTriangle ==================
calculation success!
query_data: NO23; vertex_id: 545
max hop is 6
--------when hop is 1
size of KTruss: 21
truss unb num: 0
===================Deleting NegativeTriangle ==================
calculation success!
query_data: NO24; vertex_id: 1351
max hop is 6
--------when hop is 1
size of KTruss: 15
truss unb num: 1
===================Deleting NegativeTriangle ==================
calculation success!
query_data: NO25; vertex_id: 63
max hop is 6
--------when hop is 1
size of KTruss: 133
truss unb num: 5
===================Deleting NegativeTriangle ==================
calculation success!
query_data: NO26; vertex_id: 7575
max hop is 6
--------when hop is 1
size of KTruss: 6
truss unb num: 0
===================Deleting NegativeTriangle ==================
calculation success!
query_data: NO27; vertex_id: 212
max hop is 6
--------when hop is 1
size of KTruss: 32
truss unb num: 0
===================Deleting NegativeTriangle ==================
calculation success!
query_data: NO28; vertex_id: 23
max hop is 6
--------when hop is 1
size of KTruss: 98
truss unb num: 0
===================Deleting NegativeTriangle ==================
calculation success!
query_data: NO29; vertex_id: 1106
Cannot obtain any result 
query_data: NO30; vertex_id: 1811
max hop is 7
--------when hop is 1
size of KTruss: 0
truss unb num: 0
--------when hop is 2
size of KTruss: 1790
truss unb num: 195
===================Deleting NegativeTriangle ==================
removeNegativeTriangle error

--------when hop is 3
size of KTruss: 6319
truss unb num: 484
===================Deleting NegativeTriangle ==================
removeNegativeTriangle error

--------when hop is 4
size of KTruss: 6631
truss unb num: 500
===================Deleting NegativeTriangle ==================
removeNegativeTriangle error

--------when hop is 5
size of KTruss: 6645
truss unb num: 500
===================Deleting NegativeTriangle ==================
removeNegativeTriangle error

--------when hop is 6
size of KTruss: 6645
truss unb num: 500
===================Deleting NegativeTriangle ==================
removeNegativeTriangle error

--------when hop is 7
size of KTruss: 6645
truss unb num: 500
===================Deleting NegativeTriangle ==================
removeNegativeTriangle error

---calculation fail! 

query_data: NO31; vertex_id: 475
Cannot obtain any result 
query_data: NO32; vertex_id: 131
max hop is 6
--------when hop is 1
size of KTruss: 67
truss unb num: 1
===================Deleting NegativeTriangle ==================
calculation success!
query_data: NO33; vertex_id: 82
max hop is 6
--------when hop is 1
size of KTruss: 220
truss unb num: 12
===================Deleting NegativeTriangle ==================
calculation success!
query_data: NO34; vertex_id: 1488
Cannot obtain any result 
query_data: NO35; vertex_id: 1580
max hop is 6
--------when hop is 1
size of KTruss: 6
truss unb num: 0
===================Deleting NegativeTriangle ==================
calculation success!
query_data: NO36; vertex_id: 367
Cannot obtain any result 
query_data: NO37; vertex_id: 744
Cannot obtain any result 
query_data: NO38; vertex_id: 1041
max hop is 6
--------when hop is 1
size of KTruss: 0
truss unb num: 0
--------when hop is 2
size of KTruss: 2767
truss unb num: 263
===================Deleting NegativeTriangle ==================
calculation success!
query_data: NO39; vertex_id: 730
Cannot obtain any result 
query_data: NO40; vertex_id: 671
Cannot obtain any result 
query_data: NO41; vertex_id: 1378
max hop is 6
--------when hop is 1
size of KTruss: 12
truss unb num: 0
===================Deleting NegativeTriangle ==================
calculation success!
query_data: NO42; vertex_id: 208
max hop is 6
--------when hop is 1
size of KTruss: 34
truss unb num: 1
===================Deleting NegativeTriangle ==================
calculation success!
query_data: NO43; vertex_id: 699
Cannot obtain any result 
query_data: NO44; vertex_id: 1072
Cannot obtain any result 
query_data: NO45; vertex_id: 449
max hop is 6
--------when hop is 1
size of KTruss: 26
truss unb num: 0
===================Deleting NegativeTriangle ==================
calculation success!
query_data: NO46; vertex_id: 920
Cannot obtain any result 
query_data: NO47; vertex_id: 1227
Cannot obtain any result 
query_data: NO48; vertex_id: 686
max hop is 6
--------when hop is 1
size of KTruss: 34
truss unb num: 1
===================Deleting NegativeTriangle ==================
calculation success!
query_data: NO49; vertex_id: 145
max hop is 6
--------when hop is 1
size of KTruss: 543
truss unb num: 35
===================Deleting NegativeTriangle ==================
calculation success!
query_data: NO50; vertex_id: 1865
Cannot obtain any result 
query_data: NO51; vertex_id: 194
max hop is 6
--------when hop is 1
size of KTruss: 12
truss unb num: 0
===================Deleting NegativeTriangle ==================
calculation success!
query_data: NO52; vertex_id: 325
Cannot obtain any result 
query_data: NO53; vertex_id: 982
max hop is 7
--------when hop is 1
size of KTruss: 6
truss unb num: 0
===================Deleting NegativeTriangle ==================
calculation success!
query_data: NO54; vertex_id: 798
max hop is 6
--------when hop is 1
size of KTruss: 190
truss unb num: 9
===================Deleting NegativeTriangle ==================
calculation success!
query_data: NO55; vertex_id: 317
max hop is 6
--------when hop is 1
size of KTruss: 6
truss unb num: 0
===================Deleting NegativeTriangle ==================
calculation success!
query_data: NO56; vertex_id: 7578
max hop is 6
--------when hop is 1
size of KTruss: 13
truss unb num: 0
===================Deleting NegativeTriangle ==================
calculation success!
query_data: NO57; vertex_id: 561
max hop is 6
--------when hop is 1
size of KTruss: 18
truss unb num: 0
===================Deleting NegativeTriangle ==================
calculation success!
query_data: NO58; vertex_id: 1458
Cannot obtain any result 
query_data: NO59; vertex_id: 672
Cannot obtain any result 
query_data: NO60; vertex_id: 727
max hop is 6
--------when hop is 1
size of KTruss: 6
truss unb num: 0
===================Deleting NegativeTriangle ==================
calculation success!
query_data: NO61; vertex_id: 1697
Cannot obtain any result 
query_data: NO62; vertex_id: 237
max hop is 6
--------when hop is 1
size of KTruss: 30
truss unb num: 0
===================Deleting NegativeTriangle ==================
calculation success!
query_data: NO63; vertex_id: 614
max hop is 6
--------when hop is 1
size of KTruss: 15
truss unb num: 0
===================Deleting NegativeTriangle ==================
calculation success!
query_data: NO64; vertex_id: 1541
Cannot obtain any result 
query_data: NO65; vertex_id: 407
Cannot obtain any result 
query_data: NO66; vertex_id: 707
max hop is 6
--------when hop is 1
size of KTruss: 12
truss unb num: 0
===================Deleting NegativeTriangle ==================
calculation success!
query_data: NO67; vertex_id: 283
Cannot obtain any result 
query_data: NO68; vertex_id: 1279
Cannot obtain any result 
query_data: NO69; vertex_id: 1812
max hop is 6
--------when hop is 1
size of KTruss: 6
truss unb num: 0
===================Deleting NegativeTriangle ==================
calculation success!
query_data: NO70; vertex_id: 1633
Cannot obtain any result 
query_data: NO71; vertex_id: 2354
max hop is 6
--------when hop is 1
size of KTruss: 6
truss unb num: 0
===================Deleting NegativeTriangle ==================
calculation success!
query_data: NO72; vertex_id: 1372
Cannot obtain any result 
query_data: NO73; vertex_id: 2405
Cannot obtain any result 
query_data: NO74; vertex_id: 374
max hop is 6
--------when hop is 1
size of KTruss: 38
truss unb num: 0
===================Deleting NegativeTriangle ==================
calculation success!
query_data: NO75; vertex_id: 666
max hop is 6
--------when hop is 1
size of KTruss: 34
truss unb num: 1
===================Deleting NegativeTriangle ==================
calculation success!
query_data: NO76; vertex_id: 548
max hop is 7
--------when hop is 1
size of KTruss: 10
truss unb num: 0
===================Deleting NegativeTriangle ==================
calculation success!
query_data: NO77; vertex_id: 1360
Cannot obtain any result 
query_data: NO78; vertex_id: 883
max hop is 6
--------when hop is 1
size of KTruss: 9
truss unb num: 1
===================Deleting NegativeTriangle ==================
removeNegativeTriangle error

--------when hop is 2
size of KTruss: 2395
truss unb num: 170
===================Deleting NegativeTriangle ==================
calculation success!
query_data: NO79; vertex_id: 1146
Cannot obtain any result 
query_data: NO80; vertex_id: 1478
Cannot obtain any result 
query_data: NO81; vertex_id: 1210
Cannot obtain any result 
query_data: NO82; vertex_id: 640
max hop is 6
--------when hop is 1
size of KTruss: 6
truss unb num: 0
===================Deleting NegativeTriangle ==================
calculation success!
query_data: NO83; vertex_id: 108
max hop is 6
--------when hop is 1
size of KTruss: 57
truss unb num: 0
===================Deleting NegativeTriangle ==================
calculation success!
query_data: NO84; vertex_id: 128
max hop is 6
--------when hop is 1
size of KTruss: 70
truss unb num: 1
===================Deleting NegativeTriangle ==================
calculation success!
query_data: NO85; vertex_id: 940
Cannot obtain any result 
query_data: NO86; vertex_id: 172
max hop is 6
--------when hop is 1
size of KTruss: 136
truss unb num: 3
===================Deleting NegativeTriangle ==================
calculation success!
query_data: NO87; vertex_id: 1453
Cannot obtain any result 
query_data: NO88; vertex_id: 1324
max hop is 6
--------when hop is 1
size of KTruss: 9
truss unb num: 0
===================Deleting NegativeTriangle ==================
calculation success!
query_data: NO89; vertex_id: 1718
Cannot obtain any result 
query_data: NO90; vertex_id: 7593
max hop is 6
--------when hop is 1
size of KTruss: 18
truss unb num: 0
===================Deleting NegativeTriangle ==================
calculation success!
query_data: NO91; vertex_id: 7570
Cannot obtain any result 
query_data: NO92; vertex_id: 229
max hop is 6
--------when hop is 1
size of KTruss: 22
truss unb num: 0
===================Deleting NegativeTriangle ==================
calculation success!
query_data: NO93; vertex_id: 1396
max hop is 7
--------when hop is 1
size of KTruss: 10
truss unb num: 0
===================Deleting NegativeTriangle ==================
calculation success!
query_data: NO94; vertex_id: 159
max hop is 6
--------when hop is 1
size of KTruss: 204
truss unb num: 12
===================Deleting NegativeTriangle ==================
calculation success!
query_data: NO95; vertex_id: 1254
Cannot obtain any result 
query_data: NO96; vertex_id: 639
max hop is 6
--------when hop is 1
size of KTruss: 36
truss unb num: 0
===================Deleting NegativeTriangle ==================
calculation success!
query_data: NO97; vertex_id: 1031
Cannot obtain any result 
query_data: NO98; vertex_id: 224
max hop is 6
--------when hop is 1
size of KTruss: 12
truss unb num: 0
===================Deleting NegativeTriangle ==================
calculation success!
query_data: NO99; vertex_id: 996
Cannot obtain any result 
