
query_data: NO0; vertex_id: 247
max hop is 6
--------when hop is 1
size of KTruss: 30
truss unb num: 0
===================Deleting NegativeTriangle ==================
calculation success!
query_data: NO1; vertex_id: 564
Cannot obtain any result 
query_data: NO2; vertex_id: 669
Cannot obtain any result 
query_data: NO3; vertex_id: 7565
max hop is 6
--------when hop is 1
size of KTruss: 194
truss unb num: 21
===================Deleting NegativeTriangle ==================
calculation success!
query_data: NO4; vertex_id: 57
max hop is 6
--------when hop is 1
size of KTruss: 20
truss unb num: 0
===================Deleting NegativeTriangle ==================
calculation success!
query_data: NO5; vertex_id: 430
Cannot obtain any result 
query_data: NO6; vertex_id: 358
Cannot obtain any result 
query_data: NO7; vertex_id: 85
max hop is 6
--------when hop is 1
size of KTruss: 598
truss unb num: 52
===================Deleting NegativeTriangle ==================
calculation success!
query_data: NO8; vertex_id: 386
Cannot obtain any result 
query_data: NO9; vertex_id: 725
Cannot obtain any result 
query_data: NO10; vertex_id: 278
Cannot obtain any result 
query_data: NO11; vertex_id: 643
Cannot obtain any result 
query_data: NO12; vertex_id: 253
Cannot obtain any result 
query_data: NO13; vertex_id: 7570
Cannot obtain any result 
query_data: NO14; vertex_id: 136
max hop is 6
--------when hop is 1
size of KTruss: 96
truss unb num: 4
===================Deleting NegativeTriangle ==================
calculation success!
query_data: NO15; vertex_id: 437
Cannot obtain any result 
query_data: NO16; vertex_id: 906
max hop is 7
--------when hop is 1
size of KTruss: 74
truss unb num: 3
===================Deleting NegativeTriangle ==================
calculation success!
query_data: NO17; vertex_id: 480
Cannot obtain any result 
query_data: NO18; vertex_id: 517
Cannot obtain any result 
query_data: NO19; vertex_id: 214
Cannot obtain any result 
query_data: NO20; vertex_id: 296
max hop is 6
--------when hop is 1
size of KTruss: 27
truss unb num: 0
===================Deleting NegativeTriangle ==================
calculation success!
query_data: NO21; vertex_id: 617
Cannot obtain any result 
query_data: NO22; vertex_id: 1
max hop is 5
--------when hop is 1
size of KTruss: 288
truss unb num: 5
===================Deleting NegativeTriangle ==================
calculation success!
query_data: NO23; vertex_id: 354
Cannot obtain any result 
query_data: NO24; vertex_id: 419
Cannot obtain any result 
query_data: NO25; vertex_id: 129
Cannot obtain any result 
query_data: NO26; vertex_id: 7588
max hop is 6
--------when hop is 1
size of KTruss: 50
truss unb num: 4
===================Deleting NegativeTriangle ==================
calculation success!
query_data: NO27; vertex_id: 146
max hop is 6
--------when hop is 1
size of KTruss: 0
truss unb num: 0
--------when hop is 2
size of KTruss: 3215
truss unb num: 281
===================Deleting NegativeTriangle ==================
calculation success!
query_data: NO28; vertex_id: 2417
max hop is 7
--------when hop is 1
size of KTruss: 34
truss unb num: 0
===================Deleting NegativeTriangle ==================
calculation success!
query_data: NO29; vertex_id: 257
Cannot obtain any result 
query_data: NO30; vertex_id: 303
Cannot obtain any result 
query_data: NO31; vertex_id: 240
Cannot obtain any result 
query_data: NO32; vertex_id: 7551
Cannot obtain any result 
query_data: NO33; vertex_id: 40
max hop is 5
--------when hop is 1
size of KTruss: 214
truss unb num: 3
===================Deleting NegativeTriangle ==================
calculation success!
query_data: NO34; vertex_id: 813
max hop is 6
--------when hop is 1
size of KTruss: 0
truss unb num: 0
--------when hop is 2
size of KTruss: 2217
truss unb num: 222
===================Deleting NegativeTriangle ==================
calculation success!
query_data: NO35; vertex_id: 3
max hop is 6
--------when hop is 1
size of KTruss: 1053
truss unb num: 80
===================Deleting NegativeTriangle ==================
calculation success!
query_data: NO36; vertex_id: 7602
max hop is 6
--------when hop is 1
size of KTruss: 147
truss unb num: 7
===================Deleting NegativeTriangle ==================
calculation success!
query_data: NO37; vertex_id: 324
Cannot obtain any result 
query_data: NO38; vertex_id: 337
max hop is 6
--------when hop is 1
size of KTruss: 76
truss unb num: 2
===================Deleting NegativeTriangle ==================
calculation success!
query_data: NO39; vertex_id: 7577
max hop is 6
--------when hop is 1
size of KTruss: 0
truss unb num: 0
--------when hop is 2
size of KTruss: 2927
truss unb num: 212
===================Deleting NegativeTriangle ==================
removeNegativeTriangle error

--------when hop is 3
size of KTruss: 3600
truss unb num: 298
===================Deleting NegativeTriangle ==================
removeNegativeTriangle error

--------when hop is 4
size of KTruss: 3600
truss unb num: 298
===================Deleting NegativeTriangle ==================
removeNegativeTriangle error

--------when hop is 5
size of KTruss: 3600
truss unb num: 298
===================Deleting NegativeTriangle ==================
removeNegativeTriangle error

--------when hop is 6
size of KTruss: 3600
truss unb num: 298
===================Deleting NegativeTriangle ==================
removeNegativeTriangle error

---calculation fail! 

query_data: NO40; vertex_id: 97
max hop is 6
--------when hop is 1
size of KTruss: 91
truss unb num: 0
===================Deleting NegativeTriangle ==================
calculation success!
query_data: NO41; vertex_id: 283
Cannot obtain any result 
query_data: NO42; vertex_id: 702
Cannot obtain any result 
query_data: NO43; vertex_id: 596
Cannot obtain any result 
query_data: NO44; vertex_id: 483
Cannot obtain any result 
query_data: NO45; vertex_id: 476
Cannot obtain any result 
query_data: NO46; vertex_id: 412
max hop is 6
--------when hop is 1
size of KTruss: 38
truss unb num: 0
===================Deleting NegativeTriangle ==================
calculation success!
query_data: NO47; vertex_id: 7594
Cannot obtain any result 
query_data: NO48; vertex_id: 86
max hop is 7
--------when hop is 1
size of KTruss: 251
truss unb num: 5
===================Deleting NegativeTriangle ==================
calculation success!
query_data: NO49; vertex_id: 362
Cannot obtain any result 
query_data: NO50; vertex_id: 231
Cannot obtain any result 
query_data: NO51; vertex_id: 12
max hop is 6
--------when hop is 1
size of KTruss: 368
truss unb num: 6
===================Deleting NegativeTriangle ==================
calculation success!
query_data: NO52; vertex_id: 92
max hop is 6
--------when hop is 1
size of KTruss: 159
truss unb num: 4
===================Deleting NegativeTriangle ==================
calculation success!
query_data: NO53; vertex_id: 7585
max hop is 6
--------when hop is 1
size of KTruss: 20
truss unb num: 0
===================Deleting NegativeTriangle ==================
calculation success!
query_data: NO54; vertex_id: 680
Cannot obtain any result 
query_data: NO55; vertex_id: 397
Cannot obtain any result 
query_data: NO56; vertex_id: 27
max hop is 6
--------when hop is 1
size of KTruss: 277
truss unb num: 5
===================Deleting NegativeTriangle ==================
calculation success!
query_data: NO57; vertex_id: 7509
Cannot obtain any result 
query_data: NO58; vertex_id: 7583
Cannot obtain any result 
query_data: NO59; vertex_id: 7518
Cannot obtain any result 
query_data: NO60; vertex_id: 882
max hop is 6
--------when hop is 1
size of KTruss: 0
truss unb num: 0
--------when hop is 2
size of KTruss: 2796
truss unb num: 266
===================Deleting NegativeTriangle ==================
removeNegativeTriangle error

--------when hop is 3
size of KTruss: 3600
truss unb num: 298
===================Deleting NegativeTriangle ==================
removeNegativeTriangle error

--------when hop is 4
size of KTruss: 3600
truss unb num: 298
===================Deleting NegativeTriangle ==================
removeNegativeTriangle error

--------when hop is 5
size of KTruss: 3600
truss unb num: 298
===================Deleting NegativeTriangle ==================
removeNegativeTriangle error

--------when hop is 6
size of KTruss: 3600
truss unb num: 298
===================Deleting NegativeTriangle ==================
removeNegativeTriangle error

---calculation fail! 

query_data: NO61; vertex_id: 201
Cannot obtain any result 
query_data: NO62; vertex_id: 32
max hop is 6
--------when hop is 1
size of KTruss: 430
truss unb num: 17
===================Deleting NegativeTriangle ==================
calculation success!
query_data: NO63; vertex_id: 251
Cannot obtain any result 
query_data: NO64; vertex_id: 180
max hop is 7
--------when hop is 1
size of KTruss: 44
truss unb num: 5
===================Deleting NegativeTriangle ==================
calculation success!
query_data: NO65; vertex_id: 801
max hop is 6
--------when hop is 1
size of KTruss: 35
truss unb num: 0
===================Deleting NegativeTriangle ==================
calculation success!
query_data: NO66; vertex_id: 189
max hop is 6
--------when hop is 1
size of KTruss: 0
truss unb num: 0
--------when hop is 2
size of KTruss: 2593
truss unb num: 241
===================Deleting NegativeTriangle ==================
calculation success!
query_data: NO67; vertex_id: 530
Cannot obtain any result 
query_data: NO68; vertex_id: 30
max hop is 6
--------when hop is 1
size of KTruss: 644
truss unb num: 56
===================Deleting NegativeTriangle ==================
calculation success!
query_data: NO69; vertex_id: 433
Cannot obtain any result 
query_data: NO70; vertex_id: 552
Cannot obtain any result 
query_data: NO71; vertex_id: 211
max hop is 6
--------when hop is 1
size of KTruss: 153
truss unb num: 9
===================Deleting NegativeTriangle ==================
calculation success!
query_data: NO72; vertex_id: 375
max hop is 6
--------when hop is 1
size of KTruss: 129
truss unb num: 1
===================Deleting NegativeTriangle ==================
calculation success!
query_data: NO73; vertex_id: 487
max hop is 6
--------when hop is 1
size of KTruss: 56
truss unb num: 0
===================Deleting NegativeTriangle ==================
calculation success!
query_data: NO74; vertex_id: 144
Cannot obtain any result 
query_data: NO75; vertex_id: 651
max hop is 6
--------when hop is 1
size of KTruss: 15
truss unb num: 0
===================Deleting NegativeTriangle ==================
calculation success!
query_data: NO76; vertex_id: 266
max hop is 6
--------when hop is 1
size of KTruss: 83
truss unb num: 2
===================Deleting NegativeTriangle ==================
calculation success!
query_data: NO77; vertex_id: 622
Cannot obtain any result 
query_data: NO78; vertex_id: 16
max hop is 6
--------when hop is 1
size of KTruss: 89
truss unb num: 1
===================Deleting NegativeTriangle ==================
calculation success!
query_data: NO79; vertex_id: 7334
max hop is 6
--------when hop is 1
size of KTruss: 39
truss unb num: 0
===================Deleting NegativeTriangle ==================
---start to delete node 

calculation success!
query_data: NO80; vertex_id: 150
max hop is 6
--------when hop is 1
size of KTruss: 74
truss unb num: 0
===================Deleting NegativeTriangle ==================
calculation success!
query_data: NO81; vertex_id: 368
Cannot obtain any result 
query_data: NO82; vertex_id: 235
Cannot obtain any result 
query_data: NO83; vertex_id: 854
Cannot obtain any result 
query_data: NO84; vertex_id: 100
max hop is 6
--------when hop is 1
size of KTruss: 79
truss unb num: 2
===================Deleting NegativeTriangle ==================
calculation success!
query_data: NO85; vertex_id: 236
Cannot obtain any result 
query_data: NO86; vertex_id: 348
max hop is 6
--------when hop is 1
size of KTruss: 32
truss unb num: 0
===================Deleting NegativeTriangle ==================
calculation success!
query_data: NO87; vertex_id: 39
max hop is 6
--------when hop is 1
size of KTruss: 150
truss unb num: 3
===================Deleting NegativeTriangle ==================
calculation success!
query_data: NO88; vertex_id: 79
max hop is 6
--------when hop is 1
size of KTruss: 26
truss unb num: 0
===================Deleting NegativeTriangle ==================
calculation success!
query_data: NO89; vertex_id: 361
Cannot obtain any result 
query_data: NO90; vertex_id: 792
Cannot obtain any result 
query_data: NO91; vertex_id: 120
max hop is 6
--------when hop is 1
size of KTruss: 49
truss unb num: 0
===================Deleting NegativeTriangle ==================
calculation success!
query_data: NO92; vertex_id: 7403
Cannot obtain any result 
query_data: NO93; vertex_id: 493
Cannot obtain any result 
query_data: NO94; vertex_id: 89
max hop is 6
--------when hop is 1
size of KTruss: 0
truss unb num: 0
--------when hop is 2
size of KTruss: 2979
truss unb num: 259
===================Deleting NegativeTriangle ==================
calculation success!
query_data: NO95; vertex_id: 478
Cannot obtain any result 
query_data: NO96; vertex_id: 504
Cannot obtain any result 
query_data: NO97; vertex_id: 588
Cannot obtain any result 
query_data: NO98; vertex_id: 43
max hop is 6
--------when hop is 1
size of KTruss: 522
truss unb num: 39
===================Deleting NegativeTriangle ==================
calculation success!
query_data: NO99; vertex_id: 406
Cannot obtain any result 
