
query_data: NO0; vertex_id: 746
Cannot obtain any result 
query_data: NO1; vertex_id: 220
Cannot obtain any result 
query_data: NO2; vertex_id: 1839
Cannot obtain any result 
query_data: NO3; vertex_id: 601
Cannot obtain any result 
query_data: NO4; vertex_id: 1555
Cannot obtain any result 
query_data: NO5; vertex_id: 7374
Cannot obtain any result 
query_data: NO6; vertex_id: 511
Cannot obtain any result 
query_data: NO7; vertex_id: 2068
Cannot obtain any result 
query_data: NO8; vertex_id: 879
Cannot obtain any result 
query_data: NO9; vertex_id: 649
Cannot obtain any result 
query_data: NO10; vertex_id: 7433
Cannot obtain any result 
query_data: NO11; vertex_id: 692
Cannot obtain any result 
query_data: NO12; vertex_id: 3134
Cannot obtain any result 
query_data: NO13; vertex_id: 1167
Cannot obtain any result 
query_data: NO14; vertex_id: 3362
Cannot obtain any result 
query_data: NO15; vertex_id: 7443
Cannot obtain any result 
query_data: NO16; vertex_id: 758
Cannot obtain any result 
query_data: NO17; vertex_id: 1254
Cannot obtain any result 
query_data: NO18; vertex_id: 161
Cannot obtain any result 
query_data: NO19; vertex_id: 1264
Cannot obtain any result 
query_data: NO20; vertex_id: 2037
Cannot obtain any result 
query_data: NO21; vertex_id: 337
max hop is 6
--------when hop is 1
size of KTruss: 48
truss unb num: 0
===================Deleting NegativeTriangle ==================
calculation success!
query_data: NO22; vertex_id: 443
Cannot obtain any result 
query_data: NO23; vertex_id: 2787
Cannot obtain any result 
query_data: NO24; vertex_id: 382
Cannot obtain any result 
query_data: NO25; vertex_id: 1785
Cannot obtain any result 
query_data: NO26; vertex_id: 353
Cannot obtain any result 
query_data: NO27; vertex_id: 2399
Cannot obtain any result 
query_data: NO28; vertex_id: 1332
Cannot obtain any result 
query_data: NO29; vertex_id: 2293
Cannot obtain any result 
query_data: NO30; vertex_id: 172
max hop is 6
--------when hop is 1
size of KTruss: 71
truss unb num: 1
===================Deleting NegativeTriangle ==================
calculation success!
query_data: NO31; vertex_id: 7511
Cannot obtain any result 
query_data: NO32; vertex_id: 2360
Cannot obtain any result 
query_data: NO33; vertex_id: 1075
Cannot obtain any result 
query_data: NO34; vertex_id: 1085
Cannot obtain any result 
query_data: NO35; vertex_id: 7597
Cannot obtain any result 
query_data: NO36; vertex_id: 449
Cannot obtain any result 
query_data: NO37; vertex_id: 275
Cannot obtain any result 
query_data: NO38; vertex_id: 1757
Cannot obtain any result 
query_data: NO39; vertex_id: 1073
Cannot obtain any result 
query_data: NO40; vertex_id: 602
Cannot obtain any result 
query_data: NO41; vertex_id: 1862
Cannot obtain any result 
query_data: NO42; vertex_id: 512
Cannot obtain any result 
query_data: NO43; vertex_id: 148
Cannot obtain any result 
query_data: NO44; vertex_id: 7510
Cannot obtain any result 
query_data: NO45; vertex_id: 2104
Cannot obtain any result 
query_data: NO46; vertex_id: 561
Cannot obtain any result 
query_data: NO47; vertex_id: 3372
Cannot obtain any result 
query_data: NO48; vertex_id: 1890
Cannot obtain any result 
query_data: NO49; vertex_id: 1350
Cannot obtain any result 
query_data: NO50; vertex_id: 1793
Cannot obtain any result 
query_data: NO51; vertex_id: 1432
Cannot obtain any result 
query_data: NO52; vertex_id: 2925
Cannot obtain any result 
query_data: NO53; vertex_id: 712
Cannot obtain any result 
query_data: NO54; vertex_id: 1088
Cannot obtain any result 
query_data: NO55; vertex_id: 531
Cannot obtain any result 
query_data: NO56; vertex_id: 3229
Cannot obtain any result 
query_data: NO57; vertex_id: 156
max hop is 6
--------when hop is 1
size of KTruss: 55
truss unb num: 2
===================Deleting NegativeTriangle ==================
calculation success!
query_data: NO58; vertex_id: 701
Cannot obtain any result 
query_data: NO59; vertex_id: 567
Cannot obtain any result 
query_data: NO60; vertex_id: 2201
Cannot obtain any result 
query_data: NO61; vertex_id: 1549
Cannot obtain any result 
query_data: NO62; vertex_id: 268
Cannot obtain any result 
query_data: NO63; vertex_id: 246
max hop is 6
--------when hop is 1
size of KTruss: 21
truss unb num: 0
===================Deleting NegativeTriangle ==================
calculation success!
query_data: NO64; vertex_id: 1838
Cannot obtain any result 
query_data: NO65; vertex_id: 1465
Cannot obtain any result 
query_data: NO66; vertex_id: 1920
Cannot obtain any result 
query_data: NO67; vertex_id: 2144
Cannot obtain any result 
query_data: NO68; vertex_id: 943
Cannot obtain any result 
query_data: NO69; vertex_id: 2317
Cannot obtain any result 
query_data: NO70; vertex_id: 1111
Cannot obtain any result 
query_data: NO71; vertex_id: 26
max hop is 6
--------when hop is 1
size of KTruss: 739
truss unb num: 62
===================Deleting NegativeTriangle ==================
calculation success!
query_data: NO72; vertex_id: 1560
Cannot obtain any result 
query_data: NO73; vertex_id: 1298
Cannot obtain any result 
query_data: NO74; vertex_id: 108
max hop is 6
--------when hop is 1
size of KTruss: 0
truss unb num: 0
--------when hop is 2
size of KTruss: 1979
truss unb num: 175
===================Deleting NegativeTriangle ==================
calculation success!
query_data: NO75; vertex_id: 203
max hop is 6
--------when hop is 1
size of KTruss: 68
truss unb num: 3
===================Deleting NegativeTriangle ==================
calculation success!
query_data: NO76; vertex_id: 1327
Cannot obtain any result 
query_data: NO77; vertex_id: 1201
Cannot obtain any result 
query_data: NO78; vertex_id: 2415
Cannot obtain any result 
query_data: NO79; vertex_id: 7529
Cannot obtain any result 
query_data: NO80; vertex_id: 2802
Cannot obtain any result 
query_data: NO81; vertex_id: 923
Cannot obtain any result 
query_data: NO82; vertex_id: 862
Cannot obtain any result 
query_data: NO83; vertex_id: 1730
Cannot obtain any result 
query_data: NO84; vertex_id: 67
max hop is 6
--------when hop is 1
size of KTruss: 93
truss unb num: 0
===================Deleting NegativeTriangle ==================
calculation success!
query_data: NO85; vertex_id: 1869
Cannot obtain any result 
query_data: NO86; vertex_id: 983
Cannot obtain any result 
query_data: NO87; vertex_id: 2031
Cannot obtain any result 
query_data: NO88; vertex_id: 974
Cannot obtain any result 
query_data: NO89; vertex_id: 1875
Cannot obtain any result 
query_data: NO90; vertex_id: 1048
Cannot obtain any result 
query_data: NO91; vertex_id: 224
Cannot obtain any result 
query_data: NO92; vertex_id: 1781
Cannot obtain any result 
query_data: NO93; vertex_id: 1176
Cannot obtain any result 
query_data: NO94; vertex_id: 1405
Cannot obtain any result 
query_data: NO95; vertex_id: 7600
max hop is 6
--------when hop is 1
size of KTruss: 74
truss unb num: 5
===================Deleting NegativeTriangle ==================
calculation success!
query_data: NO96; vertex_id: 302
Cannot obtain any result 
query_data: NO97; vertex_id: 1915
Cannot obtain any result 
query_data: NO98; vertex_id: 20
max hop is 6
--------when hop is 1
size of KTruss: 309
truss unb num: 14
===================Deleting NegativeTriangle ==================
calculation success!
query_data: NO99; vertex_id: 991
Cannot obtain any result 
