
query_data: NO0; vertex_id: 3262
not inside
query_data: NO1; vertex_id: 7500
not inside
query_data: NO2; vertex_id: 5140
not inside
query_data: NO3; vertex_id: 371
--------when hop is 1
size of KTruss: 33
truss unb num: 0
===================Deleting diameter ==================
candidate:8
calculation success!
query_data: NO4; vertex_id: 1257
not inside
query_data: NO5; vertex_id: 3110
not inside
query_data: NO6; vertex_id: 1191
not inside
query_data: NO7; vertex_id: 3167
not inside
query_data: NO8; vertex_id: 7600
--------when hop is 1
size of KTruss: 122
truss unb num: 10
===================Deleting diameter ==================
candidate:91
calculation success!
query_data: NO9; vertex_id: 6921
not inside
query_data: NO10; vertex_id: 1013
not inside
query_data: NO11; vertex_id: 2518
not inside
query_data: NO12; vertex_id: 1096
not inside
query_data: NO13; vertex_id: 7421
not inside
query_data: NO14; vertex_id: 201
--------when hop is 1
size of KTruss: 14
truss unb num: 0
===================Deleting diameter ==================
candidate:2
calculation success!
query_data: NO15; vertex_id: 1966
not inside
query_data: NO16; vertex_id: 2780
not inside
query_data: NO17; vertex_id: 7380
--------when hop is 1
size of KTruss: 14
truss unb num: 0
===================Deleting diameter ==================
candidate:2
calculation success!
query_data: NO18; vertex_id: 2806
not inside
query_data: NO19; vertex_id: 1643
not inside
query_data: NO20; vertex_id: 2130
not inside
query_data: NO21; vertex_id: 1502
not inside
query_data: NO22; vertex_id: 831
not inside
query_data: NO23; vertex_id: 844
not inside
query_data: NO24; vertex_id: 873
not inside
query_data: NO25; vertex_id: 2732
not inside
query_data: NO26; vertex_id: 417
not inside
query_data: NO27; vertex_id: 3400
not inside
query_data: NO28; vertex_id: 1097
not inside
query_data: NO29; vertex_id: 1615
not inside
query_data: NO30; vertex_id: 263
not inside
query_data: NO31; vertex_id: 1595
not inside
query_data: NO32; vertex_id: 1249
not inside
query_data: NO33; vertex_id: 3213
not inside
query_data: NO34; vertex_id: 3099
not inside
query_data: NO35; vertex_id: 2803
not inside
query_data: NO36; vertex_id: 1884
not inside
query_data: NO37; vertex_id: 2016
not inside
query_data: NO38; vertex_id: 963
not inside
query_data: NO39; vertex_id: 1839
not inside
query_data: NO40; vertex_id: 475
not inside
query_data: NO41; vertex_id: 3279
not inside
query_data: NO42; vertex_id: 3046
not inside
query_data: NO43; vertex_id: 559
not inside
query_data: NO44; vertex_id: 3135
not inside
query_data: NO45; vertex_id: 2317
not inside
query_data: NO46; vertex_id: 2878
not inside
query_data: NO47; vertex_id: 1653
not inside
query_data: NO48; vertex_id: 499
--------when hop is 1
size of KTruss: 0
truss unb num: 0
--------when hop is 2
size of KTruss: 1236
truss unb num: 99
