
query_data: NO0; vertex_id: 746
not inside
query_data: NO1; vertex_id: 220
not inside
query_data: NO2; vertex_id: 1839
not inside
query_data: NO3; vertex_id: 601
not inside
query_data: NO4; vertex_id: 1555
not inside
query_data: NO5; vertex_id: 7374
not inside
query_data: NO6; vertex_id: 511
not inside
query_data: NO7; vertex_id: 2068
not inside
query_data: NO8; vertex_id: 879
not inside
query_data: NO9; vertex_id: 649
--------when hop is 1
size of KTruss: 0
truss unb num: 0
--------when hop is 2
size of KTruss: 1344
truss unb num: 71
query_data: NO10; vertex_id: 7433
not inside
query_data: NO11; vertex_id: 692
not inside
query_data: NO12; vertex_id: 3134
not inside
query_data: NO13; vertex_id: 1167
not inside
query_data: NO14; vertex_id: 3362
not inside
query_data: NO15; vertex_id: 7443
not inside
query_data: NO16; vertex_id: 758
not inside
query_data: NO17; vertex_id: 1254
not inside
query_data: NO18; vertex_id: 161
not inside
query_data: NO19; vertex_id: 1264
not inside
query_data: NO20; vertex_id: 2037
not inside
query_data: NO21; vertex_id: 337
--------when hop is 1
size of KTruss: 76
truss unb num: 2
===================Deleting diameter ==================
candidate:36
calculation success!
query_data: NO22; vertex_id: 443
not inside
query_data: NO23; vertex_id: 2787
not inside
query_data: NO24; vertex_id: 382
not inside
query_data: NO25; vertex_id: 1785
not inside
query_data: NO26; vertex_id: 353
not inside
query_data: NO27; vertex_id: 2399
not inside
query_data: NO28; vertex_id: 1332
not inside
query_data: NO29; vertex_id: 2293
--------when hop is 1
size of KTruss: 20
truss unb num: 0
===================Deleting diameter ==================
candidate:2
calculation success!
query_data: NO30; vertex_id: 172
--------when hop is 1
size of KTruss: 103
truss unb num: 1
===================Deleting diameter ==================
candidate:59
===remove unbalanced==

candidate:59
calculation success!
query_data: NO31; vertex_id: 7511
not inside
query_data: NO32; vertex_id: 2360
not inside
query_data: NO33; vertex_id: 1075
not inside
query_data: NO34; vertex_id: 1085
not inside
query_data: NO35; vertex_id: 7597
not inside
query_data: NO36; vertex_id: 449
--------when hop is 1
size of KTruss: 15
truss unb num: 0
===================Deleting diameter ==================
candidate:1
calculation success!
query_data: NO37; vertex_id: 275
not inside
query_data: NO38; vertex_id: 1757
not inside
query_data: NO39; vertex_id: 1073
not inside
query_data: NO40; vertex_id: 602
not inside
query_data: NO41; vertex_id: 1862
not inside
query_data: NO42; vertex_id: 512
not inside
query_data: NO43; vertex_id: 148
--------when hop is 1
size of KTruss: 15
truss unb num: 0
===================Deleting diameter ==================
candidate:1
calculation success!
query_data: NO44; vertex_id: 7510
not inside
query_data: NO45; vertex_id: 2104
not inside
query_data: NO46; vertex_id: 561
not inside
query_data: NO47; vertex_id: 3372
--------when hop is 1
size of KTruss: 15
truss unb num: 0
===================Deleting diameter ==================
candidate:1
calculation success!
query_data: NO48; vertex_id: 1890
not inside
query_data: NO49; vertex_id: 1350
not inside
query_data: NO50; vertex_id: 1793
not inside
query_data: NO51; vertex_id: 1432
not inside
query_data: NO52; vertex_id: 2925
not inside
query_data: NO53; vertex_id: 712
not inside
query_data: NO54; vertex_id: 1088
not inside
query_data: NO55; vertex_id: 531
not inside
query_data: NO56; vertex_id: 3229
not inside
query_data: NO57; vertex_id: 156
--------when hop is 1
size of KTruss: 67
truss unb num: 2
===================Deleting diameter ==================
candidate:15
===remove unbalanced==

candidate:15
===remove unbalanced==

candidate:15
===remove unbalanced==

candidate:15
calculation success!
query_data: NO58; vertex_id: 701
not inside
query_data: NO59; vertex_id: 567
not inside
query_data: NO60; vertex_id: 2201
not inside
query_data: NO61; vertex_id: 1549
not inside
query_data: NO62; vertex_id: 268
not inside
query_data: NO63; vertex_id: 246
--------when hop is 1
size of KTruss: 26
truss unb num: 0
===================Deleting diameter ==================
candidate:3
calculation success!
query_data: NO64; vertex_id: 1838
not inside
query_data: NO65; vertex_id: 1465
not inside
query_data: NO66; vertex_id: 1920
not inside
query_data: NO67; vertex_id: 2144
not inside
query_data: NO68; vertex_id: 943
not inside
query_data: NO69; vertex_id: 2317
not inside
query_data: NO70; vertex_id: 1111
not inside
query_data: NO71; vertex_id: 26
--------when hop is 1
size of KTruss: 885
truss unb num: 86
Execution of program base with k=6 and query_set_size=60 timed out.
query_data: NO72; vertex_id: 1560
not inside
query_data: NO73; vertex_id: 1298
not inside
query_data: NO74; vertex_id: 108
--------when hop is 1
size of KTruss: 36
truss unb num: 0
===================Deleting diameter ==================
candidate:7
calculation success!
query_data: NO75; vertex_id: 203
--------when hop is 1
size of KTruss: 106
truss unb num: 5
===================Deleting diameter ==================
candidate:42
===remove unbalanced==

candidate:42
calculation success!
query_data: NO76; vertex_id: 1327
not inside
query_data: NO77; vertex_id: 1201
not inside
query_data: NO78; vertex_id: 2415
not inside
query_data: NO79; vertex_id: 7529
not inside
query_data: NO80; vertex_id: 2802
not inside
query_data: NO81; vertex_id: 923
not inside
query_data: NO82; vertex_id: 862
not inside
query_data: NO83; vertex_id: 1730
not inside
query_data: NO84; vertex_id: 67
--------when hop is 1
size of KTruss: 133
truss unb num: 1
===================Deleting diameter ==================
candidate:112
calculation success!
query_data: NO85; vertex_id: 1869
not inside
query_data: NO86; vertex_id: 983
not inside
query_data: NO87; vertex_id: 2031
not inside
query_data: NO88; vertex_id: 974
not inside
query_data: NO89; vertex_id: 1875
not inside
query_data: NO90; vertex_id: 1048
not inside
query_data: NO91; vertex_id: 224
not inside
query_data: NO92; vertex_id: 1781
not inside
query_data: NO93; vertex_id: 1176
not inside
query_data: NO94; vertex_id: 1405
not inside
query_data: NO95; vertex_id: 7600
--------when hop is 1
size of KTruss: 91
truss unb num: 6
===================Deleting diameter ==================
candidate:46
calculation success!
query_data: NO96; vertex_id: 302
not inside
query_data: NO97; vertex_id: 1915
not inside
query_data: NO98; vertex_id: 20
--------when hop is 1
size of KTruss: 360
truss unb num: 25
===================Deleting diameter ==================
candidate:1021
===remove unbalanced==

candidate:1021
===remove unbalanced==

candidate:1021
===remove unbalanced==

candidate:1021
===remove unbalanced==

candidate:1021
calculation success!
query_data: NO99; vertex_id: 991
not inside
