
query_data: NO0; vertex_id: 1317
query_data: NO1; vertex_id: 1156
query_data: NO2; vertex_id: 1726
query_data: NO3; vertex_id: 1142
query_data: NO4; vertex_id: 2856
query_data: NO5; vertex_id: 380
query_data: NO6; vertex_id: 2841
query_data: NO7; vertex_id: 409
query_data: NO8; vertex_id: 3141
query_data: NO9; vertex_id: 2795
query_data: NO10; vertex_id: 937
query_data: NO11; vertex_id: 1473
query_data: NO12; vertex_id: 1673
query_data: NO13; vertex_id: 1932
query_data: NO14; vertex_id: 772
query_data: NO15; vertex_id: 56
===================Deleting diameter ==================
candidate:2
calculation success!
query_data: NO16; vertex_id: 1751
query_data: NO17; vertex_id: 352
===================Deleting diameter ==================
candidate:2
calculation success!
query_data: NO18; vertex_id: 565
query_data: NO19; vertex_id: 530
query_data: NO20; vertex_id: 624
query_data: NO21; vertex_id: 7556
query_data: NO22; vertex_id: 918
query_data: NO23; vertex_id: 2405
query_data: NO24; vertex_id: 35
===================Deleting diameter ==================
candidate:2
calculation success!
query_data: NO25; vertex_id: 1134
query_data: NO26; vertex_id: 2267
query_data: NO27; vertex_id: 2445
query_data: NO28; vertex_id: 7334
===================Deleting diameter ==================
candidate:3
calculation success!
query_data: NO29; vertex_id: 7520
query_data: NO30; vertex_id: 139
query_data: NO31; vertex_id: 2358
query_data: NO32; vertex_id: 1489
query_data: NO33; vertex_id: 3335
query_data: NO34; vertex_id: 2767
query_data: NO35; vertex_id: 2417
===================Deleting diameter ==================
candidate:2
calculation success!
query_data: NO36; vertex_id: 1855
query_data: NO37; vertex_id: 7390
query_data: NO38; vertex_id: 449
query_data: NO39; vertex_id: 1176
query_data: NO40; vertex_id: 3038
query_data: NO41; vertex_id: 652
query_data: NO42; vertex_id: 1738
query_data: NO43; vertex_id: 3163
query_data: NO44; vertex_id: 1063
query_data: NO45; vertex_id: 63
===================Deleting diameter ==================
candidate:1
calculation success!
query_data: NO46; vertex_id: 673
query_data: NO47; vertex_id: 304
===================Deleting diameter ==================
candidate:2
calculation success!
query_data: NO48; vertex_id: 171
query_data: NO49; vertex_id: 2139
query_data: NO50; vertex_id: 2915
query_data: NO51; vertex_id: 99
===================Deleting diameter ==================
candidate:1
calculation success!
query_data: NO52; vertex_id: 1981
query_data: NO53; vertex_id: 1306
query_data: NO54; vertex_id: 1059
query_data: NO55; vertex_id: 522
query_data: NO56; vertex_id: 270
query_data: NO57; vertex_id: 7410
query_data: NO58; vertex_id: 2786
query_data: NO59; vertex_id: 606
query_data: NO60; vertex_id: 647
query_data: NO61; vertex_id: 3065
query_data: NO62; vertex_id: 1688
query_data: NO63; vertex_id: 2599
query_data: NO64; vertex_id: 961
query_data: NO65; vertex_id: 1304
query_data: NO66; vertex_id: 1514
query_data: NO67; vertex_id: 366
query_data: NO68; vertex_id: 3361
query_data: NO69; vertex_id: 3348
query_data: NO70; vertex_id: 470
query_data: NO71; vertex_id: 2510
query_data: NO72; vertex_id: 90
===================Deleting diameter ==================
===================Deleting diameter ==================
candidate:4
===remove unbalanced==

candidate:4
===remove unbalanced==

candidate:4
===remove unbalanced==

candidate:4
===remove unbalanced==

candidate:4
calculation success!
query_data: NO73; vertex_id: 337
===================Deleting diameter ==================
candidate:3
calculation success!
query_data: NO74; vertex_id: 1106
query_data: NO75; vertex_id: 2143
query_data: NO76; vertex_id: 557
query_data: NO77; vertex_id: 2387
query_data: NO78; vertex_id: 1017
query_data: NO79; vertex_id: 1232
query_data: NO80; vertex_id: 3264
query_data: NO81; vertex_id: 3367
query_data: NO82; vertex_id: 370
query_data: NO83; vertex_id: 2244
query_data: NO84; vertex_id: 2248
query_data: NO85; vertex_id: 1544
query_data: NO86; vertex_id: 1803
query_data: NO87; vertex_id: 79
===================Deleting diameter ==================
candidate:1
calculation success!
query_data: NO88; vertex_id: 348
===================Deleting diameter ==================
candidate:4
===remove unbalanced==

candidate:4
===remove unbalanced==

candidate:4
===remove unbalanced==

candidate:4
===remove unbalanced==

candidate:4
calculation success!
query_data: NO89; vertex_id: 787
query_data: NO90; vertex_id: 1674
query_data: NO91; vertex_id: 865
query_data: NO92; vertex_id: 1088
query_data: NO93; vertex_id: 502
query_data: NO94; vertex_id: 1877
query_data: NO95; vertex_id: 2182
query_data: NO96; vertex_id: 1127
query_data: NO97; vertex_id: 1584
query_data: NO98; vertex_id: 894
query_data: NO99; vertex_id: 150
===================Deleting diameter ==================
candidate:3
calculation success!
