
The total for Attempt is 47
The total for query_data_No is 4950.0
The total for time is 17.790305000000007
The total for diameter is 51.0
The total for total_size_of_truss is 16021.0
The total for total_unbalance_num is 0.0
The total for total_percentage is 4.2099565000000005
The total for total_density is 26.94401880000001
===============================
The average for Attempt is 1
The average for query_data_No is 105.31914893617021
The average for time is 0.17790305000000006
The average for diameter is 1.0851063829787233
The average for total_size_of_truss is 340.8723404255319
The average for total_unbalance_num is 0.0
The average for total_percentage is 0.0895735425531915
The average for total_density is 0.573276995744681
The total for Attempt is 47
The total for query_data_No is 4950.0
The total for time is 491.7678159999999
The total for diameter is 51.0
The total for total_size_of_truss is 15804.0
The total for total_unbalance_num is 0.0
The total for total_percentage is 4.225108
The total for total_density is 26.537876800000014
===============================
The average for Attempt is 1
The average for query_data_No is 105.31914893617021
The average for time is 4.9176781599999995
The average for diameter is 1.0851063829787233
The average for total_size_of_truss is 336.25531914893617
The average for total_unbalance_num is 0.0
The average for total_percentage is 0.08989591489361701
The average for total_density is 0.564635676595745
The total for Attempt is 47
The total for query_data_No is 4950.0
The total for time is 1663.1029219999996
The total for diameter is 51.0
The total for total_size_of_truss is 5344.0
The total for total_unbalance_num is 0.0
The total for total_percentage is 1.396103
The total for total_density is 44.036961000000005
===============================
The average for Attempt is 1
The average for query_data_No is 105.31914893617021
The average for time is 16.631029219999995
The average for diameter is 1.0851063829787233
The average for total_size_of_truss is 113.70212765957447
The average for total_unbalance_num is 0.0
The average for total_percentage is 0.029704319148936172
The average for total_density is 0.9369566170212767
The total for Attempt is 26
The total for query_data_No is 4950.0
The total for time is 10.563130999999997
The total for diameter is 28.0
The total for total_size_of_truss is 5883.0
The total for total_unbalance_num is 0.0
The total for total_percentage is 1.7186142999999998
The total for total_density is 15.652102000000003
===============================
The average for Attempt is 1
The average for query_data_No is 190.3846153846154
The average for time is 0.10563130999999996
The average for diameter is 1.0769230769230769
The average for total_size_of_truss is 226.26923076923077
The average for total_unbalance_num is 0.0
The average for total_percentage is 0.06610055
The average for total_density is 0.6020039230769232
The total for Attempt is 26
The total for query_data_No is 4950.0
The total for time is 272.9965230000002
The total for diameter is 28.0
The total for total_size_of_truss is 5569.0
The total for total_unbalance_num is 0.0
The total for total_percentage is 1.6839827999999997
The total for total_density is 15.179767000000002
===============================
The average for Attempt is 1
The average for query_data_No is 190.3846153846154
The average for time is 2.729965230000002
The average for diameter is 1.0769230769230769
The average for total_size_of_truss is 214.19230769230768
The average for total_unbalance_num is 0.0
The average for total_percentage is 0.06476856923076922
The average for total_density is 0.5838371923076924
The total for Attempt is 27
The total for query_data_No is 4950.0
The total for time is 453.56170199999997
The total for diameter is 29.0
The total for total_size_of_truss is 1922.0
The total for total_unbalance_num is 0.0
The total for total_percentage is 0.6320344999999997
The total for total_density is 25.563592
===============================
The average for Attempt is 1
The average for query_data_No is 183.33333333333334
The average for time is 4.53561702
The average for diameter is 1.0740740740740742
The average for total_size_of_truss is 71.18518518518519
The average for total_unbalance_num is 0.0
The average for total_percentage is 0.023408685185185175
The average for total_density is 0.9467997037037037
The total for Attempt is 19
The total for query_data_No is 4950.0
The total for time is 7.600104000000002
The total for diameter is 23.0
The total for total_size_of_truss is 10871.0
The total for total_unbalance_num is 0.0
The total for total_percentage is 2.6060592999999996
The total for total_density is 8.527446999999999
===============================
The average for Attempt is 1
The average for query_data_No is 260.5263157894737
The average for time is 0.07600104000000002
The average for diameter is 1.2105263157894737
The average for total_size_of_truss is 572.1578947368421
The average for total_unbalance_num is 0.0
The average for total_percentage is 0.13716101578947368
The average for total_density is 0.4488129999999999
The total for Attempt is 19
The total for query_data_No is 4950.0
The total for time is 221.186824
The total for diameter is 23.0
The total for total_size_of_truss is 10891.0
The total for total_unbalance_num is 0.0
The total for total_percentage is 2.6255398
The total for total_density is 8.313758999999997
===============================
The average for Attempt is 1
The average for query_data_No is 260.5263157894737
The average for time is 2.21186824
The average for diameter is 1.2105263157894737
The average for total_size_of_truss is 573.2105263157895
The average for total_unbalance_num is 0.0
The average for total_percentage is 0.1381863052631579
The average for total_density is 0.4375662631578946
The total for Attempt is 19
The total for query_data_No is 4950.0
The total for time is 1325.0045970000006
The total for diameter is 24.0
The total for total_size_of_truss is 7725.0
The total for total_unbalance_num is 0.0
The total for total_percentage is 1.6450220000000002
The total for total_density is 15.8378515
===============================
The average for Attempt is 1
The average for query_data_No is 260.5263157894737
The average for time is 13.250045970000006
The average for diameter is 1.263157894736842
The average for total_size_of_truss is 406.57894736842104
The average for total_unbalance_num is 0.0
The average for total_percentage is 0.0865801052631579
The average for total_density is 0.8335711315789474
The total for Attempt is 23
The total for query_data_No is 4950.0
The total for time is 7.852638
The total for diameter is 24.0
The total for total_size_of_truss is 3541.0
The total for total_unbalance_num is 0.0
The total for total_percentage is 1.0974021999999999
The total for total_density is 16.211357
===============================
The average for Attempt is 1
The average for query_data_No is 215.2173913043478
The average for time is 0.07852637999999999
The average for diameter is 1.0434782608695652
The average for total_size_of_truss is 153.95652173913044
The average for total_unbalance_num is 0.0
The average for total_percentage is 0.047713139130434776
The average for total_density is 0.7048416086956522
The total for Attempt is 23
The total for query_data_No is 4950.0
The total for time is 50.87328100000003
The total for diameter is 24.0
The total for total_size_of_truss is 3581.0
The total for total_unbalance_num is 0.0
The total for total_percentage is 1.1125537
The total for total_density is 15.933746000000001
===============================
The average for Attempt is 1
The average for query_data_No is 215.2173913043478
The average for time is 0.5087328100000003
The average for diameter is 1.0434782608695652
The average for total_size_of_truss is 155.69565217391303
The average for total_unbalance_num is 0.0
The average for total_percentage is 0.0483719
The average for total_density is 0.6927715652173914
The total for Attempt is 23
The total for query_data_No is 4950.0
The total for time is 171.80494700000006
The total for diameter is 24.0
The total for total_size_of_truss is 1485.0
The total for total_unbalance_num is 0.0
The total for total_percentage is 0.4935065000000001
The total for total_density is 22.263675
===============================
The average for Attempt is 1
The average for query_data_No is 215.2173913043478
The average for time is 1.7180494700000006
The average for diameter is 1.0434782608695652
The average for total_size_of_truss is 64.56521739130434
The average for total_unbalance_num is 0.0
The average for total_percentage is 0.021456804347826094
The average for total_density is 0.9679858695652174
The total for Attempt is 23
The total for query_data_No is 4950.0
The total for time is 9.009272999999999
The total for diameter is 27.0
The total for total_size_of_truss is 11860.0
The total for total_unbalance_num is 0.0
The total for total_percentage is 2.7813852999999997
The total for total_density is 12.0283097
===============================
The average for Attempt is 1
The average for query_data_No is 215.2173913043478
The average for time is 0.09009272999999998
The average for diameter is 1.173913043478261
The average for total_size_of_truss is 515.6521739130435
The average for total_unbalance_num is 0.0
The average for total_percentage is 0.1209297956521739
The average for total_density is 0.5229699869565217
The total for Attempt is 23
The total for query_data_No is 4950.0
The total for time is 141.53101
The total for diameter is 27.0
The total for total_size_of_truss is 11886.0
The total for total_unbalance_num is 0.0
The total for total_percentage is 2.7922078999999997
The total for total_density is 11.878335699999997
===============================
The average for Attempt is 1
The average for query_data_No is 215.2173913043478
The average for time is 1.4153101000000001
The average for diameter is 1.173913043478261
The average for total_size_of_truss is 516.7826086956521
The average for total_unbalance_num is 0.0
The average for total_percentage is 0.12140034347826086
The average for total_density is 0.5164493782608695
The total for Attempt is 23
The total for query_data_No is 4950.0
The total for time is 634.787264
The total for diameter is 27.0
The total for total_size_of_truss is 5399.0
The total for total_unbalance_num is 0.0
The total for total_percentage is 1.132035
The total for total_density is 20.003763
===============================
The average for Attempt is 1
The average for query_data_No is 215.2173913043478
The average for time is 6.34787264
The average for diameter is 1.173913043478261
The average for total_size_of_truss is 234.7391304347826
The average for total_unbalance_num is 0.0
The average for total_percentage is 0.04921891304347826
The average for total_density is 0.8697288260869565
The total for Attempt is 32
The total for query_data_No is 4950.0
The total for time is 14.709328999999999
The total for diameter is 36.0
The total for total_size_of_truss is 12939.0
The total for total_unbalance_num is 0.0
The total for total_percentage is 4.7293736
The total for total_density is 17.694981000000002
===============================
The average for Attempt is 1
The average for query_data_No is 154.6875
The average for time is 0.14709329
The average for diameter is 1.125
The average for total_size_of_truss is 404.34375
The average for total_unbalance_num is 0.0
The average for total_percentage is 0.147792925
The average for total_density is 0.5529681562500001
The total for Attempt is 32
The total for query_data_No is 4950.0
The total for time is 381.372351
The total for diameter is 36.0
The total for total_size_of_truss is 12960.0
The total for total_unbalance_num is 0.0
The total for total_percentage is 4.745874699999999
The total for total_density is 17.597982000000002
===============================
The average for Attempt is 1
The average for query_data_No is 154.6875
The average for time is 3.81372351
The average for diameter is 1.125
The average for total_size_of_truss is 405.0
The average for total_unbalance_num is 0.0
The average for total_percentage is 0.14830858437499997
The average for total_density is 0.5499369375000001
The total for Attempt is 32
The total for query_data_No is 4950.0
The total for time is 4451.281681000001
The total for diameter is 38.0
The total for total_size_of_truss is 8615.0
The total for total_unbalance_num is 0.0
The total for total_percentage is 2.9174916
The total for total_density is 28.7341864
===============================
The average for Attempt is 1
The average for query_data_No is 154.6875
The average for time is 44.51281681000001
The average for diameter is 1.1875
The average for total_size_of_truss is 269.21875
The average for total_unbalance_num is 0.0
The average for total_percentage is 0.0911716125
The average for total_density is 0.897943325
The total for Attempt is 15
The total for query_data_No is 4950.0
The total for time is 8.682849000000003
The total for diameter is 17.0
The total for total_size_of_truss is 5722.0
The total for total_unbalance_num is 0.0
The total for total_percentage is 2.0957084999999998
The total for total_density is 7.982388
===============================
The average for Attempt is 1
The average for query_data_No is 330.0
The average for time is 0.08682849000000002
The average for diameter is 1.1333333333333333
The average for total_size_of_truss is 381.46666666666664
The average for total_unbalance_num is 0.0
The average for total_percentage is 0.13971389999999997
The average for total_density is 0.5321592
The total for Attempt is 15
The total for query_data_No is 4950.0
The total for time is 199.891422
The total for diameter is 17.0
The total for total_size_of_truss is 5673.0
The total for total_unbalance_num is 0.0
The total for total_percentage is 2.0759065
The total for total_density is 8.027964
===============================
The average for Attempt is 1
The average for query_data_No is 330.0
The average for time is 1.99891422
The average for diameter is 1.1333333333333333
The average for total_size_of_truss is 378.2
The average for total_unbalance_num is 0.0
The average for total_percentage is 0.13839376666666667
The average for total_density is 0.5351976
The total for Attempt is 15
The total for query_data_No is 4950.0
The total for time is 3084.5311789999996
The total for diameter is 18.0
The total for total_size_of_truss is 3302.0
The total for total_unbalance_num is 0.0
The total for total_percentage is 1.1287127000000001
The total for total_density is 12.867458
===============================
The average for Attempt is 1
The average for query_data_No is 330.0
The average for time is 30.845311789999997
The average for diameter is 1.2
The average for total_size_of_truss is 220.13333333333333
The average for total_unbalance_num is 0.0
The average for total_percentage is 0.07524751333333334
The average for total_density is 0.8578305333333333
The total for Attempt is 14
The total for query_data_No is 4950.0
The total for time is 4.959259000000001
The total for diameter is 14.0
The total for total_size_of_truss is 2046.0
The total for total_unbalance_num is 0.0
The total for total_percentage is 1.0165022000000001
The total for total_density is 9.368477
===============================
The average for Attempt is 1
The average for query_data_No is 353.57142857142856
The average for time is 0.04959259000000001
The average for diameter is 1.0
The average for total_size_of_truss is 146.14285714285714
The average for total_unbalance_num is 0.0
The average for total_percentage is 0.07260730000000001
The average for total_density is 0.6691769285714286
The total for Attempt is 14
The total for query_data_No is 4950.0
The total for time is 59.813115
The total for diameter is 14.0
The total for total_size_of_truss is 2058.0
The total for total_unbalance_num is 0.0
The total for total_percentage is 1.0396044
The total for total_density is 8.967111000000001
===============================
The average for Attempt is 1
The average for query_data_No is 353.57142857142856
The average for time is 0.5981311500000001
The average for diameter is 1.0
The average for total_size_of_truss is 147.0
The average for total_unbalance_num is 0.0
The average for total_percentage is 0.07425745714285714
The average for total_density is 0.6405079285714287
The total for Attempt is 14
The total for query_data_No is 4950.0
The total for time is 39.96115500000001
The total for diameter is 14.0
The total for total_size_of_truss is 302.0
The total for total_unbalance_num is 0.0
The total for total_percentage is 0.32343229999999995
The total for total_density is 14.0
===============================
The average for Attempt is 1
The average for query_data_No is 353.57142857142856
The average for time is 0.39961155000000015
The average for diameter is 1.0
The average for total_size_of_truss is 21.571428571428573
The average for total_unbalance_num is 0.0
The average for total_percentage is 0.02310230714285714
The average for total_density is 1.0
The total for Attempt is 16
The total for query_data_No is 4950.0
The total for time is 6.0011670000000015
The total for diameter is 17.0
The total for total_size_of_truss is 3273.0
The total for total_unbalance_num is 0.0
The total for total_percentage is 1.3201321999999998
The total for total_density is 11.617975000000001
===============================
The average for Attempt is 1
The average for query_data_No is 309.375
The average for time is 0.06001167000000002
The average for diameter is 1.0625
The average for total_size_of_truss is 204.5625
The average for total_unbalance_num is 0.0
The average for total_percentage is 0.08250826249999998
The average for total_density is 0.7261234375000001
The total for Attempt is 16
The total for query_data_No is 4950.0
The total for time is 44.84050100000002
The total for diameter is 17.0
The total for total_size_of_truss is 3298.0
The total for total_unbalance_num is 0.0
The total for total_percentage is 1.3300337999999996
The total for total_density is 11.536859
===============================
The average for Attempt is 1
The average for query_data_No is 309.375
The average for time is 0.44840501000000016
The average for diameter is 1.0625
The average for total_size_of_truss is 206.125
The average for total_unbalance_num is 0.0
The average for total_percentage is 0.08312711249999997
The average for total_density is 0.7210536875
The total for Attempt is 16
The total for query_data_No is 4950.0
The total for time is 167.35217899999995
The total for diameter is 17.0
The total for total_size_of_truss is 1478.0
The total for total_unbalance_num is 0.0
The total for total_percentage is 0.646865
The total for total_density is 15.261184
===============================
The average for Attempt is 1
The average for query_data_No is 309.375
The average for time is 1.6735217899999995
The average for diameter is 1.0625
The average for total_size_of_truss is 92.375
The average for total_unbalance_num is 0.0
The average for total_percentage is 0.0404290625
The average for total_density is 0.953824
The total for Attempt is 16
The total for query_data_No is 4950.0
The total for time is 6.330755
The total for diameter is 18.0
The total for total_size_of_truss is 5145.0
The total for total_unbalance_num is 0.0
The total for total_percentage is 1.8943895000000002
The total for total_density is 9.643502999999999
===============================
The average for Attempt is 1
The average for query_data_No is 309.375
The average for time is 0.06330755
The average for diameter is 1.125
The average for total_size_of_truss is 321.5625
The average for total_unbalance_num is 0.0
The average for total_percentage is 0.11839934375000001
The average for total_density is 0.6027189374999999
The total for Attempt is 16
The total for query_data_No is 4950.0
The total for time is 96.93559700000002
The total for diameter is 18.0
The total for total_size_of_truss is 5171.0
The total for total_unbalance_num is 0.0
The total for total_percentage is 1.9009902000000003
The total for total_density is 9.677603
===============================
The average for Attempt is 1
The average for query_data_No is 309.375
The average for time is 0.9693559700000002
The average for diameter is 1.125
The average for total_size_of_truss is 323.1875
The average for total_unbalance_num is 0.0
The average for total_percentage is 0.11881188750000002
The average for total_density is 0.6048501875
The total for Attempt is 16
The total for query_data_No is 4950.0
The total for time is 415.508968
The total for diameter is 18.0
The total for total_size_of_truss is 2705.0
The total for total_unbalance_num is 0.0
The total for total_percentage is 0.9603959
The total for total_density is 14.529418999999999
===============================
The average for Attempt is 1
The average for query_data_No is 309.375
The average for time is 4.15508968
The average for diameter is 1.125
The average for total_size_of_truss is 169.0625
The average for total_unbalance_num is 0.0
The average for total_percentage is 0.06002474375
The average for total_density is 0.9080886874999999
The total for Attempt is 19
The total for query_data_No is 4950.0
The total for time is 8.449839
The total for diameter is 20.0
The total for total_size_of_truss is 6058.0
The total for total_unbalance_num is 0.0
The total for total_percentage is 3.3412301
The total for total_density is 10.256178
===============================
The average for Attempt is 1
The average for query_data_No is 260.5263157894737
The average for time is 0.08449839
The average for diameter is 1.0526315789473684
The average for total_size_of_truss is 318.8421052631579
The average for total_unbalance_num is 0.0
The average for total_percentage is 0.1758542157894737
The average for total_density is 0.5397988421052632
The total for Attempt is 19
The total for query_data_No is 4950.0
The total for time is 173.495428
The total for diameter is 20.0
The total for total_size_of_truss is 6125.0
The total for total_unbalance_num is 0.0
The total for total_percentage is 3.3838847
The total for total_density is 10.076386000000001
===============================
The average for Attempt is 1
The average for query_data_No is 260.5263157894737
The average for time is 1.73495428
The average for diameter is 1.0526315789473684
The average for total_size_of_truss is 322.36842105263156
The average for total_unbalance_num is 0.0
The average for total_percentage is 0.1780991947368421
The average for total_density is 0.530336105263158
The total for Attempt is 19
The total for query_data_No is 4950.0
The total for time is 1006.504792
The total for diameter is 20.0
The total for total_size_of_truss is 1700.0
The total for total_unbalance_num is 0.0
The total for total_percentage is 1.1042654999999995
The total for total_density is 18.272588
===============================
The average for Attempt is 1
The average for query_data_No is 260.5263157894737
The average for time is 10.06504792
The average for diameter is 1.0526315789473684
The average for total_size_of_truss is 89.47368421052632
The average for total_unbalance_num is 0.0
The average for total_percentage is 0.05811923684210524
The average for total_density is 0.9617151578947368
The total for Attempt is 12
The total for query_data_No is 4950.0
The total for time is 4.477911999999999
The total for diameter is 12.0
The total for total_size_of_truss is 1537.0
The total for total_unbalance_num is 0.0
The total for total_percentage is 1.1516584
The total for total_density is 8.555043
===============================
The average for Attempt is 1
The average for query_data_No is 412.5
The average for time is 0.04477911999999999
The average for diameter is 1.0
The average for total_size_of_truss is 128.08333333333334
The average for total_unbalance_num is 0.0
The average for total_percentage is 0.09597153333333334
The average for total_density is 0.7129202499999999
The total for Attempt is 12
The total for query_data_No is 4950.0
The total for time is 42.399087000000016
The total for diameter is 12.0
The total for total_size_of_truss is 1538.0
The total for total_unbalance_num is 0.0
The total for total_percentage is 1.1516584
The total for total_density is 8.557689
===============================
The average for Attempt is 1
The average for query_data_No is 412.5
The average for time is 0.42399087000000013
The average for diameter is 1.0
The average for total_size_of_truss is 128.16666666666666
The average for total_unbalance_num is 0.0
The average for total_percentage is 0.09597153333333334
The average for total_density is 0.71314075
The total for Attempt is 12
The total for query_data_No is 4950.0
The total for time is 24.169326
The total for diameter is 12.0
The total for total_size_of_truss is 327.0
The total for total_unbalance_num is 0.0
The total for total_percentage is 0.4454979000000001
The total for total_density is 12.0
===============================
The average for Attempt is 1
The average for query_data_No is 412.5
The average for time is 0.24169326000000002
The average for diameter is 1.0
The average for total_size_of_truss is 27.25
The average for total_unbalance_num is 0.0
The average for total_percentage is 0.03712482500000001
The average for total_density is 1.0
The total for Attempt is 10
The total for query_data_No is 4950.0
The total for time is 4.362991
The total for diameter is 12.0
The total for total_size_of_truss is 5150.0
The total for total_unbalance_num is 0.0
The total for total_percentage is 2.3791466000000003
The total for total_density is 5.382574
===============================
The average for Attempt is 1
The average for query_data_No is 495.0
The average for time is 0.04362991
The average for diameter is 1.2
The average for total_size_of_truss is 515.0
The average for total_unbalance_num is 0.0
The average for total_percentage is 0.23791466000000003
The average for total_density is 0.5382574
The total for Attempt is 10
The total for query_data_No is 4950.0
The total for time is 89.713398
The total for diameter is 12.0
The total for total_size_of_truss is 5131.0
The total for total_unbalance_num is 0.0
The total for total_percentage is 2.3838859999999995
The total for total_density is 5.34964
===============================
The average for Attempt is 1
The average for query_data_No is 495.0
The average for time is 0.89713398
The average for diameter is 1.2
The average for total_size_of_truss is 513.1
The average for total_unbalance_num is 0.0
The average for total_percentage is 0.23838859999999995
The average for total_density is 0.534964
The total for Attempt is 10
The total for query_data_No is 4950.0
The total for time is 1087.604051
The total for diameter is 13.0
The total for total_size_of_truss is 3922.0
The total for total_unbalance_num is 0.0
The total for total_percentage is 1.6303309
The total for total_density is 7.816886
===============================
The average for Attempt is 1
The average for query_data_No is 495.0
The average for time is 10.876040510000001
The average for diameter is 1.3
The average for total_size_of_truss is 392.2
The average for total_unbalance_num is 0.0
The average for total_percentage is 0.16303309
The average for total_density is 0.7816886000000001
The total for Attempt is 13
The total for query_data_No is 4950.0
The total for time is 5.0654580000000005
The total for diameter is 14.0
The total for total_size_of_truss is 2404.0
The total for total_unbalance_num is 0.0
The total for total_percentage is 1.3744067999999998
The total for total_density is 10.112641
===============================
The average for Attempt is 1
The average for query_data_No is 380.7692307692308
The average for time is 0.050654580000000005
The average for diameter is 1.0769230769230769
The average for total_size_of_truss is 184.92307692307693
The average for total_unbalance_num is 0.0
The average for total_percentage is 0.10572359999999999
The average for total_density is 0.7778954615384616
The total for Attempt is 13
The total for query_data_No is 4950.0
The total for time is 22.693555999999997
The total for diameter is 14.0
The total for total_size_of_truss is 2404.0
The total for total_unbalance_num is 0.0
The total for total_percentage is 1.3744067999999998
The total for total_density is 10.112641
===============================
The average for Attempt is 1
The average for query_data_No is 380.7692307692308
The average for time is 0.22693555999999998
The average for diameter is 1.0769230769230769
The average for total_size_of_truss is 184.92307692307693
The average for total_unbalance_num is 0.0
The average for total_percentage is 0.10572359999999999
The average for total_density is 0.7778954615384616
The total for Attempt is 13
The total for query_data_No is 4950.0
The total for time is 618.1928480000001
The total for diameter is 15.0
The total for total_size_of_truss is 2734.0
The total for total_unbalance_num is 0.0
The total for total_percentage is 1.2938393
The total for total_density is 11.538691
===============================
The average for Attempt is 1
The average for query_data_No is 380.7692307692308
The average for time is 6.181928480000002
The average for diameter is 1.1538461538461537
The average for total_size_of_truss is 210.30769230769232
The average for total_unbalance_num is 0.0
The average for total_percentage is 0.09952609999999999
The average for total_density is 0.8875916153846154
The total for Attempt is 10
The total for query_data_No is 4950.0
The total for time is 5.422772999999999
The total for diameter is 10.0
The total for total_size_of_truss is 854.0
The total for total_unbalance_num is 0.0
The total for total_percentage is 0.7061617
The total for total_density is 8.019769
===============================
The average for Attempt is 1
The average for query_data_No is 495.0
The average for time is 0.054227729999999995
The average for diameter is 1.0
The average for total_size_of_truss is 85.4
The average for total_unbalance_num is 0.0
The average for total_percentage is 0.07061617
The average for total_density is 0.8019769
The total for Attempt is 10
The total for query_data_No is 4950.0
The total for time is 45.78715700000001
The total for diameter is 10.0
The total for total_size_of_truss is 907.0
The total for total_unbalance_num is 0.0
The total for total_percentage is 0.7345968999999999
The total for total_density is 7.909016
===============================
The average for Attempt is 1
The average for query_data_No is 495.0
The average for time is 0.45787157000000006
The average for diameter is 1.0
The average for total_size_of_truss is 90.7
The average for total_unbalance_num is 0.0
The average for total_percentage is 0.07345969
The average for total_density is 0.7909016
The total for Attempt is 10
The total for query_data_No is 4950.0
The total for time is 754.4537390000002
The total for diameter is 11.0
The total for total_size_of_truss is 1540.0
The total for total_unbalance_num is 0.0
The total for total_percentage is 0.8056877999999998
The total for total_density is 9.262424
===============================
The average for Attempt is 1
The average for query_data_No is 495.0
The average for time is 7.544537390000001
The average for diameter is 1.1
The average for total_size_of_truss is 154.0
The average for total_unbalance_num is 0.0
The average for total_percentage is 0.08056877999999998
The average for total_density is 0.9262423999999999
The total for Attempt is 16
The total for query_data_No is 4950.0
The total for time is 7.915381999999994
The total for diameter is 18.0
The total for total_size_of_truss is 4927.0
The total for total_unbalance_num is 0.0
The total for total_percentage is 3.5465835000000006
The total for total_density is 9.369919999999999
===============================
The average for Attempt is 1
The average for query_data_No is 309.375
The average for time is 0.07915381999999994
The average for diameter is 1.125
The average for total_size_of_truss is 307.9375
The average for total_unbalance_num is 0.0
The average for total_percentage is 0.22166146875000003
The average for total_density is 0.5856199999999999
The total for Attempt is 16
The total for query_data_No is 4950.0
The total for time is 104.24041200000005
The total for diameter is 18.0
The total for total_size_of_truss is 5014.0
The total for total_unbalance_num is 0.0
The total for total_percentage is 3.6086949000000006
The total for total_density is 9.129335
===============================
The average for Attempt is 1
The average for query_data_No is 309.375
The average for time is 1.0424041200000005
The average for diameter is 1.125
The average for total_size_of_truss is 313.375
The average for total_unbalance_num is 0.0
The average for total_percentage is 0.22554343125000004
The average for total_density is 0.5705834375
The total for Attempt is 16
The total for query_data_No is 4950.0
The total for time is 319.2842750000001
The total for diameter is 19.0
The total for total_size_of_truss is 2858.0
The total for total_unbalance_num is 0.0
The total for total_percentage is 1.9875762000000003
The total for total_density is 13.984504999999999
===============================
The average for Attempt is 1
The average for query_data_No is 309.375
The average for time is 3.192842750000001
The average for diameter is 1.1875
The average for total_size_of_truss is 178.625
The average for total_unbalance_num is 0.0
The average for total_percentage is 0.12422351250000002
The average for total_density is 0.8740315624999999
The total for Attempt is 10
The total for query_data_No is 4950.0
The total for time is 4.567252000000001
The total for diameter is 12.0
The total for total_size_of_truss is 3637.0
The total for total_unbalance_num is 0.0
The total for total_percentage is 2.3291934
The total for total_density is 6.11803
===============================
The average for Attempt is 1
The average for query_data_No is 495.0
The average for time is 0.04567252000000001
The average for diameter is 1.2
The average for total_size_of_truss is 363.7
The average for total_unbalance_num is 0.0
The average for total_percentage is 0.23291933999999997
The average for total_density is 0.611803
The total for Attempt is 10
The total for query_data_No is 4950.0
The total for time is 37.732856999999996
The total for diameter is 12.0
The total for total_size_of_truss is 3637.0
The total for total_unbalance_num is 0.0
The total for total_percentage is 2.3291934
The total for total_density is 6.11803
===============================
The average for Attempt is 1
The average for query_data_No is 495.0
The average for time is 0.37732857
The average for diameter is 1.2
The average for total_size_of_truss is 363.7
The average for total_unbalance_num is 0.0
The average for total_percentage is 0.23291933999999997
The average for total_density is 0.611803
The total for Attempt is 10
The total for query_data_No is 4950.0
The total for time is 314.371766
The total for diameter is 13.0
The total for total_size_of_truss is 3276.0
The total for total_unbalance_num is 0.0
The total for total_percentage is 1.9130428000000004
The total for total_density is 7.907476000000001
===============================
The average for Attempt is 1
The average for query_data_No is 495.0
The average for time is 3.1437176599999996
The average for diameter is 1.3
The average for total_size_of_truss is 327.6
The average for total_unbalance_num is 0.0
The average for total_percentage is 0.19130428000000005
The average for total_density is 0.7907476000000001
The total for Attempt is 8
The total for query_data_No is 4950.0
The total for time is 5.004959000000001
The total for diameter is 8.0
The total for total_size_of_truss is 1022.0
The total for total_unbalance_num is 0.0
The total for total_percentage is 0.9192549000000001
The total for total_density is 6.398014
===============================
The average for Attempt is 1
The average for query_data_No is 618.75
The average for time is 0.05004959000000001
The average for diameter is 1.0
The average for total_size_of_truss is 127.75
The average for total_unbalance_num is 0.0
The average for total_percentage is 0.11490686250000001
The average for total_density is 0.79975175
The total for Attempt is 8
The total for query_data_No is 4950.0
The total for time is 53.584540000000004
The total for diameter is 8.0
The total for total_size_of_truss is 1040.0
The total for total_unbalance_num is 0.0
The total for total_percentage is 0.9316770000000001
The total for total_density is 6.334125
===============================
The average for Attempt is 1
The average for query_data_No is 618.75
The average for time is 0.5358454
The average for diameter is 1.0
The average for total_size_of_truss is 130.0
The average for total_unbalance_num is 0.0
The average for total_percentage is 0.11645962500000001
The average for total_density is 0.791765625
The total for Attempt is 8
The total for query_data_No is 4950.0
The total for time is 155.92538
The total for diameter is 8.0
The total for total_size_of_truss is 232.0
The total for total_unbalance_num is 0.0
The total for total_percentage is 0.4037264
The total for total_density is 8.0
===============================
The average for Attempt is 1
The average for query_data_No is 618.75
The average for time is 1.5592537999999998
The average for diameter is 1.0
The average for total_size_of_truss is 29.0
The average for total_unbalance_num is 0.0
The average for total_percentage is 0.0504658
The average for total_density is 1.0
The total for Attempt is 7
The total for query_data_No is 4950.0
The total for time is 6.445932999999998
The total for diameter is 8.0
The total for total_size_of_truss is 750.0
The total for total_unbalance_num is 0.0
The total for total_percentage is 0.7515534
The total for total_density is 5.924403
===============================
The average for Attempt is 1
The average for query_data_No is 707.1428571428571
The average for time is 0.06445932999999998
The average for diameter is 1.1428571428571428
The average for total_size_of_truss is 107.14285714285714
The average for total_unbalance_num is 0.0
The average for total_percentage is 0.10736477142857144
The average for total_density is 0.8463432857142857
The total for Attempt is 7
The total for query_data_No is 4950.0
The total for time is 44.996216999999994
The total for diameter is 8.0
The total for total_size_of_truss is 750.0
The total for total_unbalance_num is 0.0
The total for total_percentage is 0.7515534
The total for total_density is 5.924403
===============================
The average for Attempt is 1
The average for query_data_No is 707.1428571428571
The average for time is 0.44996216999999994
The average for diameter is 1.1428571428571428
The average for total_size_of_truss is 107.14285714285714
The average for total_unbalance_num is 0.0
The average for total_percentage is 0.10736477142857144
The average for total_density is 0.8463432857142857
The total for Attempt is 7
The total for query_data_No is 4950.0
The total for time is 245.81798600000025
The total for diameter is 8.0
The total for total_size_of_truss is 392.0
The total for total_unbalance_num is 0.0
The total for total_percentage is 0.5155278
The total for total_density is 6.3920449999999995
===============================
The average for Attempt is 1
The average for query_data_No is 707.1428571428571
The average for time is 2.4581798600000027
The average for diameter is 1.1428571428571428
The average for total_size_of_truss is 56.0
The average for total_unbalance_num is 0.0
The average for total_percentage is 0.07364682857142857
The average for total_density is 0.9131492857142857
The total for Attempt is 8
The total for query_data_No is 4950.0
The total for time is 5.3768020000000005
The total for diameter is 10.0
The total for total_size_of_truss is 2456.0
The total for total_unbalance_num is 0.0
The total for total_percentage is 1.6645971000000002
The total for total_density is 5.3154770000000005
===============================
The average for Attempt is 1
The average for query_data_No is 618.75
The average for time is 0.05376802000000001
The average for diameter is 1.25
The average for total_size_of_truss is 307.0
The average for total_unbalance_num is 0.0
The average for total_percentage is 0.20807463750000002
The average for total_density is 0.6644346250000001
The total for Attempt is 8
The total for query_data_No is 4950.0
The total for time is 110.116079
The total for diameter is 10.0
The total for total_size_of_truss is 2487.0
The total for total_unbalance_num is 0.0
The total for total_percentage is 1.708075
The total for total_density is 5.136814
===============================
The average for Attempt is 1
The average for query_data_No is 618.75
The average for time is 1.10116079
The average for diameter is 1.25
The average for total_size_of_truss is 310.875
The average for total_unbalance_num is 0.0
The average for total_percentage is 0.213509375
The average for total_density is 0.64210175
The total for Attempt is 8
The total for query_data_No is 4950.0
The total for time is 257.517693
The total for diameter is 10.0
The total for total_size_of_truss is 1511.0
The total for total_unbalance_num is 0.0
The total for total_percentage is 1.0807448000000002
The total for total_density is 6.639671
===============================
The average for Attempt is 1
The average for query_data_No is 618.75
The average for time is 2.57517693
The average for diameter is 1.25
The average for total_size_of_truss is 188.875
The average for total_unbalance_num is 0.0
The average for total_percentage is 0.13509310000000002
The average for total_density is 0.829958875
The total for Attempt is 13
The total for query_data_No is 4950.0
The total for time is 6.6371
The total for diameter is 14.0
The total for total_size_of_truss is 2727.0
The total for total_unbalance_num is 0.0
The total for total_percentage is 2.8508788999999997
The total for total_density is 9.286784
===============================
The average for Attempt is 1
The average for query_data_No is 380.7692307692308
The average for time is 0.066371
The average for diameter is 1.0769230769230769
The average for total_size_of_truss is 209.76923076923077
The average for total_unbalance_num is 0.0
The average for total_percentage is 0.2192983769230769
The average for total_density is 0.7143680000000001
The total for Attempt is 13
The total for query_data_No is 4950.0
The total for time is 55.19961499999999
The total for diameter is 14.0
The total for total_size_of_truss is 2782.0
The total for total_unbalance_num is 0.0
The total for total_percentage is 2.8947386999999996
The total for total_density is 9.208522
===============================
The average for Attempt is 1
The average for query_data_No is 380.7692307692308
The average for time is 0.5519961499999999
The average for diameter is 1.0769230769230769
The average for total_size_of_truss is 214.0
The average for total_unbalance_num is 0.0
The average for total_percentage is 0.22267220769230767
The average for total_density is 0.7083478461538462
The total for Attempt is 13
The total for query_data_No is 4950.0
The total for time is 306.0728580000002
The total for diameter is 17.0
The total for total_size_of_truss is 3417.0
The total for total_unbalance_num is 0.0
The total for total_percentage is 2.9999985000000002
The total for total_density is 10.482692
===============================
The average for Attempt is 1
The average for query_data_No is 380.7692307692308
The average for time is 3.0607285800000024
The average for diameter is 1.3076923076923077
The average for total_size_of_truss is 262.84615384615387
The average for total_unbalance_num is 0.0
The average for total_percentage is 0.2307691153846154
The average for total_density is 0.8063609230769231
The total for Attempt is 7
The total for query_data_No is 4950.0
The total for time is 5.5331589999999995
The total for diameter is 10.0
The total for total_size_of_truss is 2007.0
The total for total_unbalance_num is 0.0
The total for total_percentage is 1.8859643
The total for total_density is 4.734983000000001
===============================
The average for Attempt is 1
The average for query_data_No is 707.1428571428571
The average for time is 0.05533158999999999
The average for diameter is 1.4285714285714286
The average for total_size_of_truss is 286.7142857142857
The average for total_unbalance_num is 0.0
The average for total_percentage is 0.2694234714285714
The average for total_density is 0.676426142857143
The total for Attempt is 7
The total for query_data_No is 4950.0
The total for time is 36.763293
The total for diameter is 10.0
The total for total_size_of_truss is 2007.0
The total for total_unbalance_num is 0.0
The total for total_percentage is 1.8859643
The total for total_density is 4.734983000000001
===============================
The average for Attempt is 1
The average for query_data_No is 707.1428571428571
The average for time is 0.36763292999999997
The average for diameter is 1.4285714285714286
The average for total_size_of_truss is 286.7142857142857
The average for total_unbalance_num is 0.0
The average for total_percentage is 0.2694234714285714
The average for total_density is 0.676426142857143
The total for Attempt is 7
The total for query_data_No is 4950.0
The total for time is 174.82862799999992
The total for diameter is 10.0
The total for total_size_of_truss is 1687.0
The total for total_unbalance_num is 0.0
The total for total_percentage is 1.6052625
The total for total_density is 5.252662
===============================
The average for Attempt is 1
The average for query_data_No is 707.1428571428571
The average for time is 1.7482862799999992
The average for diameter is 1.4285714285714286
The average for total_size_of_truss is 241.0
The average for total_unbalance_num is 0.0
The average for total_percentage is 0.22932321428571428
The average for total_density is 0.7503802857142857
The total for Attempt is 4
The total for query_data_No is 4950.0
The total for time is 3.998757
The total for diameter is 5.0
The total for total_size_of_truss is 1632.0
The total for total_unbalance_num is 0.0
The total for total_percentage is 1.438597
The total for total_density is 2.1752649999999996
===============================
The average for Attempt is 1
The average for query_data_No is 1237.5
The average for time is 0.03998757
The average for diameter is 1.25
The average for total_size_of_truss is 408.0
The average for total_unbalance_num is 0.0
The average for total_percentage is 0.35964925
The average for total_density is 0.5438162499999999
The total for Attempt is 4
The total for query_data_No is 4950.0
The total for time is 27.276942999999996
The total for diameter is 5.0
The total for total_size_of_truss is 1632.0
The total for total_unbalance_num is 0.0
The total for total_percentage is 1.438597
The total for total_density is 2.1752649999999996
===============================
The average for Attempt is 1
The average for query_data_No is 1237.5
The average for time is 0.27276943
The average for diameter is 1.25
The average for total_size_of_truss is 408.0
The average for total_unbalance_num is 0.0
The average for total_percentage is 0.35964925
The average for total_density is 0.5438162499999999
The total for Attempt is 4
The total for query_data_No is 4950.0
The total for time is 140.96990100000002
The total for diameter is 6.0
The total for total_size_of_truss is 1614.0
The total for total_unbalance_num is 0.0
The total for total_percentage is 1.2982448
The total for total_density is 2.741346
===============================
The average for Attempt is 1
The average for query_data_No is 1237.5
The average for time is 1.4096990100000002
The average for diameter is 1.5
The average for total_size_of_truss is 403.5
The average for total_unbalance_num is 0.0
The average for total_percentage is 0.3245612
The average for total_density is 0.6853365
The total for Attempt is 2
The total for query_data_No is 4950.0
The total for time is 1.747432
The total for diameter is 3.0
The total for total_size_of_truss is 1051.0
The total for total_unbalance_num is 0.0
The total for total_percentage is 0.850877
The total for total_density is 1.113644
===============================
The average for Attempt is 1
The average for query_data_No is 2475.0
The average for time is 0.01747432
The average for diameter is 1.5
The average for total_size_of_truss is 525.5
The average for total_unbalance_num is 0.0
The average for total_percentage is 0.4254385
The average for total_density is 0.556822
The total for Attempt is 2
The total for query_data_No is 4950.0
The total for time is 4.178374000000002
The total for diameter is 3.0
The total for total_size_of_truss is 1051.0
The total for total_unbalance_num is 0.0
The total for total_percentage is 0.850877
The total for total_density is 1.113644
===============================
The average for Attempt is 1
The average for query_data_No is 2475.0
The average for time is 0.041783740000000014
The average for diameter is 1.5
The average for total_size_of_truss is 525.5
The average for total_unbalance_num is 0.0
The average for total_percentage is 0.4254385
The average for total_density is 0.556822
The total for Attempt is 2
The total for query_data_No is 4950.0
The total for time is 35.95729800000001
The total for diameter is 3.0
The total for total_size_of_truss is 816.0
The total for total_unbalance_num is 0.0
The total for total_percentage is 0.6578942999999999
The total for total_density is 1.370673
===============================
The average for Attempt is 1
The average for query_data_No is 2475.0
The average for time is 0.3595729800000001
The average for diameter is 1.5
The average for total_size_of_truss is 408.0
The average for total_unbalance_num is 0.0
The average for total_percentage is 0.32894714999999997
The average for total_density is 0.6853365
The total for Attempt is 3
The total for query_data_No is 4950.0
The total for time is 3.441184999999999
The total for diameter is 4.0
The total for total_size_of_truss is 1238.0
The total for total_unbalance_num is 0.0
The total for total_percentage is 1.0614029999999999
The total for total_density is 1.790759
===============================
The average for Attempt is 1
The average for query_data_No is 1650.0
The average for time is 0.034411849999999994
The average for diameter is 1.3333333333333333
The average for total_size_of_truss is 412.6666666666667
The average for total_unbalance_num is 0.0
The average for total_percentage is 0.353801
The average for total_density is 0.5969196666666666
The total for Attempt is 3
The total for query_data_No is 4950.0
The total for time is 28.634165
The total for diameter is 4.0
The total for total_size_of_truss is 1238.0
The total for total_unbalance_num is 0.0
The total for total_percentage is 1.0614029999999999
The total for total_density is 1.790759
===============================
The average for Attempt is 1
The average for query_data_No is 1650.0
The average for time is 0.28634165
The average for diameter is 1.3333333333333333
The average for total_size_of_truss is 412.6666666666667
The average for total_unbalance_num is 0.0
The average for total_percentage is 0.353801
The average for total_density is 0.5969196666666666
The total for Attempt is 4
The total for query_data_No is 4950.0
The total for time is 237.580646
The total for diameter is 8.0
The total for total_size_of_truss is 2577.0
The total for total_unbalance_num is 0.0
The total for total_percentage is 2.0438582999999997
The total for total_density is 1.972763
===============================
The average for Attempt is 1
The average for query_data_No is 1237.5
The average for time is 2.37580646
The average for diameter is 2.0
The average for total_size_of_truss is 644.25
The average for total_unbalance_num is 0.0
The average for total_percentage is 0.5109645749999999
The average for total_density is 0.49319075
The total for Attempt is 10
The total for query_data_No is 4950.0
The total for time is 8.251408
The total for diameter is 15.0
The total for total_size_of_truss is 3166.0
The total for total_unbalance_num is 0.0
The total for total_percentage is 4.2068970000000006
The total for total_density is 5.8661059999999985
===============================
The average for Attempt is 1
The average for query_data_No is 495.0
The average for time is 0.08251407999999999
The average for diameter is 1.5
The average for total_size_of_truss is 316.6
The average for total_unbalance_num is 0.0
The average for total_percentage is 0.42068970000000006
The average for total_density is 0.5866105999999999
The total for Attempt is 10
The total for query_data_No is 4950.0
The total for time is 110.57646999999999
The total for diameter is 15.0
The total for total_size_of_truss is 3207.0
The total for total_unbalance_num is 0.0
The total for total_percentage is 4.252874
The total for total_density is 5.767487999999999
===============================
The average for Attempt is 1
The average for query_data_No is 495.0
The average for time is 1.1057647
The average for diameter is 1.5
The average for total_size_of_truss is 320.7
The average for total_unbalance_num is 0.0
The average for total_percentage is 0.42528740000000004
The average for total_density is 0.5767488
The total for Attempt is 9
The total for query_data_No is 4950.0
The total for time is 751.3403020000002
The total for diameter is 16.0
The total for total_size_of_truss is 2291.0
The total for total_unbalance_num is 0.0
The total for total_percentage is 2.977012
The total for total_density is 6.1120920000000005
===============================
The average for Attempt is 1
The average for query_data_No is 550.0
The average for time is 7.513403020000002
The average for diameter is 1.7777777777777777
The average for total_size_of_truss is 254.55555555555554
The average for total_unbalance_num is 0.0
The average for total_percentage is 0.33077911111111113
The average for total_density is 0.6791213333333334
The total for Attempt is 6
The total for query_data_No is 4950.0
The total for time is 4.020275000000001
The total for diameter is 11.0
The total for total_size_of_truss is 2672.0
The total for total_unbalance_num is 0.0
The total for total_percentage is 3.3908050000000003
The total for total_density is 2.641878
===============================
The average for Attempt is 1
The average for query_data_No is 825.0
The average for time is 0.04020275000000001
The average for diameter is 1.8333333333333333
The average for total_size_of_truss is 445.3333333333333
The average for total_unbalance_num is 0.0
The average for total_percentage is 0.5651341666666667
The average for total_density is 0.440313
The total for Attempt is 6
The total for query_data_No is 4950.0
The total for time is 42.908716999999996
The total for diameter is 10.0
The total for total_size_of_truss is 2194.0
The total for total_unbalance_num is 0.0
The total for total_percentage is 2.850575
The total for total_density is 3.2166400000000004
===============================
The average for Attempt is 1
The average for query_data_No is 825.0
The average for time is 0.42908716999999996
The average for diameter is 1.6666666666666667
The average for total_size_of_truss is 365.6666666666667
The average for total_unbalance_num is 0.0
The average for total_percentage is 0.47509583333333333
The average for total_density is 0.5361066666666667
The total for Attempt is 6
The total for query_data_No is 4950.0
The total for time is 302.812968
The total for diameter is 12.0
The total for total_size_of_truss is 2074.0
The total for total_unbalance_num is 0.0
The total for total_percentage is 2.471264
The total for total_density is 3.6244690000000004
===============================
The average for Attempt is 1
The average for query_data_No is 825.0
The average for time is 3.02812968
The average for diameter is 2.0
The average for total_size_of_truss is 345.6666666666667
The average for total_unbalance_num is 0.0
The average for total_percentage is 0.4118773333333334
The average for total_density is 0.6040781666666667
The total for Attempt is 4
The total for query_data_No is 4950.0
The total for time is 2.6793459999999993
The total for diameter is 6.0
The total for total_size_of_truss is 1326.0
The total for total_unbalance_num is 0.0
The total for total_percentage is 1.770114
The total for total_density is 2.2602070000000003
===============================
The average for Attempt is 1
The average for query_data_No is 1237.5
The average for time is 0.026793459999999995
The average for diameter is 1.5
The average for total_size_of_truss is 331.5
The average for total_unbalance_num is 0.0
The average for total_percentage is 0.4425285
The average for total_density is 0.5650517500000001
The total for Attempt is 4
The total for query_data_No is 4950.0
The total for time is 32.15146299999999
The total for diameter is 6.0
The total for total_size_of_truss is 1325.0
The total for total_unbalance_num is 0.0
The total for total_percentage is 1.770114
The total for total_density is 2.256873
===============================
The average for Attempt is 1
The average for query_data_No is 1237.5
The average for time is 0.3215146299999999
The average for diameter is 1.5
The average for total_size_of_truss is 331.25
The average for total_unbalance_num is 0.0
The average for total_percentage is 0.4425285
The average for total_density is 0.56421825
The total for Attempt is 4
The total for query_data_No is 4950.0
The total for time is 217.94999299999992
The total for diameter is 7.0
The total for total_size_of_truss is 1140.0
The total for total_unbalance_num is 0.0
The total for total_percentage is 1.356322
The total for total_density is 2.7380950000000004
===============================
The average for Attempt is 1
The average for query_data_No is 1237.5
The average for time is 2.179499929999999
The average for diameter is 1.75
The average for total_size_of_truss is 285.0
The average for total_unbalance_num is 0.0
The average for total_percentage is 0.3390805
The average for total_density is 0.6845237500000001
The total for Attempt is 1
The total for query_data_No is 4950.0
The total for time is 1.1744559999999997
The total for diameter is 1.0
The total for total_size_of_truss is 91.0
The total for total_unbalance_num is 0.0
The total for total_percentage is 0.172414
The total for total_density is 0.866667
===============================
The average for Attempt is 1
The average for query_data_No is 4950.0
The average for time is 0.011744559999999998
The average for diameter is 1.0
The average for total_size_of_truss is 91.0
The average for total_unbalance_num is 0.0
The average for total_percentage is 0.172414
The average for total_density is 0.866667
The total for Attempt is 1
The total for query_data_No is 4950.0
The total for time is 1.206403
The total for diameter is 1.0
The total for total_size_of_truss is 91.0
The total for total_unbalance_num is 0.0
The total for total_percentage is 0.172414
The total for total_density is 0.866667
===============================
The average for Attempt is 1
The average for query_data_No is 4950.0
The average for time is 0.012064029999999998
The average for diameter is 1.0
The average for total_size_of_truss is 91.0
The average for total_unbalance_num is 0.0
The average for total_percentage is 0.172414
The average for total_density is 0.866667
The total for Attempt is 1
The total for query_data_No is 4950.0
The total for time is 1.7920500000000004
The total for diameter is 1.0
The total for total_size_of_truss is 45.0
The total for total_unbalance_num is 0.0
The total for total_percentage is 0.114943
The total for total_density is 1.0
===============================
The average for Attempt is 1
The average for query_data_No is 4950.0
The average for time is 0.017920500000000002
The average for diameter is 1.0
The average for total_size_of_truss is 45.0
The average for total_unbalance_num is 0.0
The average for total_percentage is 0.114943
The average for total_density is 1.0
The total for Attempt is 2
The total for query_data_No is 4950.0
The total for time is 2.9366790000000007
The total for diameter is 2.0
The total for total_size_of_truss is 175.0
The total for total_unbalance_num is 0.0
The total for total_percentage is 0.333334
The total for total_density is 1.786813
===============================
The average for Attempt is 1
The average for query_data_No is 2475.0
The average for time is 0.029366790000000007
The average for diameter is 1.0
The average for total_size_of_truss is 87.5
The average for total_unbalance_num is 0.0
The average for total_percentage is 0.166667
The average for total_density is 0.8934065
The total for Attempt is 2
The total for query_data_No is 4950.0
The total for time is 24.564891
The total for diameter is 2.0
The total for total_size_of_truss is 175.0
The total for total_unbalance_num is 0.0
The total for total_percentage is 0.333334
The total for total_density is 1.786813
===============================
The average for Attempt is 1
The average for query_data_No is 2475.0
The average for time is 0.24564891
The average for diameter is 1.0
The average for total_size_of_truss is 87.5
The average for total_unbalance_num is 0.0
The average for total_percentage is 0.166667
The average for total_density is 0.8934065
The total for Attempt is 2
The total for query_data_No is 4950.0
The total for time is 161.68725399999994
The total for diameter is 3.0
The total for total_size_of_truss is 410.0
The total for total_unbalance_num is 0.0
The total for total_percentage is 0.528736
The total for total_density is 1.5793650000000001
===============================
The average for Attempt is 1
The average for query_data_No is 2475.0
The average for time is 1.6168725399999995
The average for diameter is 1.5
The average for total_size_of_truss is 205.0
The average for total_unbalance_num is 0.0
The average for total_percentage is 0.264368
The average for total_density is 0.7896825000000001
The total for Attempt is 5
The total for query_data_No is 4950.0
The total for time is 3.5633610000000004
The total for diameter is 9.0
The total for total_size_of_truss is 1196.0
The total for total_unbalance_num is 0.0
The total for total_percentage is 4.551722
The total for total_density is 3.568439
===============================
The average for Attempt is 1
The average for query_data_No is 990.0
The average for time is 0.03563361
The average for diameter is 1.8
The average for total_size_of_truss is 239.2
The average for total_unbalance_num is 0.0
The average for total_percentage is 0.9103443999999999
The average for total_density is 0.7136878
The total for Attempt is 5
The total for query_data_No is 4950.0
The total for time is 23.674841999999998
The total for diameter is 10.0
The total for total_size_of_truss is 1255.0
The total for total_unbalance_num is 0.0
The total for total_percentage is 4.65517
The total for total_density is 3.5755
===============================
The average for Attempt is 1
The average for query_data_No is 990.0
The average for time is 0.23674842
The average for diameter is 2.0
The average for total_size_of_truss is 251.0
The average for total_unbalance_num is 0.0
The average for total_percentage is 0.931034
The average for total_density is 0.7151
The total for Attempt is 5
The total for query_data_No is 4950.0
The total for time is 86.20380299999998
The total for diameter is 10.0
The total for total_size_of_truss is 1190.0
The total for total_unbalance_num is 0.0
The total for total_percentage is 4.48276
The total for total_density is 3.6615399999999996
===============================
The average for Attempt is 1
The average for query_data_No is 990.0
The average for time is 0.8620380299999998
The average for diameter is 2.0
The average for total_size_of_truss is 238.0
The average for total_unbalance_num is 0.0
The average for total_percentage is 0.896552
The average for total_density is 0.732308
The total for Attempt is 2
The total for query_data_No is 4950.0
The total for time is 2.0671100000000004
The total for diameter is 4.0
The total for total_size_of_truss is 494.0
The total for total_unbalance_num is 0.0
The total for total_percentage is 1.862068
The total for total_density is 1.407408
===============================
The average for Attempt is 1
The average for query_data_No is 2475.0
The average for time is 0.020671100000000005
The average for diameter is 2.0
The average for total_size_of_truss is 247.0
The average for total_unbalance_num is 0.0
The average for total_percentage is 0.931034
The average for total_density is 0.703704
The total for Attempt is 2
The total for query_data_No is 4950.0
The total for time is 8.872660999999999
The total for diameter is 4.0
The total for total_size_of_truss is 502.0
The total for total_unbalance_num is 0.0
The total for total_percentage is 1.862068
The total for total_density is 1.4302
===============================
The average for Attempt is 1
The average for query_data_No is 2475.0
The average for time is 0.08872660999999998
The average for diameter is 2.0
The average for total_size_of_truss is 251.0
The average for total_unbalance_num is 0.0
The average for total_percentage is 0.931034
The average for total_density is 0.7151
The total for Attempt is 2
The total for query_data_No is 4950.0
The total for time is 33.23450799999999
The total for diameter is 4.0
The total for total_size_of_truss is 476.0
The total for total_unbalance_num is 0.0
The total for total_percentage is 1.793104
The total for total_density is 1.464616
===============================
The average for Attempt is 1
The average for query_data_No is 2475.0
The average for time is 0.3323450799999999
The average for diameter is 2.0
The average for total_size_of_truss is 238.0
The average for total_unbalance_num is 0.0
The average for total_percentage is 0.896552
The average for total_density is 0.732308
The total for Attempt is 3
The total for query_data_No is 4950.0
The total for time is 2.300746
The total for diameter is 5.0
The total for total_size_of_truss is 648.0
The total for total_unbalance_num is 0.0
The total for total_percentage is 2.551723
The total for total_density is 2.217934
===============================
The average for Attempt is 1
The average for query_data_No is 1650.0
The average for time is 0.02300746
The average for diameter is 1.6666666666666667
The average for total_size_of_truss is 216.0
The average for total_unbalance_num is 0.0
The average for total_percentage is 0.8505743333333333
The average for total_density is 0.7393113333333333
The total for Attempt is 3
The total for query_data_No is 4950.0
The total for time is 12.692718
The total for diameter is 5.0
The total for total_size_of_truss is 732.0
The total for total_unbalance_num is 0.0
The total for total_percentage is 2.75862
The total for total_density is 2.137892
===============================
The average for Attempt is 1
The average for query_data_No is 1650.0
The average for time is 0.12692718
The average for diameter is 1.6666666666666667
The average for total_size_of_truss is 244.0
The average for total_unbalance_num is 0.0
The average for total_percentage is 0.91954
The average for total_density is 0.7126306666666666
The total for Attempt is 3
The total for query_data_No is 4950.0
The total for time is 48.651677999999976
The total for diameter is 6.0
The total for total_size_of_truss is 714.0
The total for total_unbalance_num is 0.0
The total for total_percentage is 2.6896560000000003
The total for total_density is 2.196924
===============================
The average for Attempt is 1
The average for query_data_No is 1650.0
The average for time is 0.48651677999999976
The average for diameter is 2.0
The average for total_size_of_truss is 238.0
The average for total_unbalance_num is 0.0
The average for total_percentage is 0.8965520000000001
The average for total_density is 0.7323080000000001
No attempts found, cannot compute averages
No attempts found, cannot compute averages
No attempts found, cannot compute averages
The total for Attempt is 1
The total for query_data_No is 4950.0
The total for time is 1.5061669999999991
The total for diameter is 2.0
The total for total_size_of_truss is 247.0
The total for total_unbalance_num is 0.0
The total for total_percentage is 0.931034
The total for total_density is 0.703704
===============================
The average for Attempt is 1
The average for query_data_No is 4950.0
The average for time is 0.015061669999999992
The average for diameter is 2.0
The average for total_size_of_truss is 247.0
The average for total_unbalance_num is 0.0
The average for total_percentage is 0.931034
The average for total_density is 0.703704
The total for Attempt is 1
The total for query_data_No is 4950.0
The total for time is 4.877028999999998
The total for diameter is 2.0
The total for total_size_of_truss is 251.0
The total for total_unbalance_num is 0.0
The total for total_percentage is 0.931034
The total for total_density is 0.7151
===============================
The average for Attempt is 1
The average for query_data_No is 4950.0
The average for time is 0.04877028999999997
The average for diameter is 2.0
The average for total_size_of_truss is 251.0
The average for total_unbalance_num is 0.0
The average for total_percentage is 0.931034
The average for total_density is 0.7151
The total for Attempt is 1
The total for query_data_No is 4950.0
The total for time is 14.617063999999994
The total for diameter is 2.0
The total for total_size_of_truss is 238.0
The total for total_unbalance_num is 0.0
The total for total_percentage is 0.896552
The total for total_density is 0.732308
===============================
The average for Attempt is 1
The average for query_data_No is 4950.0
The average for time is 0.14617063999999994
The average for diameter is 2.0
The average for total_size_of_truss is 238.0
The average for total_unbalance_num is 0.0
The average for total_percentage is 0.896552
The average for total_density is 0.732308
No attempts found, cannot compute averages
No attempts found, cannot compute averages
No attempts found, cannot compute averages
No attempts found, cannot compute averages
No attempts found, cannot compute averages
No attempts found, cannot compute averages
No attempts found, cannot compute averages
No attempts found, cannot compute averages
No attempts found, cannot compute averages
No attempts found, cannot compute averages
No attempts found, cannot compute averages
No attempts found, cannot compute averages
No attempts found, cannot compute averages
No attempts found, cannot compute averages
No attempts found, cannot compute averages
No attempts found, cannot compute averages
No attempts found, cannot compute averages
No attempts found, cannot compute averages
No attempts found, cannot compute averages
No attempts found, cannot compute averages
No attempts found, cannot compute averages
No attempts found, cannot compute averages
No attempts found, cannot compute averages
No attempts found, cannot compute averages
No attempts found, cannot compute averages
No attempts found, cannot compute averages
No attempts found, cannot compute averages
No attempts found, cannot compute averages
No attempts found, cannot compute averages
No attempts found, cannot compute averages
No attempts found, cannot compute averages
No attempts found, cannot compute averages
No attempts found, cannot compute averages
No attempts found, cannot compute averages
No attempts found, cannot compute averages
No attempts found, cannot compute averages
No attempts found, cannot compute averages
No attempts found, cannot compute averages
No attempts found, cannot compute averages
No attempts found, cannot compute averages
No attempts found, cannot compute averages
No attempts found, cannot compute averages
No attempts found, cannot compute averages
No attempts found, cannot compute averages
No attempts found, cannot compute averages
No attempts found, cannot compute averages
No attempts found, cannot compute averages
No attempts found, cannot compute averages
No attempts found, cannot compute averages
No attempts found, cannot compute averages
No attempts found, cannot compute averages
No attempts found, cannot compute averages
No attempts found, cannot compute averages
No attempts found, cannot compute averages
No attempts found, cannot compute averages
No attempts found, cannot compute averages
No attempts found, cannot compute averages
No attempts found, cannot compute averages
No attempts found, cannot compute averages
No attempts found, cannot compute averages
